
**** Build of configuration Debug for project BOOSTXL-EDUMKII_LightSensor_MSP432P401R ****

/Applications/ti/ccsv6/utils/bin/gmake -k all 
Building file: ../HAL_I2C.c
Invoking: MSP432 Compiler
"/Applications/ti/ccsv6/tools/compiler/ti-cgt-arm_5.2.6/bin/armcl" -mv7M4 --code_state=16 --float_support=FPv4SPD16 --abi=eabi -me --include_path="/Applications/ti/ccsv6/ccs_base/arm/include" --include_path="/Applications/ti/ccsv6/ccs_base/arm/include/CMSIS" --include_path="/Users/marybiggs/Desktop/ECE461/BOOSTXL-EDUMKII_LightSensor_MSP432P401R" --include_path="/Users/marybiggs/Desktop/ECE461/BOOSTXL-EDUMKII_LightSensor_MSP432P401R/driverlib/MSP432P4xx" --include_path="/Users/marybiggs/Desktop/ECE461/BOOSTXL-EDUMKII_LightSensor_MSP432P401R/GrLib/grlib" --include_path="/Users/marybiggs/Desktop/ECE461/BOOSTXL-EDUMKII_LightSensor_MSP432P401R/GrLib/fonts" --include_path="/Users/marybiggs/Desktop/ECE461/BOOSTXL-EDUMKII_LightSensor_MSP432P401R/LcdDriver" --include_path="/Applications/ti/ccsv6/tools/compiler/ti-cgt-arm_5.2.6/include" --advice:power=all -g --gcc --define=__MSP432P401R__ --define=TARGET_IS_MSP432P4XX --define=ccs --display_error_number --diag_warning=225 --diag_wrap=off --preproc_with_compile --preproc_dependency="HAL_I2C.pp"  "../HAL_I2C.c"
"/Applications/ti/ccsv6/ccs_base/arm/include/msp432p401r.h", line 69: warning #1181-D: #warning directive: "MSP432 software will be updated to use CMSIS-Core in March 2016. This update will allow your MSP432 software to be CMSIS compliant, but require modification to your existing MSP432 code. A beta release is available if you want to start converting your code today. Refer to http://www.ti.com/MSP432CMSIS for detailed changes, conversion guide and background information."
"../HAL_I2C.c", line 45: error #20: identifier "EUSCI_B_CTLW0_SSEL__SMCLK" is undefined
"../HAL_I2C.c", line 49: error #20: identifier "EUSCI_B_CTLW1_ASTP_0" is undefined
"../HAL_I2C.c", line 101: error #20: identifier "EUSCI_B_CTLW0_TR" is undefined
"../HAL_I2C.c", line 105: error #20: identifier "EUSCI_B_IE_TXIE0" is undefined
"../HAL_I2C.c", line 122: error #20: identifier "EUSCI_B_IE_STPIE" is undefined
"../HAL_I2C.c", line 133: error #20: identifier "EUSCI_B_IE_RXIE0" is undefined
"../HAL_I2C.c", line 108: remark #1527-D: (ULP 2.1) Detected SW delay loop using empty loop. Recommend using a timer module instead
"../HAL_I2C.c", line 114: remark #1527-D: (ULP 2.1) Detected SW delay loop using empty loop. Recommend using a timer module instead
"../HAL_I2C.c", line 121: remark #1527-D: (ULP 2.1) Detected SW delay loop using empty loop. Recommend using a timer module instead
"../HAL_I2C.c", line 132: remark #1527-D: (ULP 2.1) Detected SW delay loop using empty loop. Recommend using a timer module instead
"../HAL_I2C.c", line 163: error #20: identifier "EUSCI_B_CTLW0_TR" is undefined
"../HAL_I2C.c", line 167: error #20: identifier "EUSCI_B_IE_TXIE0" is undefined
"../HAL_I2C.c", line 170: remark #1527-D: (ULP 2.1) Detected SW delay loop using empty loop. Recommend using a timer module instead
"../HAL_I2C.c", line 194: error #20: identifier "EUSCI_B_IE_TXIE0" is undefined
"../HAL_I2C.c", line 194: error #20: identifier "EUSCI_B_IE_RXIE0" is undefined
10 errors detected in the compilation of "../HAL_I2C.c".

>> Compilation failure
subdir_rules.mk:7: recipe for target 'HAL_I2C.obj' failed
gmake: *** [HAL_I2C.obj] Error 1
Building file: ../HAL_OPT3001.c
Invoking: MSP432 Compiler
"/Applications/ti/ccsv6/tools/compiler/ti-cgt-arm_5.2.6/bin/armcl" -mv7M4 --code_state=16 --float_support=FPv4SPD16 --abi=eabi -me --include_path="/Applications/ti/ccsv6/ccs_base/arm/include" --include_path="/Applications/ti/ccsv6/ccs_base/arm/include/CMSIS" --include_path="/Users/marybiggs/Desktop/ECE461/BOOSTXL-EDUMKII_LightSensor_MSP432P401R" --include_path="/Users/marybiggs/Desktop/ECE461/BOOSTXL-EDUMKII_LightSensor_MSP432P401R/driverlib/MSP432P4xx" --include_path="/Users/marybiggs/Desktop/ECE461/BOOSTXL-EDUMKII_LightSensor_MSP432P401R/GrLib/grlib" --include_path="/Users/marybiggs/Desktop/ECE461/BOOSTXL-EDUMKII_LightSensor_MSP432P401R/GrLib/fonts" --include_path="/Users/marybiggs/Desktop/ECE461/BOOSTXL-EDUMKII_LightSensor_MSP432P401R/LcdDriver" --include_path="/Applications/ti/ccsv6/tools/compiler/ti-cgt-arm_5.2.6/include" --advice:power=all -g --gcc --define=__MSP432P401R__ --define=TARGET_IS_MSP432P4XX --define=ccs --display_error_number --diag_warning=225 --diag_wrap=off --preproc_with_compile --preproc_dependency="HAL_OPT3001.pp"  "../HAL_OPT3001.c"
"/Applications/ti/ccsv6/ccs_base/arm/include/msp432p401r.h", line 69: warning #1181-D: #warning directive: "MSP432 software will be updated to use CMSIS-Core in March 2016. This update will allow your MSP432 software to be CMSIS compliant, but require modification to your existing MSP432 code. A beta release is available if you want to start converting your code today. Refer to http://www.ti.com/MSP432CMSIS for detailed changes, conversion guide and background information."
"../HAL_OPT3001.c", line 94: remark #2623-D: (ULP 5.4) Detected an assignment to a type with size less than int. To avoid unnecessary sign extension, use int-sized types for local varaibles and convert to smaller types for static storage.
"../HAL_OPT3001.c", line 98: remark #2623-D: (ULP 5.4) Detected an assignment to a type with size less than int. To avoid unnecessary sign extension, use int-sized types for local varaibles and convert to smaller types for static storage.
Finished building: ../HAL_OPT3001.c
 
Building file: ../main.c
Invoking: MSP432 Compiler
"/Applications/ti/ccsv6/tools/compiler/ti-cgt-arm_5.2.6/bin/armcl" -mv7M4 --code_state=16 --float_support=FPv4SPD16 --abi=eabi -me --include_path="/Applications/ti/ccsv6/ccs_base/arm/include" --include_path="/Applications/ti/ccsv6/ccs_base/arm/include/CMSIS" --include_path="/Users/marybiggs/Desktop/ECE461/BOOSTXL-EDUMKII_LightSensor_MSP432P401R" --include_path="/Users/marybiggs/Desktop/ECE461/BOOSTXL-EDUMKII_LightSensor_MSP432P401R/driverlib/MSP432P4xx" --include_path="/Users/marybiggs/Desktop/ECE461/BOOSTXL-EDUMKII_LightSensor_MSP432P401R/GrLib/grlib" --include_path="/Users/marybiggs/Desktop/ECE461/BOOSTXL-EDUMKII_LightSensor_MSP432P401R/GrLib/fonts" --include_path="/Users/marybiggs/Desktop/ECE461/BOOSTXL-EDUMKII_LightSensor_MSP432P401R/LcdDriver" --include_path="/Applications/ti/ccsv6/tools/compiler/ti-cgt-arm_5.2.6/include" --advice:power=all -g --gcc --define=__MSP432P401R__ --define=TARGET_IS_MSP432P4XX --define=ccs --display_error_number --diag_warning=225 --diag_wrap=off --preproc_with_compile --preproc_dependency="main.pp"  "../main.c"
"/Applications/ti/ccsv6/ccs_base/arm/include/msp432p401r.h", line 69: warning #1181-D: #warning directive: "MSP432 software will be updated to use CMSIS-Core in March 2016. This update will allow your MSP432 software to be CMSIS compliant, but require modification to your existing MSP432 code. A beta release is available if you want to start converting your code today. Refer to http://www.ti.com/MSP432CMSIS for detailed changes, conversion guide and background information."
"../main.c", line 66: error #20: identifier "TIMER_A_CTL_SSEL__ACLK" is undefined
"../main.c", line 71: error #20: identifier "TIMER_A_CTL_CLR" is undefined
"../main.c", line 79: error #20: identifier "TIMER_A_CCTLN_OUTMOD_6" is undefined
"../main.c", line 93: error #20: identifier "CS_CTL0_DCORSEL_5" is undefined
"../main.c", line 94: error #20: identifier "CS_CLKEN_MCLK_EN" is undefined
"../main.c", line 94: error #20: identifier "CS_CTL1_SELM_3" is undefined
"../main.c", line 94: error #20: identifier "CS_CTL1_DIVS_0" is undefined
"../main.c", line 95: error #20: identifier "CS_CLKEN_HSMCLK_EN" is undefined
"../main.c", line 96: error #20: identifier "CS_CLKEN_SMCLK_EN" is undefined
"../main.c", line 97: error #20: identifier "CS_CLKEN_ACLK_EN" is undefined
"../main.c", line 97: error #20: identifier "CS_CTL1_SELM_2" is undefined
"../main.c", line 124: error #20: identifier "TIMER_A_CTL_MC_1" is undefined
"../main.c", line 136: remark #1527-D: (ULP 2.1) Detected SW delay loop using __delay_cycles. Recommend using a timer module instead
"../main.c", line 144: remark #1532-D: (ULP 5.3) Detected sprintf() operation(s). Recommend moving them to RAM during run time or not using as these are processing/power intensive
"../main.c", line 152: remark #1532-D: (ULP 5.3) Detected sprintf() operation(s). Recommend moving them to RAM during run time or not using as these are processing/power intensive
12 errors detected in the compilation of "../main.c".

>> Compilation failure
subdir_rules.mk:21: recipe for target 'main.obj' failed
gmake: *** [main.obj] Error 1
Building file: ../msp432_startup_ccs.c
Invoking: MSP432 Compiler
"/Applications/ti/ccsv6/tools/compiler/ti-cgt-arm_5.2.6/bin/armcl" -mv7M4 --code_state=16 --float_support=FPv4SPD16 --abi=eabi -me --include_path="/Applications/ti/ccsv6/ccs_base/arm/include" --include_path="/Applications/ti/ccsv6/ccs_base/arm/include/CMSIS" --include_path="/Users/marybiggs/Desktop/ECE461/BOOSTXL-EDUMKII_LightSensor_MSP432P401R" --include_path="/Users/marybiggs/Desktop/ECE461/BOOSTXL-EDUMKII_LightSensor_MSP432P401R/driverlib/MSP432P4xx" --include_path="/Users/marybiggs/Desktop/ECE461/BOOSTXL-EDUMKII_LightSensor_MSP432P401R/GrLib/grlib" --include_path="/Users/marybiggs/Desktop/ECE461/BOOSTXL-EDUMKII_LightSensor_MSP432P401R/GrLib/fonts" --include_path="/Users/marybiggs/Desktop/ECE461/BOOSTXL-EDUMKII_LightSensor_MSP432P401R/LcdDriver" --include_path="/Applications/ti/ccsv6/tools/compiler/ti-cgt-arm_5.2.6/include" --advice:power=all -g --gcc --define=__MSP432P401R__ --define=TARGET_IS_MSP432P4XX --define=ccs --display_error_number --diag_warning=225 --diag_wrap=off --preproc_with_compile --preproc_dependency="msp432_startup_ccs.pp"  "../msp432_startup_ccs.c"
Finished building: ../msp432_startup_ccs.c
 
Building file: ../driverlib/MSP432P4xx/adc14.c
Invoking: MSP432 Compiler
"/Applications/ti/ccsv6/tools/compiler/ti-cgt-arm_5.2.6/bin/armcl" -mv7M4 --code_state=16 --float_support=FPv4SPD16 --abi=eabi -me --include_path="/Applications/ti/ccsv6/ccs_base/arm/include" --include_path="/Applications/ti/ccsv6/ccs_base/arm/include/CMSIS" --include_path="/Users/marybiggs/Desktop/ECE461/BOOSTXL-EDUMKII_LightSensor_MSP432P401R" --include_path="/Users/marybiggs/Desktop/ECE461/BOOSTXL-EDUMKII_LightSensor_MSP432P401R/driverlib/MSP432P4xx" --include_path="/Users/marybiggs/Desktop/ECE461/BOOSTXL-EDUMKII_LightSensor_MSP432P401R/GrLib/grlib" --include_path="/Users/marybiggs/Desktop/ECE461/BOOSTXL-EDUMKII_LightSensor_MSP432P401R/GrLib/fonts" --include_path="/Users/marybiggs/Desktop/ECE461/BOOSTXL-EDUMKII_LightSensor_MSP432P401R/LcdDriver" --include_path="/Applications/ti/ccsv6/tools/compiler/ti-cgt-arm_5.2.6/include" --advice:power=all -g --gcc --define=__MSP432P401R__ --define=TARGET_IS_MSP432P4XX --define=ccs --display_error_number --diag_warning=225 --diag_wrap=off --preproc_with_compile --preproc_dependency="driverlib/MSP432P4xx/adc14.pp" --obj_directory="driverlib/MSP432P4xx"  "../driverlib/MSP432P4xx/adc14.c"
"/Applications/ti/ccsv6/ccs_base/arm/include/msp432p401r.h", line 69: warning #1181-D: #warning directive: "MSP432 software will be updated to use CMSIS-Core in March 2016. This update will allow your MSP432 software to be CMSIS compliant, but require modification to your existing MSP432 code. A beta release is available if you want to start converting your code today. Refer to http://www.ti.com/MSP432CMSIS for detailed changes, conversion guide and background information."
"../driverlib/MSP432P4xx/adc14.c", line 48: error #137: struct "<unnamed>" has no field "MCTL"
"../driverlib/MSP432P4xx/adc14.c", line 48: error #137: struct "<unnamed>" has no field "MCTL"
"../driverlib/MSP432P4xx/adc14.c", line 48: error #137: struct "<unnamed>" has no field "MCTL"
"../driverlib/MSP432P4xx/adc14.c", line 48: error #137: struct "<unnamed>" has no field "MCTL"
"../driverlib/MSP432P4xx/adc14.c", line 49: error #137: struct "<unnamed>" has no field "MCTL"
"../driverlib/MSP432P4xx/adc14.c", line 49: error #137: struct "<unnamed>" has no field "MCTL"
"../driverlib/MSP432P4xx/adc14.c", line 49: error #137: struct "<unnamed>" has no field "MCTL"
"../driverlib/MSP432P4xx/adc14.c", line 49: error #137: struct "<unnamed>" has no field "MCTL"
"../driverlib/MSP432P4xx/adc14.c", line 50: error #137: struct "<unnamed>" has no field "MCTL"
"../driverlib/MSP432P4xx/adc14.c", line 50: error #137: struct "<unnamed>" has no field "MCTL"
"../driverlib/MSP432P4xx/adc14.c", line 50: error #137: struct "<unnamed>" has no field "MCTL"
"../driverlib/MSP432P4xx/adc14.c", line 51: error #137: struct "<unnamed>" has no field "MCTL"
"../driverlib/MSP432P4xx/adc14.c", line 51: error #137: struct "<unnamed>" has no field "MCTL"
"../driverlib/MSP432P4xx/adc14.c", line 51: error #137: struct "<unnamed>" has no field "MCTL"
"../driverlib/MSP432P4xx/adc14.c", line 52: error #137: struct "<unnamed>" has no field "MCTL"
"../driverlib/MSP432P4xx/adc14.c", line 52: error #137: struct "<unnamed>" has no field "MCTL"
"../driverlib/MSP432P4xx/adc14.c", line 52: error #137: struct "<unnamed>" has no field "MCTL"
"../driverlib/MSP432P4xx/adc14.c", line 53: error #137: struct "<unnamed>" has no field "MCTL"
"../driverlib/MSP432P4xx/adc14.c", line 53: error #137: struct "<unnamed>" has no field "MCTL"
"../driverlib/MSP432P4xx/adc14.c", line 53: error #137: struct "<unnamed>" has no field "MCTL"
"../driverlib/MSP432P4xx/adc14.c", line 54: error #137: struct "<unnamed>" has no field "MCTL"
"../driverlib/MSP432P4xx/adc14.c", line 54: error #137: struct "<unnamed>" has no field "MCTL"
"../driverlib/MSP432P4xx/adc14.c", line 54: error #137: struct "<unnamed>" has no field "MCTL"
"../driverlib/MSP432P4xx/adc14.c", line 55: error #137: struct "<unnamed>" has no field "MCTL"
"../driverlib/MSP432P4xx/adc14.c", line 55: error #137: struct "<unnamed>" has no field "MCTL"
"../driverlib/MSP432P4xx/adc14.c", line 55: error #137: struct "<unnamed>" has no field "MCTL"
"../driverlib/MSP432P4xx/adc14.c", line 56: error #137: struct "<unnamed>" has no field "MCTL"
"../driverlib/MSP432P4xx/adc14.c", line 56: error #137: struct "<unnamed>" has no field "MCTL"
"../driverlib/MSP432P4xx/adc14.c", line 56: error #137: struct "<unnamed>" has no field "MCTL"
"../driverlib/MSP432P4xx/adc14.c", line 57: error #137: struct "<unnamed>" has no field "MCTL"
"../driverlib/MSP432P4xx/adc14.c", line 57: error #137: struct "<unnamed>" has no field "MCTL"
"../driverlib/MSP432P4xx/adc14.c", line 57: error #137: struct "<unnamed>" has no field "MCTL"
"../driverlib/MSP432P4xx/adc14.c", line 148: error #137: struct "<unnamed>" has no field "CTL0"
"../driverlib/MSP432P4xx/adc14.c", line 148: error #20: identifier "ADC14_CTL0_BUSY_OFS" is undefined
"../driverlib/MSP432P4xx/adc14.c", line 153: error #137: struct "<unnamed>" has no field "CTL0"
"../driverlib/MSP432P4xx/adc14.c", line 153: error #20: identifier "ADC14_CTL0_ON_OFS" is undefined
"../driverlib/MSP432P4xx/adc14.c", line 161: error #137: struct "<unnamed>" has no field "CTL0"
"../driverlib/MSP432P4xx/adc14.c", line 161: error #20: identifier "ADC14_CTL0_ON_OFS" is undefined
"../driverlib/MSP432P4xx/adc14.c", line 171: error #137: struct "<unnamed>" has no field "CTL0"
"../driverlib/MSP432P4xx/adc14.c", line 171: error #20: identifier "ADC14_CTL0_SHP_OFS" is undefined
"../driverlib/MSP432P4xx/adc14.c", line 175: error #137: struct "<unnamed>" has no field "CTL0"
"../driverlib/MSP432P4xx/adc14.c", line 175: error #20: identifier "ADC14_CTL0_MSC_OFS" is undefined
"../driverlib/MSP432P4xx/adc14.c", line 178: error #137: struct "<unnamed>" has no field "CTL0"
"../driverlib/MSP432P4xx/adc14.c", line 178: error #20: identifier "ADC14_CTL0_MSC_OFS" is undefined
"../driverlib/MSP432P4xx/adc14.c", line 189: error #137: struct "<unnamed>" has no field "CTL0"
"../driverlib/MSP432P4xx/adc14.c", line 189: error #20: identifier "ADC14_CTL0_SHP_OFS" is undefined
"../driverlib/MSP432P4xx/adc14.c", line 228: error #137: struct "<unnamed>" has no field "CTL0"
"../driverlib/MSP432P4xx/adc14.c", line 228: error #137: struct "<unnamed>" has no field "CTL0"
"../driverlib/MSP432P4xx/adc14.c", line 229: error #20: identifier "ADC14_CTL0_PDIV_MASK" is undefined
"../driverlib/MSP432P4xx/adc14.c", line 229: error #20: identifier "ADC14_CTL0_DIV_MASK" is undefined
"../driverlib/MSP432P4xx/adc14.c", line 229: error #20: identifier "ADC14_CTL0_SSEL_MASK" is undefined
"../driverlib/MSP432P4xx/adc14.c", line 232: error #137: struct "<unnamed>" has no field "CTL1"
"../driverlib/MSP432P4xx/adc14.c", line 232: error #137: struct "<unnamed>" has no field "CTL1"
"../driverlib/MSP432P4xx/adc14.c", line 233: error #20: identifier "ADC14_CTL1_CH3MAP" is undefined
"../driverlib/MSP432P4xx/adc14.c", line 233: error #20: identifier "ADC14_CTL1_CH2MAP" is undefined
"../driverlib/MSP432P4xx/adc14.c", line 233: error #20: identifier "ADC14_CTL1_CH1MAP" is undefined
"../driverlib/MSP432P4xx/adc14.c", line 233: error #20: identifier "ADC14_CTL1_CH0MAP" is undefined
"../driverlib/MSP432P4xx/adc14.c", line 234: error #20: identifier "ADC14_CTL1_TCMAP" is undefined
"../driverlib/MSP432P4xx/adc14.c", line 234: error #20: identifier "ADC14_CTL1_BATMAP" is undefined
"../driverlib/MSP432P4xx/adc14.c", line 245: error #137: struct "<unnamed>" has no field "CTL1"
"../driverlib/MSP432P4xx/adc14.c", line 245: error #137: struct "<unnamed>" has no field "CTL1"
"../driverlib/MSP432P4xx/adc14.c", line 245: error #20: identifier "ADC14_CTL1_RES_MASK" is undefined
"../driverlib/MSP432P4xx/adc14.c", line 250: error #137: struct "<unnamed>" has no field "CTL1"
"../driverlib/MSP432P4xx/adc14.c", line 250: error #20: identifier "ADC14_CTL1_RES_MASK" is undefined

>> Compilation failure
"../driverlib/MSP432P4xx/adc14.c", line 270: error #137: struct "<unnamed>" has no field "CTL0"
"../driverlib/MSP432P4xx/adc14.c", line 270: error #137: struct "<unnamed>" has no field "CTL0"
"../driverlib/MSP432P4xx/adc14.c", line 271: error #20: identifier "ADC14_CTL0_ISSH" is undefined
"../driverlib/MSP432P4xx/adc14.c", line 271: error #20: identifier "ADC14_CTL0_SHS_MASK" is undefined
"../driverlib/MSP432P4xx/adc14.c", line 275: error #137: struct "<unnamed>" has no field "CTL0"
"../driverlib/MSP432P4xx/adc14.c", line 275: error #137: struct "<unnamed>" has no field "CTL0"
"../driverlib/MSP432P4xx/adc14.c", line 276: error #20: identifier "ADC14_CTL0_ISSH" is undefined
"../driverlib/MSP432P4xx/adc14.c", line 276: error #20: identifier "ADC14_CTL0_SHS_MASK" is undefined
"../driverlib/MSP432P4xx/adc14.c", line 308: error #137: struct "<unnamed>" has no field "CTL0"
"../driverlib/MSP432P4xx/adc14.c", line 308: error #137: struct "<unnamed>" has no field "CTL0"
"../driverlib/MSP432P4xx/adc14.c", line 309: error #20: identifier "ADC14_CTL0_SHT0_MASK" is undefined
"../driverlib/MSP432P4xx/adc14.c", line 309: error #20: identifier "ADC14_CTL0_SHT1_MASK" is undefined
"../driverlib/MSP432P4xx/adc14.c", line 330: error #20: identifier "ADC14_MCTLN_EOS_OFS" is undefined
"../driverlib/MSP432P4xx/adc14.c", line 334: error #20: identifier "ADC14_MCTLN_EOS_OFS" is undefined
"../driverlib/MSP432P4xx/adc14.c", line 338: error #137: struct "<unnamed>" has no field "CTL1"
"../driverlib/MSP432P4xx/adc14.c", line 338: error #137: struct "<unnamed>" has no field "CTL1"
"../driverlib/MSP432P4xx/adc14.c", line 338: error #20: identifier "ADC14_CTL1_CSTARTADD_MASK" is undefined
"../driverlib/MSP432P4xx/adc14.c", line 344: error #137: struct "<unnamed>" has no field "CTL0"
"../driverlib/MSP432P4xx/adc14.c", line 344: error #137: struct "<unnamed>" has no field "CTL0"
"../driverlib/MSP432P4xx/adc14.c", line 344: error #20: identifier "ADC14_CTL0_CONSEQ_MASK" is undefined
"../driverlib/MSP432P4xx/adc14.c", line 345: error #20: identifier "ADC14_CTL0_CONSEQ_1" is undefined
"../driverlib/MSP432P4xx/adc14.c", line 348: error #137: struct "<unnamed>" has no field "CTL0"
"../driverlib/MSP432P4xx/adc14.c", line 348: error #137: struct "<unnamed>" has no field "CTL0"
"../driverlib/MSP432P4xx/adc14.c", line 348: error #20: identifier "ADC14_CTL0_CONSEQ_MASK" is undefined
"../driverlib/MSP432P4xx/adc14.c", line 349: error #20: identifier "ADC14_CTL0_CONSEQ_3" is undefined
"../driverlib/MSP432P4xx/adc14.c", line 364: error #137: struct "<unnamed>" has no field "CTL1"
"../driverlib/MSP432P4xx/adc14.c", line 364: error #137: struct "<unnamed>" has no field "CTL1"
"../driverlib/MSP432P4xx/adc14.c", line 364: error #20: identifier "ADC14_CTL1_CSTARTADD_MASK" is undefined
"../driverlib/MSP432P4xx/adc14.c", line 370: error #137: struct "<unnamed>" has no field "CTL0"
"../driverlib/MSP432P4xx/adc14.c", line 370: error #137: struct "<unnamed>" has no field "CTL0"
"../driverlib/MSP432P4xx/adc14.c", line 370: error #20: identifier "ADC14_CTL0_CONSEQ_MASK" is undefined
"../driverlib/MSP432P4xx/adc14.c", line 371: error #20: identifier "ADC14_CTL0_CONSEQ_0" is undefined
"../driverlib/MSP432P4xx/adc14.c", line 374: error #137: struct "<unnamed>" has no field "CTL0"
"../driverlib/MSP432P4xx/adc14.c", line 374: error #137: struct "<unnamed>" has no field "CTL0"
"../driverlib/MSP432P4xx/adc14.c", line 374: error #20: identifier "ADC14_CTL0_CONSEQ_MASK" is undefined
"../driverlib/MSP432P4xx/adc14.c", line 375: error #20: identifier "ADC14_CTL0_CONSEQ_2" is undefined
Error limit reached.
100 errors detected in the compilation of "../driverlib/MSP432P4xx/adc14.c".
Compilation terminated.
driverlib/MSP432P4xx/subdir_rules.mk:7: recipe for target 'driverlib/MSP432P4xx/adc14.obj' failed
Building file: ../driverlib/MSP432P4xx/aes256.c
Invoking: MSP432 Compiler
gmake: *** [driverlib/MSP432P4xx/adc14.obj] Error 1
"/Applications/ti/ccsv6/tools/compiler/ti-cgt-arm_5.2.6/bin/armcl" -mv7M4 --code_state=16 --float_support=FPv4SPD16 --abi=eabi -me --include_path="/Applications/ti/ccsv6/ccs_base/arm/include" --include_path="/Applications/ti/ccsv6/ccs_base/arm/include/CMSIS" --include_path="/Users/marybiggs/Desktop/ECE461/BOOSTXL-EDUMKII_LightSensor_MSP432P401R" --include_path="/Users/marybiggs/Desktop/ECE461/BOOSTXL-EDUMKII_LightSensor_MSP432P401R/driverlib/MSP432P4xx" --include_path="/Users/marybiggs/Desktop/ECE461/BOOSTXL-EDUMKII_LightSensor_MSP432P401R/GrLib/grlib" --include_path="/Users/marybiggs/Desktop/ECE461/BOOSTXL-EDUMKII_LightSensor_MSP432P401R/GrLib/fonts" --include_path="/Users/marybiggs/Desktop/ECE461/BOOSTXL-EDUMKII_LightSensor_MSP432P401R/LcdDriver" --include_path="/Applications/ti/ccsv6/tools/compiler/ti-cgt-arm_5.2.6/include" --advice:power=all -g --gcc --define=__MSP432P401R__ --define=TARGET_IS_MSP432P4XX --define=ccs --display_error_number --diag_warning=225 --diag_wrap=off --preproc_with_compile --preproc_dependency="driverlib/MSP432P4xx/aes256.pp" --obj_directory="driverlib/MSP432P4xx"  "../driverlib/MSP432P4xx/aes256.c"
"/Applications/ti/ccsv6/ccs_base/arm/include/msp432p401r.h", line 69: warning #1181-D: #warning directive: "MSP432 software will be updated to use CMSIS-Core in March 2016. This update will allow your MSP432 software to be CMSIS compliant, but require modification to your existing MSP432 code. A beta release is available if you want to start converting your code today. Refer to http://www.ti.com/MSP432CMSIS for detailed changes, conversion guide and background information."
"../driverlib/MSP432P4xx/aes256.c", line 47: error #137: struct "<unnamed>" has no field "CTL0"
"../driverlib/MSP432P4xx/aes256.c", line 52: error #137: struct "<unnamed>" has no field "CTL0"
"../driverlib/MSP432P4xx/aes256.c", line 52: error #20: identifier "AES256_CTL0_KL__128BIT" is undefined
"../driverlib/MSP432P4xx/aes256.c", line 56: error #137: struct "<unnamed>" has no field "CTL0"
"../driverlib/MSP432P4xx/aes256.c", line 56: error #20: identifier "AES256_CTL0_KL__192BIT" is undefined
"../driverlib/MSP432P4xx/aes256.c", line 60: error #137: struct "<unnamed>" has no field "CTL0"
"../driverlib/MSP432P4xx/aes256.c", line 60: error #20: identifier "AES256_CTL0_KL__256BIT" is undefined
"../driverlib/MSP432P4xx/aes256.c", line 72: error #137: struct "<unnamed>" has no field "KEY"
"../driverlib/MSP432P4xx/aes256.c", line 76: error #137: struct "<unnamed>" has no field "STAT"
"../driverlib/MSP432P4xx/aes256.c", line 76: error #20: identifier "AES256_STAT_KEYWR_OFS" is undefined
"../driverlib/MSP432P4xx/aes256.c", line 68: remark #1543-D: (ULP 12.2) Detected for loop with repetitive data transfer. Recommend using DMA
"../driverlib/MSP432P4xx/aes256.c", line 70: remark #2623-D: (ULP 5.4) Detected an assignment to a type with size less than int. To avoid unnecessary sign extension, use int-sized types for local varaibles and convert to smaller types for static storage.
"../driverlib/MSP432P4xx/aes256.c", line 71: remark #2623-D: (ULP 5.4) Detected an assignment to a type with size less than int. To avoid unnecessary sign extension, use int-sized types for local varaibles and convert to smaller types for static storage.
"../driverlib/MSP432P4xx/aes256.c", line 76: remark #1527-D: (ULP 2.1) Detected SW delay loop using empty loop. Recommend using a timer module instead
"../driverlib/MSP432P4xx/aes256.c", line 90: error #137: struct "<unnamed>" has no field "CTL0"
"../driverlib/MSP432P4xx/aes256.c", line 90: error #20: identifier "AES256_CTL0_OP_MASK" is undefined
"../driverlib/MSP432P4xx/aes256.c", line 97: error #137: struct "<unnamed>" has no field "DIN"
"../driverlib/MSP432P4xx/aes256.c", line 102: error #137: struct "<unnamed>" has no field "STAT"
"../driverlib/MSP432P4xx/aes256.c", line 102: error #20: identifier "AES256_STAT_KEYWR_OFS" is undefined
"../driverlib/MSP432P4xx/aes256.c", line 105: error #137: struct "<unnamed>" has no field "STAT"
"../driverlib/MSP432P4xx/aes256.c", line 105: error #20: identifier "AES256_STAT_BUSY_OFS" is undefined
"../driverlib/MSP432P4xx/aes256.c", line 111: error #137: struct "<unnamed>" has no field "DOUT"
"../driverlib/MSP432P4xx/aes256.c", line 95: remark #2623-D: (ULP 5.4) Detected an assignment to a type with size less than int. To avoid unnecessary sign extension, use int-sized types for local varaibles and convert to smaller types for static storage.
"../driverlib/MSP432P4xx/aes256.c", line 96: remark #2623-D: (ULP 5.4) Detected an assignment to a type with size less than int. To avoid unnecessary sign extension, use int-sized types for local varaibles and convert to smaller types for static storage.
"../driverlib/MSP432P4xx/aes256.c", line 105: remark #1527-D: (ULP 2.1) Detected SW delay loop using empty loop. Recommend using a timer module instead
"../driverlib/MSP432P4xx/aes256.c", line 125: error #137: struct "<unnamed>" has no field "CTL0"
"../driverlib/MSP432P4xx/aes256.c", line 125: error #20: identifier "AES256_CTL0_OP_3" is undefined
"../driverlib/MSP432P4xx/aes256.c", line 132: error #137: struct "<unnamed>" has no field "DIN"
"../driverlib/MSP432P4xx/aes256.c", line 137: error #137: struct "<unnamed>" has no field "STAT"
"../driverlib/MSP432P4xx/aes256.c", line 137: error #20: identifier "AES256_STAT_KEYWR_OFS" is undefined
"../driverlib/MSP432P4xx/aes256.c", line 140: error #137: struct "<unnamed>" has no field "STAT"
"../driverlib/MSP432P4xx/aes256.c", line 140: error #20: identifier "AES256_STAT_BUSY_OFS" is undefined
"../driverlib/MSP432P4xx/aes256.c", line 146: error #137: struct "<unnamed>" has no field "DOUT"
"../driverlib/MSP432P4xx/aes256.c", line 130: remark #2623-D: (ULP 5.4) Detected an assignment to a type with size less than int. To avoid unnecessary sign extension, use int-sized types for local varaibles and convert to smaller types for static storage.
"../driverlib/MSP432P4xx/aes256.c", line 131: remark #2623-D: (ULP 5.4) Detected an assignment to a type with size less than int. To avoid unnecessary sign extension, use int-sized types for local varaibles and convert to smaller types for static storage.
"../driverlib/MSP432P4xx/aes256.c", line 140: remark #1527-D: (ULP 2.1) Detected SW delay loop using empty loop. Recommend using a timer module instead
"../driverlib/MSP432P4xx/aes256.c", line 159: error #137: struct "<unnamed>" has no field "CTL0"
"../driverlib/MSP432P4xx/aes256.c", line 160: error #137: struct "<unnamed>" has no field "CTL0"
"../driverlib/MSP432P4xx/aes256.c", line 160: error #20: identifier "AES256_CTL0_OP_MASK" is undefined
"../driverlib/MSP432P4xx/aes256.c", line 160: error #20: identifier "AES256_CTL0_OP1" is undefined
"../driverlib/MSP432P4xx/aes256.c", line 165: error #137: struct "<unnamed>" has no field "CTL0"
"../driverlib/MSP432P4xx/aes256.c", line 165: error #20: identifier "AES256_CTL0_KL__128BIT" is undefined
"../driverlib/MSP432P4xx/aes256.c", line 169: error #137: struct "<unnamed>" has no field "CTL0"
"../driverlib/MSP432P4xx/aes256.c", line 169: error #20: identifier "AES256_CTL0_KL__192BIT" is undefined
"../driverlib/MSP432P4xx/aes256.c", line 173: error #137: struct "<unnamed>" has no field "CTL0"
"../driverlib/MSP432P4xx/aes256.c", line 173: error #20: identifier "AES256_CTL0_KL__256BIT" is undefined
"../driverlib/MSP432P4xx/aes256.c", line 187: error #137: struct "<unnamed>" has no field "KEY"
"../driverlib/MSP432P4xx/aes256.c", line 191: error #137: struct "<unnamed>" has no field "STAT"
"../driverlib/MSP432P4xx/aes256.c", line 191: error #20: identifier "AES256_STAT_BUSY_OFS" is undefined
"../driverlib/MSP432P4xx/aes256.c", line 185: remark #2623-D: (ULP 5.4) Detected an assignment to a type with size less than int. To avoid unnecessary sign extension, use int-sized types for local varaibles and convert to smaller types for static storage.
"../driverlib/MSP432P4xx/aes256.c", line 186: remark #2623-D: (ULP 5.4) Detected an assignment to a type with size less than int. To avoid unnecessary sign extension, use int-sized types for local varaibles and convert to smaller types for static storage.
"../driverlib/MSP432P4xx/aes256.c", line 183: remark #2623-D: (ULP 5.4) Detected an assignment to a type with size less than int. To avoid unnecessary sign extension, use int-sized types for local varaibles and convert to smaller types for static storage.
"../driverlib/MSP432P4xx/aes256.c", line 191: remark #1527-D: (ULP 2.1) Detected SW delay loop using empty loop. Recommend using a timer module instead
"../driverlib/MSP432P4xx/aes256.c", line 199: error #137: struct "<unnamed>" has no field "CTL0"
"../driverlib/MSP432P4xx/aes256.c", line 199: error #20: identifier "AES256_CTL0_RDYIFG_OFS" is undefined
"../driverlib/MSP432P4xx/aes256.c", line 204: error #137: struct "<unnamed>" has no field "CTL0"
"../driverlib/MSP432P4xx/aes256.c", line 204: error #20: identifier "AES256_CTL0_RDYIFG_OFS" is undefined
"../driverlib/MSP432P4xx/aes256.c", line 209: error #137: struct "<unnamed>" has no field "CTL0"
"../driverlib/MSP432P4xx/aes256.c", line 209: error #20: identifier "AES256_CTL0_RDYIE_OFS" is undefined
"../driverlib/MSP432P4xx/aes256.c", line 214: error #137: struct "<unnamed>" has no field "CTL0"
"../driverlib/MSP432P4xx/aes256.c", line 214: error #20: identifier "AES256_CTL0_RDYIE_OFS" is undefined
"../driverlib/MSP432P4xx/aes256.c", line 219: error #137: struct "<unnamed>" has no field "CTL0"
"../driverlib/MSP432P4xx/aes256.c", line 219: error #20: identifier "AES256_CTL0_SWRST_OFS" is undefined
"../driverlib/MSP432P4xx/aes256.c", line 228: error #137: struct "<unnamed>" has no field "CTL0"
"../driverlib/MSP432P4xx/aes256.c", line 228: error #20: identifier "AES256_CTL0_OP_MASK" is undefined
"../driverlib/MSP432P4xx/aes256.c", line 235: error #137: struct "<unnamed>" has no field "DIN"
"../driverlib/MSP432P4xx/aes256.c", line 240: error #137: struct "<unnamed>" has no field "STAT"
"../driverlib/MSP432P4xx/aes256.c", line 240: error #20: identifier "AES256_STAT_KEYWR_OFS" is undefined
"../driverlib/MSP432P4xx/aes256.c", line 233: remark #2623-D: (ULP 5.4) Detected an assignment to a type with size less than int. To avoid unnecessary sign extension, use int-sized types for local varaibles and convert to smaller types for static storage.
"../driverlib/MSP432P4xx/aes256.c", line 234: remark #2623-D: (ULP 5.4) Detected an assignment to a type with size less than int. To avoid unnecessary sign extension, use int-sized types for local varaibles and convert to smaller types for static storage.
"../driverlib/MSP432P4xx/aes256.c", line 231: remark #2623-D: (ULP 5.4) Detected an assignment to a type with size less than int. To avoid unnecessary sign extension, use int-sized types for local varaibles and convert to smaller types for static storage.
"../driverlib/MSP432P4xx/aes256.c", line 249: error #137: struct "<unnamed>" has no field "CTL0"
"../driverlib/MSP432P4xx/aes256.c", line 249: error #20: identifier "AES256_CTL0_OP_3" is undefined
"../driverlib/MSP432P4xx/aes256.c", line 256: error #137: struct "<unnamed>" has no field "DIN"
"../driverlib/MSP432P4xx/aes256.c", line 261: error #137: struct "<unnamed>" has no field "STAT"
"../driverlib/MSP432P4xx/aes256.c", line 261: error #20: identifier "AES256_STAT_KEYWR_OFS" is undefined
"../driverlib/MSP432P4xx/aes256.c", line 254: remark #2623-D: (ULP 5.4) Detected an assignment to a type with size less than int. To avoid unnecessary sign extension, use int-sized types for local varaibles and convert to smaller types for static storage.
"../driverlib/MSP432P4xx/aes256.c", line 255: remark #2623-D: (ULP 5.4) Detected an assignment to a type with size less than int. To avoid unnecessary sign extension, use int-sized types for local varaibles and convert to smaller types for static storage.
"../driverlib/MSP432P4xx/aes256.c", line 270: error #137: struct "<unnamed>" has no field "CTL0"
"../driverlib/MSP432P4xx/aes256.c", line 271: error #137: struct "<unnamed>" has no field "CTL0"
"../driverlib/MSP432P4xx/aes256.c", line 271: error #20: identifier "AES256_CTL0_OP_MASK" is undefined
"../driverlib/MSP432P4xx/aes256.c", line 271: error #20: identifier "AES256_CTL0_OP1" is undefined
"../driverlib/MSP432P4xx/aes256.c", line 276: error #137: struct "<unnamed>" has no field "CTL0"
"../driverlib/MSP432P4xx/aes256.c", line 276: error #20: identifier "AES256_CTL0_KL__128BIT" is undefined
"../driverlib/MSP432P4xx/aes256.c", line 280: error #137: struct "<unnamed>" has no field "CTL0"
"../driverlib/MSP432P4xx/aes256.c", line 280: error #20: identifier "AES256_CTL0_KL__192BIT" is undefined
"../driverlib/MSP432P4xx/aes256.c", line 284: error #137: struct "<unnamed>" has no field "CTL0"
"../driverlib/MSP432P4xx/aes256.c", line 284: error #20: identifier "AES256_CTL0_KL__256BIT" is undefined
"../driverlib/MSP432P4xx/aes256.c", line 298: error #137: struct "<unnamed>" has no field "KEY"

>> Compilation failure
driverlib/MSP432P4xx/subdir_rules.mk:14: recipe for target 'driverlib/MSP432P4xx/aes256.obj' failed
"../driverlib/MSP432P4xx/aes256.c", line 294: remark #1543-D: (ULP 12.2) Detected for loop with repetitive data transfer. Recommend using DMA
"../driverlib/MSP432P4xx/aes256.c", line 296: remark #2623-D: (ULP 5.4) Detected an assignment to a type with size less than int. To avoid unnecessary sign extension, use int-sized types for local varaibles and convert to smaller types for static storage.
"../driverlib/MSP432P4xx/aes256.c", line 297: remark #2623-D: (ULP 5.4) Detected an assignment to a type with size less than int. To avoid unnecessary sign extension, use int-sized types for local varaibles and convert to smaller types for static storage.
Building file: ../driverlib/MSP432P4xx/comp_e.c
"../driverlib/MSP432P4xx/aes256.c", line 310: error #137: struct "<unnamed>" has no field "STAT"
"../driverlib/MSP432P4xx/aes256.c", line 310: error #20: identifier "AES256_STAT_BUSY_OFS" is undefined
"../driverlib/MSP432P4xx/aes256.c", line 316: error #137: struct "<unnamed>" has no field "DOUT"
"../driverlib/MSP432P4xx/aes256.c", line 314: remark #2623-D: (ULP 5.4) Detected an assignment to a type with size less than int. To avoid unnecessary sign extension, use int-sized types for local varaibles and convert to smaller types for static storage.
"../driverlib/MSP432P4xx/aes256.c", line 326: error #137: struct "<unnamed>" has no field "STAT"
"../driverlib/MSP432P4xx/aes256.c", line 326: error #20: identifier "AES256_STAT_BUSY_OFS" is undefined
"../driverlib/MSP432P4xx/aes256.c", line 331: error #137: struct "<unnamed>" has no field "CTL0"
"../driverlib/MSP432P4xx/aes256.c", line 331: error #20: identifier "AES256_CTL0_ERRFG_OFS" is undefined
Invoking: MSP432 Compiler
"/Applications/ti/ccsv6/tools/compiler/ti-cgt-arm_5.2.6/bin/armcl" -mv7M4 --code_state=16 --float_support=FPv4SPD16 --abi=eabi -me --include_path="/Applications/ti/ccsv6/ccs_base/arm/include" --include_path="/Applications/ti/ccsv6/ccs_base/arm/include/CMSIS" --include_path="/Users/marybiggs/Desktop/ECE461/BOOSTXL-EDUMKII_LightSensor_MSP432P401R" --include_path="/Users/marybiggs/Desktop/ECE461/BOOSTXL-EDUMKII_LightSensor_MSP432P401R/driverlib/MSP432P4xx" --include_path="/Users/marybiggs/Desktop/ECE461/BOOSTXL-EDUMKII_LightSensor_MSP432P401R/GrLib/grlib" --include_path="/Users/marybiggs/Desktop/ECE461/BOOSTXL-EDUMKII_LightSensor_MSP432P401R/GrLib/fonts" --include_path="/Users/marybiggs/Desktop/ECE461/BOOSTXL-EDUMKII_LightSensor_MSP432P401R/LcdDriver" --include_path="/Applications/ti/ccsv6/tools/compiler/ti-cgt-arm_5.2.6/include" --advice:power=all -g --gcc --define=__MSP432P401R__ --define=TARGET_IS_MSP432P4XX --define=ccs --display_error_number --diag_warning=225 --diag_wrap=off --preproc_with_compile --preproc_dependency="driverlib/MSP432P4xx/comp_e.pp" --obj_directory="driverlib/MSP432P4xx"  "../driverlib/MSP432P4xx/comp_e.c"
"../driverlib/MSP432P4xx/aes256.c", line 336: error #137: struct "<unnamed>" has no field "CTL0"
"../driverlib/MSP432P4xx/aes256.c", line 336: error #20: identifier "AES256_CTL0_ERRFG_OFS" is undefined
79 errors detected in the compilation of "../driverlib/MSP432P4xx/aes256.c".
gmake: *** [driverlib/MSP432P4xx/aes256.obj] Error 1
"/Applications/ti/ccsv6/ccs_base/arm/include/msp432p401r.h", line 69: warning #1181-D: #warning directive: "MSP432 software will be updated to use CMSIS-Core in March 2016. This update will allow your MSP432 software to be CMSIS compliant, but require modification to your existing MSP432 code. A beta release is available if you want to start converting your code today. Refer to http://www.ti.com/MSP432CMSIS for detailed changes, conversion guide and background information."
"../driverlib/MSP432P4xx/comp_e.c", line 46: error #20: identifier "COMP_E_CTL0_IPSEL_0" is undefined
"../driverlib/MSP432P4xx/comp_e.c", line 48: error #20: identifier "COMP_E_CTL0_IPSEL_1" is undefined
"../driverlib/MSP432P4xx/comp_e.c", line 50: error #20: identifier "COMP_E_CTL0_IPSEL_2" is undefined
"../driverlib/MSP432P4xx/comp_e.c", line 52: error #20: identifier "COMP_E_CTL0_IPSEL_3" is undefined
"../driverlib/MSP432P4xx/comp_e.c", line 54: error #20: identifier "COMP_E_CTL0_IPSEL_4" is undefined
"../driverlib/MSP432P4xx/comp_e.c", line 56: error #20: identifier "COMP_E_CTL0_IPSEL_5" is undefined
"../driverlib/MSP432P4xx/comp_e.c", line 58: error #20: identifier "COMP_E_CTL0_IPSEL_6" is undefined
"../driverlib/MSP432P4xx/comp_e.c", line 60: error #20: identifier "COMP_E_CTL0_IPSEL_7" is undefined
"../driverlib/MSP432P4xx/comp_e.c", line 62: error #20: identifier "COMP_E_CTL0_IPSEL_8" is undefined
"../driverlib/MSP432P4xx/comp_e.c", line 64: error #20: identifier "COMP_E_CTL0_IPSEL_9" is undefined
"../driverlib/MSP432P4xx/comp_e.c", line 66: error #20: identifier "COMP_E_CTL0_IPSEL_10" is undefined
"../driverlib/MSP432P4xx/comp_e.c", line 68: error #20: identifier "COMP_E_CTL0_IPSEL_11" is undefined
"../driverlib/MSP432P4xx/comp_e.c", line 70: error #20: identifier "COMP_E_CTL0_IPSEL_12" is undefined
"../driverlib/MSP432P4xx/comp_e.c", line 72: error #20: identifier "COMP_E_CTL0_IPSEL_13" is undefined
"../driverlib/MSP432P4xx/comp_e.c", line 74: error #20: identifier "COMP_E_CTL0_IPSEL_14" is undefined
"../driverlib/MSP432P4xx/comp_e.c", line 76: error #20: identifier "COMP_E_CTL0_IPSEL_15" is undefined
"../driverlib/MSP432P4xx/comp_e.c", line 101: error #20: identifier "COMP_E_Type" is undefined
"../driverlib/MSP432P4xx/comp_e.c", line 101: error #29: expected an expression
"../driverlib/MSP432P4xx/comp_e.c", line 101: error #18: expected a ")"
"../driverlib/MSP432P4xx/comp_e.c", line 102: error #29: expected an expression
"../driverlib/MSP432P4xx/comp_e.c", line 102: error #18: expected a ")"
"../driverlib/MSP432P4xx/comp_e.c", line 108: error #29: expected an expression
"../driverlib/MSP432P4xx/comp_e.c", line 108: error #18: expected a ")"
"../driverlib/MSP432P4xx/comp_e.c", line 108: error #20: identifier "COMP_E_CTL0_IPEN" is undefined
"../driverlib/MSP432P4xx/comp_e.c", line 112: error #29: expected an expression
"../driverlib/MSP432P4xx/comp_e.c", line 112: error #18: expected a ")"
"../driverlib/MSP432P4xx/comp_e.c", line 116: error #29: expected an expression
"../driverlib/MSP432P4xx/comp_e.c", line 116: error #18: expected a ")"
"../driverlib/MSP432P4xx/comp_e.c", line 116: error #20: identifier "COMP_E_CTL2_RSEL_OFS" is undefined
"../driverlib/MSP432P4xx/comp_e.c", line 123: error #29: expected an expression
"../driverlib/MSP432P4xx/comp_e.c", line 123: error #18: expected a ")"
"../driverlib/MSP432P4xx/comp_e.c", line 123: error #20: identifier "COMP_E_CTL0_IMEN" is undefined
"../driverlib/MSP432P4xx/comp_e.c", line 127: error #29: expected an expression
"../driverlib/MSP432P4xx/comp_e.c", line 127: error #18: expected a ")"
"../driverlib/MSP432P4xx/comp_e.c", line 131: error #29: expected an expression
"../driverlib/MSP432P4xx/comp_e.c", line 131: error #18: expected a ")"
"../driverlib/MSP432P4xx/comp_e.c", line 131: error #20: identifier "COMP_E_CTL2_RSEL_OFS" is undefined
"../driverlib/MSP432P4xx/comp_e.c", line 135: error #29: expected an expression
"../driverlib/MSP432P4xx/comp_e.c", line 135: error #18: expected a ")"
"../driverlib/MSP432P4xx/comp_e.c", line 153: error #20: identifier "COMP_E_Type" is undefined
"../driverlib/MSP432P4xx/comp_e.c", line 153: error #29: expected an expression
"../driverlib/MSP432P4xx/comp_e.c", line 153: error #18: expected a ")"
"../driverlib/MSP432P4xx/comp_e.c", line 153: error #20: identifier "COMP_E_CTL1_MRVS_OFS" is undefined
"../driverlib/MSP432P4xx/comp_e.c", line 154: error #29: expected an expression
"../driverlib/MSP432P4xx/comp_e.c", line 154: error #18: expected a ")"
"../driverlib/MSP432P4xx/comp_e.c", line 154: error #20: identifier "COMP_E_CTL2_RSEL" is undefined
"../driverlib/MSP432P4xx/comp_e.c", line 157: error #20: identifier "COMP_E_CTL2_CEREFL_0" is undefined
"../driverlib/MSP432P4xx/comp_e.c", line 159: error #29: expected an expression
"../driverlib/MSP432P4xx/comp_e.c", line 159: error #18: expected a ")"
"../driverlib/MSP432P4xx/comp_e.c", line 159: error #20: identifier "COMP_E_CTL2_RS_1" is undefined
"../driverlib/MSP432P4xx/comp_e.c", line 162: error #29: expected an expression
"../driverlib/MSP432P4xx/comp_e.c", line 162: error #18: expected a ")"
"../driverlib/MSP432P4xx/comp_e.c", line 162: error #20: identifier "COMP_E_CTL2_RS_3" is undefined
"../driverlib/MSP432P4xx/comp_e.c", line 165: error #29: expected an expression
"../driverlib/MSP432P4xx/comp_e.c", line 165: error #18: expected a ")"
"../driverlib/MSP432P4xx/comp_e.c", line 165: error #20: identifier "COMP_E_CTL2_RS_2" is undefined
"../driverlib/MSP432P4xx/comp_e.c", line 169: error #29: expected an expression
"../driverlib/MSP432P4xx/comp_e.c", line 169: error #18: expected a ")"
"../driverlib/MSP432P4xx/comp_e.c", line 182: error #20: identifier "COMP_E_Type" is undefined
"../driverlib/MSP432P4xx/comp_e.c", line 182: error #29: expected an expression
"../driverlib/MSP432P4xx/comp_e.c", line 182: error #18: expected a ")"
"../driverlib/MSP432P4xx/comp_e.c", line 182: error #20: identifier "COMP_E_CTL2_REFACC_OFS" is undefined
"../driverlib/MSP432P4xx/comp_e.c", line 184: error #29: expected an expression
"../driverlib/MSP432P4xx/comp_e.c", line 184: error #18: expected a ")"

>> Compilation failure
driverlib/MSP432P4xx/subdir_rules.mk:21: recipe for target 'driverlib/MSP432P4xx/comp_e.obj' failed
"../driverlib/MSP432P4xx/comp_e.c", line 190: error #20: identifier "COMP_E_Type" is undefined
"../driverlib/MSP432P4xx/comp_e.c", line 190: error #29: expected an expression
"../driverlib/MSP432P4xx/comp_e.c", line 190: error #18: expected a ")"
"../driverlib/MSP432P4xx/comp_e.c", line 190: error #29: expected an expression
"../driverlib/MSP432P4xx/comp_e.c", line 190: error #18: expected a ")"
"../driverlib/MSP432P4xx/comp_e.c", line 191: error #20: identifier "COMP_E_CTL1_PWRMD_MASK" is undefined
"../driverlib/MSP432P4xx/comp_e.c", line 196: error #20: identifier "COMP_E_Type" is undefined
"../driverlib/MSP432P4xx/comp_e.c", line 196: error #29: expected an expression
"../driverlib/MSP432P4xx/comp_e.c", line 196: error #18: expected a ")"
"../driverlib/MSP432P4xx/comp_e.c", line 196: error #20: identifier "COMP_E_CTL1_ON_OFS" is undefined
"../driverlib/MSP432P4xx/comp_e.c", line 201: error #20: identifier "COMP_E_Type" is undefined
"../driverlib/MSP432P4xx/comp_e.c", line 201: error #29: expected an expression
"../driverlib/MSP432P4xx/comp_e.c", line 201: error #18: expected a ")"
"../driverlib/MSP432P4xx/comp_e.c", line 201: error #20: identifier "COMP_E_CTL1_ON_OFS" is undefined
"../driverlib/MSP432P4xx/comp_e.c", line 206: error #20: identifier "COMP_E_Type" is undefined
"../driverlib/MSP432P4xx/comp_e.c", line 206: error #29: expected an expression
"../driverlib/MSP432P4xx/comp_e.c", line 206: error #18: expected a ")"
"../driverlib/MSP432P4xx/comp_e.c", line 206: error #20: identifier "COMP_E_CTL1_SHORT_OFS" is undefined
"../driverlib/MSP432P4xx/comp_e.c", line 211: error #20: identifier "COMP_E_Type" is undefined
"../driverlib/MSP432P4xx/comp_e.c", line 211: error #29: expected an expression
"../driverlib/MSP432P4xx/comp_e.c", line 211: error #18: expected a ")"
"../driverlib/MSP432P4xx/comp_e.c", line 211: error #20: identifier "COMP_E_CTL1_SHORT_OFS" is undefined
"../driverlib/MSP432P4xx/comp_e.c", line 218: error #20: identifier "COMP_E_Type" is undefined
"../driverlib/MSP432P4xx/comp_e.c", line 218: error #29: expected an expression
"../driverlib/MSP432P4xx/comp_e.c", line 218: error #18: expected a ")"
"../driverlib/MSP432P4xx/comp_e.c", line 225: error #20: identifier "COMP_E_Type" is undefined
"../driverlib/MSP432P4xx/comp_e.c", line 225: error #29: expected an expression
"../driverlib/MSP432P4xx/comp_e.c", line 225: error #18: expected a ")"
"../driverlib/MSP432P4xx/comp_e.c", line 230: error #20: identifier "COMP_E_Type" is undefined
"../driverlib/MSP432P4xx/comp_e.c", line 230: error #29: expected an expression
"../driverlib/MSP432P4xx/comp_e.c", line 230: error #18: expected a ")"
"../driverlib/MSP432P4xx/comp_e.c", line 230: error #20: identifier "COMP_E_CTL1_EX" is undefined
"../driverlib/MSP432P4xx/comp_e.c", line 235: error #20: identifier "COMP_E_Type" is undefined
"../driverlib/MSP432P4xx/comp_e.c", line 235: error #29: expected an expression
"../driverlib/MSP432P4xx/comp_e.c", line 235: error #18: expected a ")"
"../driverlib/MSP432P4xx/comp_e.c", line 235: error #20: identifier "COMP_E_CTL1_OUT" is undefined
Error limit reached.
100 errors detected in the compilation of "../driverlib/MSP432P4xx/comp_e.c".
Compilation terminated.
gmake: *** [driverlib/MSP432P4xx/comp_e.obj] Error 1
Building file: ../driverlib/MSP432P4xx/cpu.c
Invoking: MSP432 Compiler
"/Applications/ti/ccsv6/tools/compiler/ti-cgt-arm_5.2.6/bin/armcl" -mv7M4 --code_state=16 --float_support=FPv4SPD16 --abi=eabi -me --include_path="/Applications/ti/ccsv6/ccs_base/arm/include" --include_path="/Applications/ti/ccsv6/ccs_base/arm/include/CMSIS" --include_path="/Users/marybiggs/Desktop/ECE461/BOOSTXL-EDUMKII_LightSensor_MSP432P401R" --include_path="/Users/marybiggs/Desktop/ECE461/BOOSTXL-EDUMKII_LightSensor_MSP432P401R/driverlib/MSP432P4xx" --include_path="/Users/marybiggs/Desktop/ECE461/BOOSTXL-EDUMKII_LightSensor_MSP432P401R/GrLib/grlib" --include_path="/Users/marybiggs/Desktop/ECE461/BOOSTXL-EDUMKII_LightSensor_MSP432P401R/GrLib/fonts" --include_path="/Users/marybiggs/Desktop/ECE461/BOOSTXL-EDUMKII_LightSensor_MSP432P401R/LcdDriver" --include_path="/Applications/ti/ccsv6/tools/compiler/ti-cgt-arm_5.2.6/include" --advice:power=all -g --gcc --define=__MSP432P401R__ --define=TARGET_IS_MSP432P4XX --define=ccs --display_error_number --diag_warning=225 --diag_wrap=off --preproc_with_compile --preproc_dependency="driverlib/MSP432P4xx/cpu.pp" --obj_directory="driverlib/MSP432P4xx"  "../driverlib/MSP432P4xx/cpu.c"
"/Applications/ti/ccsv6/ccs_base/arm/include/msp432p401r.h", line 69: warning #1181-D: #warning directive: "MSP432 software will be updated to use CMSIS-Core in March 2016. This update will allow your MSP432 software to be CMSIS compliant, but require modification to your existing MSP432 code. A beta release is available if you want to start converting your code today. Refer to http://www.ti.com/MSP432CMSIS for detailed changes, conversion guide and background information."
Finished building: ../driverlib/MSP432P4xx/cpu.c
 
Building file: ../driverlib/MSP432P4xx/crc32.c
Invoking: MSP432 Compiler
"/Applications/ti/ccsv6/tools/compiler/ti-cgt-arm_5.2.6/bin/armcl" -mv7M4 --code_state=16 --float_support=FPv4SPD16 --abi=eabi -me --include_path="/Applications/ti/ccsv6/ccs_base/arm/include" --include_path="/Applications/ti/ccsv6/ccs_base/arm/include/CMSIS" --include_path="/Users/marybiggs/Desktop/ECE461/BOOSTXL-EDUMKII_LightSensor_MSP432P401R" --include_path="/Users/marybiggs/Desktop/ECE461/BOOSTXL-EDUMKII_LightSensor_MSP432P401R/driverlib/MSP432P4xx" --include_path="/Users/marybiggs/Desktop/ECE461/BOOSTXL-EDUMKII_LightSensor_MSP432P401R/GrLib/grlib" --include_path="/Users/marybiggs/Desktop/ECE461/BOOSTXL-EDUMKII_LightSensor_MSP432P401R/GrLib/fonts" --include_path="/Users/marybiggs/Desktop/ECE461/BOOSTXL-EDUMKII_LightSensor_MSP432P401R/LcdDriver" --include_path="/Applications/ti/ccsv6/tools/compiler/ti-cgt-arm_5.2.6/include" --advice:power=all -g --gcc --define=__MSP432P401R__ --define=TARGET_IS_MSP432P4XX --define=ccs --display_error_number --diag_warning=225 --diag_wrap=off --preproc_with_compile --preproc_dependency="driverlib/MSP432P4xx/crc32.pp" --obj_directory="driverlib/MSP432P4xx"  "../driverlib/MSP432P4xx/crc32.c"
"/Applications/ti/ccsv6/ccs_base/arm/include/msp432p401r.h", line 69: warning #1181-D: #warning directive: "MSP432 software will be updated to use CMSIS-Core in March 2016. This update will allow your MSP432 software to be CMSIS compliant, but require modification to your existing MSP432 code. A beta release is available if you want to start converting your code today. Refer to http://www.ti.com/MSP432CMSIS for detailed changes, conversion guide and background information."
"../driverlib/MSP432P4xx/crc32.c", line 47: error #137: struct "<unnamed>" has no field "INIRES16"
"../driverlib/MSP432P4xx/crc32.c", line 50: error #137: struct "<unnamed>" has no field "INIRES32_HI"
"../driverlib/MSP432P4xx/crc32.c", line 51: error #137: struct "<unnamed>" has no field "INIRES32_LO"
"../driverlib/MSP432P4xx/crc32.c", line 60: error #137: struct "<unnamed>" has no field "DI16"
"../driverlib/MSP432P4xx/crc32.c", line 62: error #137: struct "<unnamed>" has no field "DI32"
"../driverlib/MSP432P4xx/crc32.c", line 70: error #137: struct "<unnamed>" has no field "DI16"
"../driverlib/MSP432P4xx/crc32.c", line 72: error #137: struct "<unnamed>" has no field "DI32"
"../driverlib/MSP432P4xx/crc32.c", line 80: error #137: struct "<unnamed>" has no field "DI32"
"../driverlib/MSP432P4xx/crc32.c", line 81: error #137: struct "<unnamed>" has no field "DI32"
"../driverlib/MSP432P4xx/crc32.c", line 90: error #137: struct "<unnamed>" has no field "DIRB16"
"../driverlib/MSP432P4xx/crc32.c", line 92: error #137: struct "<unnamed>" has no field "DIRB32"
"../driverlib/MSP432P4xx/crc32.c", line 100: error #137: struct "<unnamed>" has no field "DIRB16"
"../driverlib/MSP432P4xx/crc32.c", line 102: error #137: struct "<unnamed>" has no field "DIRB32"
"../driverlib/MSP432P4xx/crc32.c", line 110: error #137: struct "<unnamed>" has no field "DIRB32"
"../driverlib/MSP432P4xx/crc32.c", line 111: error #137: struct "<unnamed>" has no field "DIRB32"
"../driverlib/MSP432P4xx/crc32.c", line 122: error #137: struct "<unnamed>" has no field "INIRES16"
"../driverlib/MSP432P4xx/crc32.c", line 125: error #137: struct "<unnamed>" has no field "INIRES32_HI"
"../driverlib/MSP432P4xx/crc32.c", line 127: error #137: struct "<unnamed>" has no field "INIRES32_LO"
"../driverlib/MSP432P4xx/crc32.c", line 138: error #137: struct "<unnamed>" has no field "RESR16"
"../driverlib/MSP432P4xx/crc32.c", line 141: error #137: struct "<unnamed>" has no field "RESR32_HI"
"../driverlib/MSP432P4xx/crc32.c", line 143: error #137: struct "<unnamed>" has no field "RESR32_LO"
21 errors detected in the compilation of "../driverlib/MSP432P4xx/crc32.c".

>> Compilation failure
driverlib/MSP432P4xx/subdir_rules.mk:35: recipe for target 'driverlib/MSP432P4xx/crc32.obj' failed
gmake: *** [driverlib/MSP432P4xx/crc32.obj] Error 1
Building file: ../driverlib/MSP432P4xx/cs.c
Invoking: MSP432 Compiler
"/Applications/ti/ccsv6/tools/compiler/ti-cgt-arm_5.2.6/bin/armcl" -mv7M4 --code_state=16 --float_support=FPv4SPD16 --abi=eabi -me --include_path="/Applications/ti/ccsv6/ccs_base/arm/include" --include_path="/Applications/ti/ccsv6/ccs_base/arm/include/CMSIS" --include_path="/Users/marybiggs/Desktop/ECE461/BOOSTXL-EDUMKII_LightSensor_MSP432P401R" --include_path="/Users/marybiggs/Desktop/ECE461/BOOSTXL-EDUMKII_LightSensor_MSP432P401R/driverlib/MSP432P4xx" --include_path="/Users/marybiggs/Desktop/ECE461/BOOSTXL-EDUMKII_LightSensor_MSP432P401R/GrLib/grlib" --include_path="/Users/marybiggs/Desktop/ECE461/BOOSTXL-EDUMKII_LightSensor_MSP432P401R/GrLib/fonts" --include_path="/Users/marybiggs/Desktop/ECE461/BOOSTXL-EDUMKII_LightSensor_MSP432P401R/LcdDriver" --include_path="/Applications/ti/ccsv6/tools/compiler/ti-cgt-arm_5.2.6/include" --advice:power=all -g --gcc --define=__MSP432P401R__ --define=TARGET_IS_MSP432P4XX --define=ccs --display_error_number --diag_warning=225 --diag_wrap=off --preproc_with_compile --preproc_dependency="driverlib/MSP432P4xx/cs.pp" --obj_directory="driverlib/MSP432P4xx"  "../driverlib/MSP432P4xx/cs.c"
"/Applications/ti/ccsv6/ccs_base/arm/include/msp432p401r.h", line 69: warning #1181-D: #warning directive: "MSP432 software will be updated to use CMSIS-Core in March 2016. This update will allow your MSP432 software to be CMSIS compliant, but require modification to your existing MSP432 code. A beta release is available if you want to start converting your code today. Refer to http://www.ti.com/MSP432CMSIS for detailed changes, conversion guide and background information."
"../driverlib/MSP432P4xx/cs.c", line 65: error #20: identifier "CS_CTL2_HFXTFREQ_0" is undefined
"../driverlib/MSP432P4xx/cs.c", line 67: error #20: identifier "CS_CTL2_HFXTFREQ_1" is undefined
"../driverlib/MSP432P4xx/cs.c", line 69: error #20: identifier "CS_CTL2_HFXTFREQ_2" is undefined
"../driverlib/MSP432P4xx/cs.c", line 71: error #20: identifier "CS_CTL2_HFXTFREQ_3" is undefined
"../driverlib/MSP432P4xx/cs.c", line 73: error #20: identifier "CS_CTL2_HFXTFREQ_4" is undefined
"../driverlib/MSP432P4xx/cs.c", line 75: error #20: identifier "CS_CTL2_HFXTFREQ_5" is undefined
"../driverlib/MSP432P4xx/cs.c", line 90: error #20: identifier "CS_CTL1_DIVS_0" is undefined
"../driverlib/MSP432P4xx/cs.c", line 92: error #20: identifier "CS_CTL1_DIVS_1" is undefined
"../driverlib/MSP432P4xx/cs.c", line 94: error #20: identifier "CS_CTL1_DIVS_2" is undefined
"../driverlib/MSP432P4xx/cs.c", line 96: error #20: identifier "CS_CTL1_DIVS_3" is undefined
"../driverlib/MSP432P4xx/cs.c", line 98: error #20: identifier "CS_CTL1_DIVS_4" is undefined
"../driverlib/MSP432P4xx/cs.c", line 100: error #20: identifier "CS_CTL1_DIVS_5" is undefined
"../driverlib/MSP432P4xx/cs.c", line 102: error #20: identifier "CS_CTL1_DIVS_6" is undefined
"../driverlib/MSP432P4xx/cs.c", line 104: error #20: identifier "CS_CTL1_DIVS_7" is undefined
"../driverlib/MSP432P4xx/cs.c", line 120: error #20: identifier "CS_CTL1_SELM_0" is undefined
"../driverlib/MSP432P4xx/cs.c", line 122: error #137: struct "<unnamed>" has no field "IFG"
"../driverlib/MSP432P4xx/cs.c", line 122: error #20: identifier "CS_IFG_LFXTIFG_OFS" is undefined
"../driverlib/MSP432P4xx/cs.c", line 124: error #20: identifier "CS_IE_LFXTIE" is undefined
"../driverlib/MSP432P4xx/cs.c", line 126: error #137: struct "<unnamed>" has no field "IFG"
"../driverlib/MSP432P4xx/cs.c", line 128: error #137: struct "<unnamed>" has no field "CLKEN"
"../driverlib/MSP432P4xx/cs.c", line 128: error #20: identifier "CS_CLKEN_REFOFSEL_OFS" is undefined
"../driverlib/MSP432P4xx/cs.c", line 136: error #20: identifier "CS_CTL1_SELM_5" is undefined
"../driverlib/MSP432P4xx/cs.c", line 138: error #137: struct "<unnamed>" has no field "IFG"
"../driverlib/MSP432P4xx/cs.c", line 138: error #20: identifier "CS_IFG_HFXTIFG_OFS" is undefined
"../driverlib/MSP432P4xx/cs.c", line 140: error #20: identifier "CS_IE_HFXTIE" is undefined
"../driverlib/MSP432P4xx/cs.c", line 142: error #137: struct "<unnamed>" has no field "IFG"
"../driverlib/MSP432P4xx/cs.c", line 144: error #137: struct "<unnamed>" has no field "CLKEN"
"../driverlib/MSP432P4xx/cs.c", line 144: error #20: identifier "CS_CLKEN_REFOFSEL_OFS" is undefined
"../driverlib/MSP432P4xx/cs.c", line 152: error #20: identifier "CS_CTL1_SELM_1" is undefined
"../driverlib/MSP432P4xx/cs.c", line 154: error #20: identifier "CS_CTL1_SELM_2" is undefined
"../driverlib/MSP432P4xx/cs.c", line 156: error #137: struct "<unnamed>" has no field "CLKEN"
"../driverlib/MSP432P4xx/cs.c", line 156: error #20: identifier "CS_CLKEN_REFOFSEL_OFS" is undefined
"../driverlib/MSP432P4xx/cs.c", line 161: error #20: identifier "CS_CTL1_SELM_3" is undefined
"../driverlib/MSP432P4xx/cs.c", line 163: error #20: identifier "CS_CTL1_SELM_4" is undefined
"../driverlib/MSP432P4xx/cs.c", line 178: error #137: struct "<unnamed>" has no field "CTL0"
"../driverlib/MSP432P4xx/cs.c", line 178: error #20: identifier "CS_CTL0_DCORSEL_MASK" is undefined
"../driverlib/MSP432P4xx/cs.c", line 180: error #20: identifier "CS_CTL0_DCORSEL_0" is undefined
"../driverlib/MSP432P4xx/cs.c", line 183: error #20: identifier "CS_CTL0_DCORSEL_1" is undefined
"../driverlib/MSP432P4xx/cs.c", line 186: error #20: identifier "CS_CTL0_DCORSEL_2" is undefined
"../driverlib/MSP432P4xx/cs.c", line 189: error #20: identifier "CS_CTL0_DCORSEL_3" is undefined
"../driverlib/MSP432P4xx/cs.c", line 192: error #20: identifier "CS_CTL0_DCORSEL_4" is undefined
"../driverlib/MSP432P4xx/cs.c", line 195: error #20: identifier "CS_CTL0_DCORSEL_5" is undefined
"../driverlib/MSP432P4xx/cs.c", line 218: error #137: struct "<unnamed>" has no field "KEY"
"../driverlib/MSP432P4xx/cs.c", line 222: error #20: identifier "CS_CLKEN_ACLK_EN" is undefined
"../driverlib/MSP432P4xx/cs.c", line 234: error #137: struct "<unnamed>" has no field "STAT"
"../driverlib/MSP432P4xx/cs.c", line 234: error #20: identifier "CS_STAT_ACLK_READY_OFS" is undefined
"../driverlib/MSP432P4xx/cs.c", line 238: error #137: struct "<unnamed>" has no field "CTL1"
"../driverlib/MSP432P4xx/cs.c", line 240: error #137: struct "<unnamed>" has no field "CTL1"
"../driverlib/MSP432P4xx/cs.c", line 240: error #20: identifier "CS_CTL1_SELA_MASK" is undefined
"../driverlib/MSP432P4xx/cs.c", line 240: error #20: identifier "CS_CTL1_DIVA_MASK" is undefined
"../driverlib/MSP432P4xx/cs.c", line 243: error #137: struct "<unnamed>" has no field "STAT"
"../driverlib/MSP432P4xx/cs.c", line 248: error #20: identifier "CS_CLKEN_MCLK_EN" is undefined
"../driverlib/MSP432P4xx/cs.c", line 253: error #137: struct "<unnamed>" has no field "STAT"
"../driverlib/MSP432P4xx/cs.c", line 253: error #20: identifier "CS_STAT_MCLK_READY_OFS" is undefined
"../driverlib/MSP432P4xx/cs.c", line 256: error #137: struct "<unnamed>" has no field "CTL1"
"../driverlib/MSP432P4xx/cs.c", line 258: error #137: struct "<unnamed>" has no field "CTL1"
"../driverlib/MSP432P4xx/cs.c", line 258: error #20: identifier "CS_CTL1_SELM_MASK" is undefined
"../driverlib/MSP432P4xx/cs.c", line 258: error #20: identifier "CS_CTL1_DIVM_MASK" is undefined
"../driverlib/MSP432P4xx/cs.c", line 261: error #137: struct "<unnamed>" has no field "STAT"
"../driverlib/MSP432P4xx/cs.c", line 266: error #20: identifier "CS_CLKEN_SMCLK_EN" is undefined
"../driverlib/MSP432P4xx/cs.c", line 270: error #137: struct "<unnamed>" has no field "STAT"
"../driverlib/MSP432P4xx/cs.c", line 270: error #20: identifier "CS_STAT_SMCLK_READY_OFS" is undefined
"../driverlib/MSP432P4xx/cs.c", line 273: error #137: struct "<unnamed>" has no field "CTL1"
"../driverlib/MSP432P4xx/cs.c", line 275: error #137: struct "<unnamed>" has no field "CTL1"
"../driverlib/MSP432P4xx/cs.c", line 275: error #20: identifier "CS_CTL1_DIVS_MASK" is undefined
"../driverlib/MSP432P4xx/cs.c", line 275: error #20: identifier "CS_CTL1_SELS_MASK" is undefined
"../driverlib/MSP432P4xx/cs.c", line 278: error #137: struct "<unnamed>" has no field "STAT"
"../driverlib/MSP432P4xx/cs.c", line 283: error #20: identifier "CS_CLKEN_HSMCLK_EN" is undefined
"../driverlib/MSP432P4xx/cs.c", line 287: error #137: struct "<unnamed>" has no field "STAT"
"../driverlib/MSP432P4xx/cs.c", line 287: error #20: identifier "CS_STAT_HSMCLK_READY_OFS" is undefined
"../driverlib/MSP432P4xx/cs.c", line 290: error #137: struct "<unnamed>" has no field "CTL1"
"../driverlib/MSP432P4xx/cs.c", line 292: error #137: struct "<unnamed>" has no field "CTL1"
"../driverlib/MSP432P4xx/cs.c", line 292: error #20: identifier "CS_CTL1_DIVHS_MASK" is undefined
"../driverlib/MSP432P4xx/cs.c", line 292: error #20: identifier "CS_CTL1_SELS_MASK" is undefined
"../driverlib/MSP432P4xx/cs.c", line 295: error #137: struct "<unnamed>" has no field "STAT"
"../driverlib/MSP432P4xx/cs.c", line 300: error #20: identifier "CS_STAT_BCLK_READY" is undefined
"../driverlib/MSP432P4xx/cs.c", line 305: error #137: struct "<unnamed>" has no field "STAT"
"../driverlib/MSP432P4xx/cs.c", line 305: error #20: identifier "CS_STAT_BCLK_READY_OFS" is undefined
"../driverlib/MSP432P4xx/cs.c", line 311: error #20: identifier "CS_CTL1_SELM_0" is undefined
"../driverlib/MSP432P4xx/cs.c", line 312: error #137: struct "<unnamed>" has no field "CTL1"
"../driverlib/MSP432P4xx/cs.c", line 312: error #20: identifier "CS_CTL1_SELB_OFS" is undefined
"../driverlib/MSP432P4xx/cs.c", line 313: error #20: identifier "CS_CTL1_SELM_2" is undefined
"../driverlib/MSP432P4xx/cs.c", line 314: error #137: struct "<unnamed>" has no field "CTL1"
"../driverlib/MSP432P4xx/cs.c", line 319: error #137: struct "<unnamed>" has no field "STAT"
"../driverlib/MSP432P4xx/cs.c", line 332: error #137: struct "<unnamed>" has no field "KEY"
"../driverlib/MSP432P4xx/cs.c", line 332: error #20: identifier "CS_KEY_KEY_OFS" is undefined
"../driverlib/MSP432P4xx/cs.c", line 234: remark #1527-D: (ULP 2.1) Detected SW delay loop using empty loop. Recommend using a timer module instead
"../driverlib/MSP432P4xx/cs.c", line 243: remark #1527-D: (ULP 2.1) Detected SW delay loop using empty loop. Recommend using a timer module instead
"../driverlib/MSP432P4xx/cs.c", line 253: remark #1527-D: (ULP 2.1) Detected SW delay loop using empty loop. Recommend using a timer module instead
"../driverlib/MSP432P4xx/cs.c", line 261: remark #1527-D: (ULP 2.1) Detected SW delay loop using empty loop. Recommend using a timer module instead
"../driverlib/MSP432P4xx/cs.c", line 270: remark #1527-D: (ULP 2.1) Detected SW delay loop using empty loop. Recommend using a timer module instead
"../driverlib/MSP432P4xx/cs.c", line 278: remark #1527-D: (ULP 2.1) Detected SW delay loop using empty loop. Recommend using a timer module instead
"../driverlib/MSP432P4xx/cs.c", line 287: remark #1527-D: (ULP 2.1) Detected SW delay loop using empty loop. Recommend using a timer module instead
"../driverlib/MSP432P4xx/cs.c", line 295: remark #1527-D: (ULP 2.1) Detected SW delay loop using empty loop. Recommend using a timer module instead
"../driverlib/MSP432P4xx/cs.c", line 305: remark #1527-D: (ULP 2.1) Detected SW delay loop using empty loop. Recommend using a timer module instead
"../driverlib/MSP432P4xx/cs.c", line 319: remark #1527-D: (ULP 2.1) Detected SW delay loop using empty loop. Recommend using a timer module instead
"../driverlib/MSP432P4xx/cs.c", line 347: error #137: struct "<unnamed>" has no field "KEY"

>> Compilation failure
driverlib/MSP432P4xx/subdir_rules.mk:42: recipe for target 'driverlib/MSP432P4xx/cs.obj' failed
"../driverlib/MSP432P4xx/cs.c", line 358: error #137: struct "<unnamed>" has no field "CTL2"
Building file: ../driverlib/MSP432P4xx/dma.c
"../driverlib/MSP432P4xx/cs.c", line 358: error #20: identifier "CS_CTL2_HFXTDRIVE_OFS" is undefined
"../driverlib/MSP432P4xx/cs.c", line 359: error #137: struct "<unnamed>" has no field "CTL2"
"../driverlib/MSP432P4xx/cs.c", line 359: error #137: struct "<unnamed>" has no field "CTL2"
Invoking: MSP432 Compiler
"/Applications/ti/ccsv6/tools/compiler/ti-cgt-arm_5.2.6/bin/armcl" -mv7M4 --code_state=16 --float_support=FPv4SPD16 --abi=eabi -me --include_path="/Applications/ti/ccsv6/ccs_base/arm/include" --include_path="/Applications/ti/ccsv6/ccs_base/arm/include/CMSIS" --include_path="/Users/marybiggs/Desktop/ECE461/BOOSTXL-EDUMKII_LightSensor_MSP432P401R" --include_path="/Users/marybiggs/Desktop/ECE461/BOOSTXL-EDUMKII_LightSensor_MSP432P401R/driverlib/MSP432P4xx" --include_path="/Users/marybiggs/Desktop/ECE461/BOOSTXL-EDUMKII_LightSensor_MSP432P401R/GrLib/grlib" --include_path="/Users/marybiggs/Desktop/ECE461/BOOSTXL-EDUMKII_LightSensor_MSP432P401R/GrLib/fonts" --include_path="/Users/marybiggs/Desktop/ECE461/BOOSTXL-EDUMKII_LightSensor_MSP432P401R/LcdDriver" --include_path="/Applications/ti/ccsv6/tools/compiler/ti-cgt-arm_5.2.6/include" --advice:power=all -g --gcc --define=__MSP432P401R__ --define=TARGET_IS_MSP432P4XX --define=ccs --display_error_number --diag_warning=225 --diag_wrap=off --preproc_with_compile --preproc_dependency="driverlib/MSP432P4xx/dma.pp" --obj_directory="driverlib/MSP432P4xx"  "../driverlib/MSP432P4xx/dma.c"
"../driverlib/MSP432P4xx/cs.c", line 359: error #20: identifier "CS_CTL2_HFXTFREQ_MASK" is undefined
"../driverlib/MSP432P4xx/cs.c", line 363: error #137: struct "<unnamed>" has no field "CTL2"
"../driverlib/MSP432P4xx/cs.c", line 363: error #20: identifier "CS_CTL2_HFXTBYPASS_OFS" is undefined
"../driverlib/MSP432P4xx/cs.c", line 366: error #137: struct "<unnamed>" has no field "CTL2"
"../driverlib/MSP432P4xx/cs.c", line 366: error #20: identifier "CS_CTL2_HFXTBYPASS_OFS" is undefined
"../driverlib/MSP432P4xx/cs.c", line 370: error #137: struct "<unnamed>" has no field "CTL2"
"../driverlib/MSP432P4xx/cs.c", line 370: error #20: identifier "CS_CTL2_HFXT_EN_OFS" is undefined
"../driverlib/MSP432P4xx/cs.c", line 371: error #137: struct "<unnamed>" has no field "IFG"
"../driverlib/MSP432P4xx/cs.c", line 371: error #20: identifier "CS_IFG_HFXTIFG_OFS" is undefined
Error limit reached.
100 errors detected in the compilation of "../driverlib/MSP432P4xx/cs.c".
Compilation terminated.
gmake: *** [driverlib/MSP432P4xx/cs.obj] Error 1
"/Applications/ti/ccsv6/ccs_base/arm/include/msp432p401r.h", line 69: warning #1181-D: #warning directive: "MSP432 software will be updated to use CMSIS-Core in March 2016. This update will allow your MSP432 software to be CMSIS compliant, but require modification to your existing MSP432 code. A beta release is available if you want to start converting your code today. Refer to http://www.ti.com/MSP432CMSIS for detailed changes, conversion guide and background information."
"../driverlib/MSP432P4xx/dma.c", line 48: error #20: identifier "DMA_Control" is undefined
"../driverlib/MSP432P4xx/dma.c", line 56: error #20: identifier "DMA_Control" is undefined
"../driverlib/MSP432P4xx/dma.c", line 64: error #20: identifier "DMA_Control" is undefined
"../driverlib/MSP432P4xx/dma.c", line 72: error #20: identifier "DMA_Control" is undefined
"../driverlib/MSP432P4xx/dma.c", line 85: error #20: identifier "DMA_Control" is undefined
"../driverlib/MSP432P4xx/dma.c", line 98: error #20: identifier "DMA_Control" is undefined
"../driverlib/MSP432P4xx/dma.c", line 112: error #20: identifier "DMA_Control" is undefined
"../driverlib/MSP432P4xx/dma.c", line 126: error #20: identifier "DMA_Control" is undefined
"../driverlib/MSP432P4xx/dma.c", line 135: error #20: identifier "DMA_Control" is undefined
"../driverlib/MSP432P4xx/dma.c", line 144: error #20: identifier "DMA_Control" is undefined
"../driverlib/MSP432P4xx/dma.c", line 157: error #20: identifier "DMA_Control" is undefined
"../driverlib/MSP432P4xx/dma.c", line 184: error #20: identifier "DMA_Control" is undefined
"../driverlib/MSP432P4xx/dma.c", line 193: error #20: identifier "DMA_Control" is undefined
"../driverlib/MSP432P4xx/dma.c", line 201: error #20: identifier "DMA_Control" is undefined
"../driverlib/MSP432P4xx/dma.c", line 209: error #20: identifier "DMA_Control" is undefined
"../driverlib/MSP432P4xx/dma.c", line 237: error #20: identifier "DMA_Control" is undefined
"../driverlib/MSP432P4xx/dma.c", line 246: error #20: identifier "DMA_Control" is undefined
"../driverlib/MSP432P4xx/dma.c", line 254: error #20: identifier "DMA_Control" is undefined
"../driverlib/MSP432P4xx/dma.c", line 262: error #20: identifier "DMA_Control" is undefined
"../driverlib/MSP432P4xx/dma.c", line 285: error #20: identifier "DMA_Control" is undefined
"../driverlib/MSP432P4xx/dma.c", line 340: error #20: identifier "DMA_Control" is undefined
"../driverlib/MSP432P4xx/dma.c", line 378: error #20: identifier "DMA_Control" is undefined
"../driverlib/MSP432P4xx/dma.c", line 499: error #20: identifier "DMA_Control" is undefined
"../driverlib/MSP432P4xx/dma.c", line 564: error #20: identifier "DMA_Control" is undefined
"../driverlib/MSP432P4xx/dma.c", line 616: error #20: identifier "DMA_Control" is undefined
"../driverlib/MSP432P4xx/dma.c", line 652: error #20: identifier "DMA_Channel" is undefined
"../driverlib/MSP432P4xx/dma.c", line 738: error #20: identifier "DMA_Channel" is undefined
"../driverlib/MSP432P4xx/dma.c", line 739: error #20: identifier "DMA_INT1_SRCCFG_INT_SRC_MASK" is undefined
"../driverlib/MSP432P4xx/dma.c", line 742: error #20: identifier "DMA_Channel" is undefined
"../driverlib/MSP432P4xx/dma.c", line 743: error #20: identifier "DMA_INT1_SRCCFG_INT_SRC_MASK" is undefined
"../driverlib/MSP432P4xx/dma.c", line 746: error #20: identifier "DMA_Channel" is undefined
"../driverlib/MSP432P4xx/dma.c", line 747: error #20: identifier "DMA_INT1_SRCCFG_INT_SRC_MASK" is undefined
"../driverlib/MSP432P4xx/dma.c", line 756: error #20: identifier "DMA_Channel" is undefined
"../driverlib/MSP432P4xx/dma.c", line 761: error #20: identifier "DMA_Channel" is undefined
"../driverlib/MSP432P4xx/dma.c", line 766: error #20: identifier "DMA_Channel" is undefined
"../driverlib/MSP432P4xx/dma.c", line 778: error #20: identifier "DMA_Channel" is undefined
"../driverlib/MSP432P4xx/dma.c", line 781: error #20: identifier "DMA_Channel" is undefined
"../driverlib/MSP432P4xx/dma.c", line 784: error #20: identifier "DMA_Channel" is undefined
"../driverlib/MSP432P4xx/dma.c", line 798: error #20: identifier "DMA_Channel" is undefined
"../driverlib/MSP432P4xx/dma.c", line 801: error #20: identifier "DMA_Channel" is undefined
"../driverlib/MSP432P4xx/dma.c", line 804: error #20: identifier "DMA_Channel" is undefined
41 errors detected in the compilation of "../driverlib/MSP432P4xx/dma.c".
gmake: *** [driverlib/MSP432P4xx/dma.obj] Error 1

>> Compilation failure
driverlib/MSP432P4xx/subdir_rules.mk:49: recipe for target 'driverlib/MSP432P4xx/dma.obj' failed
Building file: ../driverlib/MSP432P4xx/flash.c
Invoking: MSP432 Compiler
"/Applications/ti/ccsv6/tools/compiler/ti-cgt-arm_5.2.6/bin/armcl" -mv7M4 --code_state=16 --float_support=FPv4SPD16 --abi=eabi -me --include_path="/Applications/ti/ccsv6/ccs_base/arm/include" --include_path="/Applications/ti/ccsv6/ccs_base/arm/include/CMSIS" --include_path="/Users/marybiggs/Desktop/ECE461/BOOSTXL-EDUMKII_LightSensor_MSP432P401R" --include_path="/Users/marybiggs/Desktop/ECE461/BOOSTXL-EDUMKII_LightSensor_MSP432P401R/driverlib/MSP432P4xx" --include_path="/Users/marybiggs/Desktop/ECE461/BOOSTXL-EDUMKII_LightSensor_MSP432P401R/GrLib/grlib" --include_path="/Users/marybiggs/Desktop/ECE461/BOOSTXL-EDUMKII_LightSensor_MSP432P401R/GrLib/fonts" --include_path="/Users/marybiggs/Desktop/ECE461/BOOSTXL-EDUMKII_LightSensor_MSP432P401R/LcdDriver" --include_path="/Applications/ti/ccsv6/tools/compiler/ti-cgt-arm_5.2.6/include" --advice:power=all -g --gcc --define=__MSP432P401R__ --define=TARGET_IS_MSP432P4XX --define=ccs --display_error_number --diag_warning=225 --diag_wrap=off --preproc_with_compile --preproc_dependency="driverlib/MSP432P4xx/flash.pp" --obj_directory="driverlib/MSP432P4xx"  "../driverlib/MSP432P4xx/flash.c"
"/Applications/ti/ccsv6/ccs_base/arm/include/msp432p401r.h", line 69: warning #1181-D: #warning directive: "MSP432 software will be updated to use CMSIS-Core in March 2016. This update will allow your MSP432 software to be CMSIS compliant, but require modification to your existing MSP432 code. A beta release is available if you want to start converting your code today. Refer to http://www.ti.com/MSP432CMSIS for detailed changes, conversion guide and background information."
"../driverlib/MSP432P4xx/flash.c", line 54: error #137: struct "<unnamed>" has no field "PRGBRST_DATA0_0"
"../driverlib/MSP432P4xx/flash.c", line 54: error #137: struct "<unnamed>" has no field "PRGBRST_DATA0_1"
"../driverlib/MSP432P4xx/flash.c", line 55: error #137: struct "<unnamed>" has no field "PRGBRST_DATA0_2"
"../driverlib/MSP432P4xx/flash.c", line 55: error #137: struct "<unnamed>" has no field "PRGBRST_DATA0_3"
"../driverlib/MSP432P4xx/flash.c", line 56: error #137: struct "<unnamed>" has no field "PRGBRST_DATA1_0"
"../driverlib/MSP432P4xx/flash.c", line 56: error #137: struct "<unnamed>" has no field "PRGBRST_DATA1_1"
"../driverlib/MSP432P4xx/flash.c", line 57: error #137: struct "<unnamed>" has no field "PRGBRST_DATA1_2"
"../driverlib/MSP432P4xx/flash.c", line 57: error #137: struct "<unnamed>" has no field "PRGBRST_DATA1_3"
"../driverlib/MSP432P4xx/flash.c", line 58: error #137: struct "<unnamed>" has no field "PRGBRST_DATA2_0"
"../driverlib/MSP432P4xx/flash.c", line 58: error #137: struct "<unnamed>" has no field "PRGBRST_DATA2_1"
"../driverlib/MSP432P4xx/flash.c", line 59: error #137: struct "<unnamed>" has no field "PRGBRST_DATA2_2"
"../driverlib/MSP432P4xx/flash.c", line 59: error #137: struct "<unnamed>" has no field "PRGBRST_DATA2_3"
"../driverlib/MSP432P4xx/flash.c", line 60: error #137: struct "<unnamed>" has no field "PRGBRST_DATA3_0"
"../driverlib/MSP432P4xx/flash.c", line 60: error #137: struct "<unnamed>" has no field "PRGBRST_DATA3_1"
"../driverlib/MSP432P4xx/flash.c", line 61: error #137: struct "<unnamed>" has no field "PRGBRST_DATA3_2"
"../driverlib/MSP432P4xx/flash.c", line 61: error #137: struct "<unnamed>" has no field "PRGBRST_DATA3_3"
"../driverlib/MSP432P4xx/flash.c", line 175: error #137: struct "<unnamed>" has no field "CLRIFG"
"../driverlib/MSP432P4xx/flash.c", line 186: error #137: struct "<unnamed>" has no field "PRG_CTLSTAT"
"../driverlib/MSP432P4xx/flash.c", line 187: error #137: struct "<unnamed>" has no field "IFG"
"../driverlib/MSP432P4xx/flash.c", line 200: error #137: struct "<unnamed>" has no field "IFG"
"../driverlib/MSP432P4xx/flash.c", line 235: error #137: struct "<unnamed>" has no field "CLRIFG"
"../driverlib/MSP432P4xx/flash.c", line 246: error #137: struct "<unnamed>" has no field "PRG_CTLSTAT"
"../driverlib/MSP432P4xx/flash.c", line 247: error #137: struct "<unnamed>" has no field "IFG"
"../driverlib/MSP432P4xx/flash.c", line 261: error #137: struct "<unnamed>" has no field "IFG"
"../driverlib/MSP432P4xx/flash.c", line 296: error #137: struct "<unnamed>" has no field "PRGBRST_CTLSTAT"
"../driverlib/MSP432P4xx/flash.c", line 296: error #20: identifier "FLCTL_PRGBRST_CTLSTAT_BURST_STATUS_MASK" is undefined
"../driverlib/MSP432P4xx/flash.c", line 299: error #137: struct "<unnamed>" has no field "PRGBRST_CTLSTAT"
"../driverlib/MSP432P4xx/flash.c", line 306: error #137: struct "<unnamed>" has no field "PRGBRST_CTLSTAT"
"../driverlib/MSP432P4xx/flash.c", line 306: error #137: struct "<unnamed>" has no field "PRGBRST_CTLSTAT"
"../driverlib/MSP432P4xx/flash.c", line 307: error #20: identifier "FLCTL_PRGBRST_CTLSTAT_TYPE_MASK" is undefined
"../driverlib/MSP432P4xx/flash.c", line 311: error #137: struct "<unnamed>" has no field "PRGBRST_CTLSTAT"
"../driverlib/MSP432P4xx/flash.c", line 311: error #137: struct "<unnamed>" has no field "PRGBRST_CTLSTAT"
"../driverlib/MSP432P4xx/flash.c", line 312: error #20: identifier "FLCTL_PRGBRST_CTLSTAT_TYPE_MASK" is undefined
"../driverlib/MSP432P4xx/flash.c", line 317: error #137: struct "<unnamed>" has no field "PRGBRST_STARTADDR"
"../driverlib/MSP432P4xx/flash.c", line 331: error #137: struct "<unnamed>" has no field "CLRIFG"
"../driverlib/MSP432P4xx/flash.c", line 335: error #137: struct "<unnamed>" has no field "PRGBRST_CTLSTAT"
"../driverlib/MSP432P4xx/flash.c", line 338: error #137: struct "<unnamed>" has no field "PRGBRST_CTLSTAT"
"../driverlib/MSP432P4xx/flash.c", line 343: error #137: struct "<unnamed>" has no field "PRGBRST_CTLSTAT"
"../driverlib/MSP432P4xx/flash.c", line 343: error #137: struct "<unnamed>" has no field "PRGBRST_CTLSTAT"
"../driverlib/MSP432P4xx/flash.c", line 344: error #20: identifier "FLCTL_PRGBRST_CTLSTAT_LEN_MASK" is undefined
"../driverlib/MSP432P4xx/flash.c", line 349: error #137: struct "<unnamed>" has no field "PRGBRST_CTLSTAT"
"../driverlib/MSP432P4xx/flash.c", line 359: error #137: struct "<unnamed>" has no field "PRGBRST_CTLSTAT"
"../driverlib/MSP432P4xx/flash.c", line 366: error #137: struct "<unnamed>" has no field "PRGBRST_CTLSTAT"
"../driverlib/MSP432P4xx/flash.c", line 367: error #137: struct "<unnamed>" has no field "PRGBRST_CTLSTAT"
"../driverlib/MSP432P4xx/flash.c", line 387: error #137: struct "<unnamed>" has no field "PRGBRST_CTLSTAT"
"../driverlib/MSP432P4xx/flash.c", line 415: error #137: struct "<unnamed>" has no field "PRGBRST_CTLSTAT"
"../driverlib/MSP432P4xx/flash.c", line 418: error #137: struct "<unnamed>" has no field "PRGBRST_CTLSTAT"
"../driverlib/MSP432P4xx/flash.c", line 428: error #137: struct "<unnamed>" has no field "BANK0_RDCTL"
"../driverlib/MSP432P4xx/flash.c", line 430: error #137: struct "<unnamed>" has no field "BANK1_RDCTL"
"../driverlib/MSP432P4xx/flash.c", line 433: error #137: struct "<unnamed>" has no field "BANK0_RDCTL"
"../driverlib/MSP432P4xx/flash.c", line 436: error #137: struct "<unnamed>" has no field "BANK1_RDCTL"
"../driverlib/MSP432P4xx/flash.c", line 445: error #137: struct "<unnamed>" has no field "BANK0_RDCTL"
"../driverlib/MSP432P4xx/flash.c", line 447: error #137: struct "<unnamed>" has no field "BANK1_RDCTL"
"../driverlib/MSP432P4xx/flash.c", line 450: error #137: struct "<unnamed>" has no field "BANK0_RDCTL"
"../driverlib/MSP432P4xx/flash.c", line 453: error #137: struct "<unnamed>" has no field "BANK1_RDCTL"
"../driverlib/MSP432P4xx/flash.c", line 463: error #137: struct "<unnamed>" has no field "BANK0_MAIN_WEPROT"
"../driverlib/MSP432P4xx/flash.c", line 466: error #137: struct "<unnamed>" has no field "BANK1_MAIN_WEPROT"
"../driverlib/MSP432P4xx/flash.c", line 470: error #137: struct "<unnamed>" has no field "BANK0_INFO_WEPROT"
"../driverlib/MSP432P4xx/flash.c", line 474: error #137: struct "<unnamed>" has no field "BANK1_INFO_WEPROT"
"../driverlib/MSP432P4xx/flash.c", line 490: error #137: struct "<unnamed>" has no field "BANK0_MAIN_WEPROT"
"../driverlib/MSP432P4xx/flash.c", line 493: error #137: struct "<unnamed>" has no field "BANK1_MAIN_WEPROT"
"../driverlib/MSP432P4xx/flash.c", line 497: error #137: struct "<unnamed>" has no field "BANK0_INFO_WEPROT"
"../driverlib/MSP432P4xx/flash.c", line 501: error #137: struct "<unnamed>" has no field "BANK1_INFO_WEPROT"
"../driverlib/MSP432P4xx/flash.c", line 517: error #137: struct "<unnamed>" has no field "BANK0_MAIN_WEPROT"
"../driverlib/MSP432P4xx/flash.c", line 519: error #137: struct "<unnamed>" has no field "BANK1_MAIN_WEPROT"
"../driverlib/MSP432P4xx/flash.c", line 522: error #137: struct "<unnamed>" has no field "BANK0_INFO_WEPROT"
"../driverlib/MSP432P4xx/flash.c", line 525: error #137: struct "<unnamed>" has no field "BANK1_INFO_WEPROT"
"../driverlib/MSP432P4xx/flash.c", line 630: error #137: struct "<unnamed>" has no field "RDBRST_CTLSTAT"
"../driverlib/MSP432P4xx/flash.c", line 630: error #137: struct "<unnamed>" has no field "RDBRST_CTLSTAT"
"../driverlib/MSP432P4xx/flash.c", line 631: error #20: identifier "FLCTL_RDBRST_CTLSTAT_MEM_TYPE_MASK" is undefined
"../driverlib/MSP432P4xx/flash.c", line 636: error #137: struct "<unnamed>" has no field "RDBRST_CTLSTAT"
"../driverlib/MSP432P4xx/flash.c", line 636: error #137: struct "<unnamed>" has no field "RDBRST_CTLSTAT"
"../driverlib/MSP432P4xx/flash.c", line 637: error #20: identifier "FLCTL_RDBRST_CTLSTAT_MEM_TYPE_MASK" is undefined
"../driverlib/MSP432P4xx/flash.c", line 643: error #137: struct "<unnamed>" has no field "RDBRST_CTLSTAT"
"../driverlib/MSP432P4xx/flash.c", line 645: error #137: struct "<unnamed>" has no field "RDBRST_FAILCNT"
"../driverlib/MSP432P4xx/flash.c", line 646: error #137: struct "<unnamed>" has no field "RDBRST_STARTADDR"
"../driverlib/MSP432P4xx/flash.c", line 647: error #137: struct "<unnamed>" has no field "RDBRST_LEN"
"../driverlib/MSP432P4xx/flash.c", line 648: error #137: struct "<unnamed>" has no field "RDBRST_LEN"
"../driverlib/MSP432P4xx/flash.c", line 652: error #137: struct "<unnamed>" has no field "RDBRST_CTLSTAT"
"../driverlib/MSP432P4xx/flash.c", line 656: error #137: struct "<unnamed>" has no field "RDBRST_CTLSTAT"
"../driverlib/MSP432P4xx/flash.c", line 656: error #20: identifier "FLCTL_RDBRST_CTLSTAT_BRST_STAT_MASK" is undefined
"../driverlib/MSP432P4xx/flash.c", line 663: error #137: struct "<unnamed>" has no field "RDBRST_CTLSTAT"
"../driverlib/MSP432P4xx/flash.c", line 665: error #137: struct "<unnamed>" has no field "RDBRST_CTLSTAT"
"../driverlib/MSP432P4xx/flash.c", line 667: error #137: struct "<unnamed>" has no field "RDBRST_FAILCNT"
"../driverlib/MSP432P4xx/flash.c", line 697: error #137: struct "<unnamed>" has no field "RDBRST_CTLSTAT"
"../driverlib/MSP432P4xx/flash.c", line 718: error #137: struct "<unnamed>" has no field "POWER_STAT"
"../driverlib/MSP432P4xx/flash.c", line 723: error #137: struct "<unnamed>" has no field "BANK0_RDCTL"
"../driverlib/MSP432P4xx/flash.c", line 723: error #137: struct "<unnamed>" has no field "BANK0_RDCTL"
"../driverlib/MSP432P4xx/flash.c", line 724: error #20: identifier "FLCTL_BANK0_RDCTL_RD_MODE_MASK" is undefined
"../driverlib/MSP432P4xx/flash.c", line 725: error #137: struct "<unnamed>" has no field "BANK0_RDCTL"

>> Compilation failure
driverlib/MSP432P4xx/subdir_rules.mk:56: recipe for target 'driverlib/MSP432P4xx/flash.obj' failed
"../driverlib/MSP432P4xx/flash.c", line 730: error #137: struct "<unnamed>" has no field "BANK1_RDCTL"
"../driverlib/MSP432P4xx/flash.c", line 730: error #137: struct "<unnamed>" has no field "BANK1_RDCTL"
"../driverlib/MSP432P4xx/flash.c", line 731: error #20: identifier "FLCTL_BANK1_RDCTL_RD_MODE_MASK" is undefined
"../driverlib/MSP432P4xx/flash.c", line 732: error #137: struct "<unnamed>" has no field "BANK1_RDCTL"
"../driverlib/MSP432P4xx/flash.c", line 725: remark #1527-D: (ULP 2.1) Detected SW delay loop using empty loop. Recommend using a timer module instead
"../driverlib/MSP432P4xx/flash.c", line 732: remark #1527-D: (ULP 2.1) Detected SW delay loop using empty loop. Recommend using a timer module instead
"../driverlib/MSP432P4xx/flash.c", line 748: error #137: struct "<unnamed>" has no field "BANK0_RDCTL"
"../driverlib/MSP432P4xx/flash.c", line 748: error #20: identifier "FLCTL_BANK0_RDCTL_RD_MODE_MASK" is undefined
"../driverlib/MSP432P4xx/flash.c", line 751: error #137: struct "<unnamed>" has no field "BANK1_RDCTL"
"../driverlib/MSP432P4xx/flash.c", line 751: error #20: identifier "FLCTL_BANK1_RDCTL_RD_MODE_MASK" is undefined
"../driverlib/MSP432P4xx/flash.c", line 762: error #137: struct "<unnamed>" has no field "ERASE_CTLSTAT"
"../driverlib/MSP432P4xx/flash.c", line 765: error #137: struct "<unnamed>" has no field "ERASE_CTLSTAT"
Error limit reached.
100 errors detected in the compilation of "../driverlib/MSP432P4xx/flash.c".
Compilation terminated.
gmake: *** [driverlib/MSP432P4xx/flash.obj] Error 1
Building file: ../driverlib/MSP432P4xx/fpu.c
Invoking: MSP432 Compiler
"/Applications/ti/ccsv6/tools/compiler/ti-cgt-arm_5.2.6/bin/armcl" -mv7M4 --code_state=16 --float_support=FPv4SPD16 --abi=eabi -me --include_path="/Applications/ti/ccsv6/ccs_base/arm/include" --include_path="/Applications/ti/ccsv6/ccs_base/arm/include/CMSIS" --include_path="/Users/marybiggs/Desktop/ECE461/BOOSTXL-EDUMKII_LightSensor_MSP432P401R" --include_path="/Users/marybiggs/Desktop/ECE461/BOOSTXL-EDUMKII_LightSensor_MSP432P401R/driverlib/MSP432P4xx" --include_path="/Users/marybiggs/Desktop/ECE461/BOOSTXL-EDUMKII_LightSensor_MSP432P401R/GrLib/grlib" --include_path="/Users/marybiggs/Desktop/ECE461/BOOSTXL-EDUMKII_LightSensor_MSP432P401R/GrLib/fonts" --include_path="/Users/marybiggs/Desktop/ECE461/BOOSTXL-EDUMKII_LightSensor_MSP432P401R/LcdDriver" --include_path="/Applications/ti/ccsv6/tools/compiler/ti-cgt-arm_5.2.6/include" --advice:power=all -g --gcc --define=__MSP432P401R__ --define=TARGET_IS_MSP432P4XX --define=ccs --display_error_number --diag_warning=225 --diag_wrap=off --preproc_with_compile --preproc_dependency="driverlib/MSP432P4xx/fpu.pp" --obj_directory="driverlib/MSP432P4xx"  "../driverlib/MSP432P4xx/fpu.c"
"/Applications/ti/ccsv6/ccs_base/arm/include/msp432p401r.h", line 69: warning #1181-D: #warning directive: "MSP432 software will be updated to use CMSIS-Core in March 2016. This update will allow your MSP432 software to be CMSIS compliant, but require modification to your existing MSP432 code. A beta release is available if you want to start converting your code today. Refer to http://www.ti.com/MSP432CMSIS for detailed changes, conversion guide and background information."
"../driverlib/MSP432P4xx/fpu.c", line 44: error #20: identifier "SCB_CPACR_CP11_MASK" is undefined
"../driverlib/MSP432P4xx/fpu.c", line 44: error #20: identifier "SCB_CPACR_CP10_MASK" is undefined
"../driverlib/MSP432P4xx/fpu.c", line 53: error #20: identifier "SCB_CPACR_CP10_MASK" is undefined
"../driverlib/MSP432P4xx/fpu.c", line 53: error #20: identifier "SCB_CPACR_CP11_MASK" is undefined
4 errors detected in the compilation of "../driverlib/MSP432P4xx/fpu.c".

>> Compilation failure
gmake: *** [driverlib/MSP432P4xx/fpu.obj] Error 1
driverlib/MSP432P4xx/subdir_rules.mk:63: recipe for target 'driverlib/MSP432P4xx/fpu.obj' failed
Building file: ../driverlib/MSP432P4xx/gpio.c
Invoking: MSP432 Compiler
"/Applications/ti/ccsv6/tools/compiler/ti-cgt-arm_5.2.6/bin/armcl" -mv7M4 --code_state=16 --float_support=FPv4SPD16 --abi=eabi -me --include_path="/Applications/ti/ccsv6/ccs_base/arm/include" --include_path="/Applications/ti/ccsv6/ccs_base/arm/include/CMSIS" --include_path="/Users/marybiggs/Desktop/ECE461/BOOSTXL-EDUMKII_LightSensor_MSP432P401R" --include_path="/Users/marybiggs/Desktop/ECE461/BOOSTXL-EDUMKII_LightSensor_MSP432P401R/driverlib/MSP432P4xx" --include_path="/Users/marybiggs/Desktop/ECE461/BOOSTXL-EDUMKII_LightSensor_MSP432P401R/GrLib/grlib" --include_path="/Users/marybiggs/Desktop/ECE461/BOOSTXL-EDUMKII_LightSensor_MSP432P401R/GrLib/fonts" --include_path="/Users/marybiggs/Desktop/ECE461/BOOSTXL-EDUMKII_LightSensor_MSP432P401R/LcdDriver" --include_path="/Applications/ti/ccsv6/tools/compiler/ti-cgt-arm_5.2.6/include" --advice:power=all -g --gcc --define=__MSP432P401R__ --define=TARGET_IS_MSP432P4XX --define=ccs --display_error_number --diag_warning=225 --diag_wrap=off --preproc_with_compile --preproc_dependency="driverlib/MSP432P4xx/gpio.pp" --obj_directory="driverlib/MSP432P4xx"  "../driverlib/MSP432P4xx/gpio.c"
"/Applications/ti/ccsv6/ccs_base/arm/include/msp432p401r.h", line 69: warning #1181-D: #warning directive: "MSP432 software will be updated to use CMSIS-Core in March 2016. This update will allow your MSP432 software to be CMSIS compliant, but require modification to your existing MSP432 code. A beta release is available if you want to start converting your code today. Refer to http://www.ti.com/MSP432CMSIS for detailed changes, conversion guide and background information."
"../driverlib/MSP432P4xx/gpio.c", line 71: error #20: identifier "P1" is undefined
"../driverlib/MSP432P4xx/gpio.c", line 73: error #20: identifier "P3" is undefined
"../driverlib/MSP432P4xx/gpio.c", line 75: error #20: identifier "P5" is undefined
"../driverlib/MSP432P4xx/gpio.c", line 77: error #20: identifier "P7" is undefined
"../driverlib/MSP432P4xx/gpio.c", line 79: error #20: identifier "P9" is undefined
"../driverlib/MSP432P4xx/gpio.c", line 81: error #20: identifier "PJ" is undefined
"../driverlib/MSP432P4xx/gpio.c", line 160: error #135: expected a field name
"../driverlib/MSP432P4xx/gpio.c", line 170: error #135: expected a field name
"../driverlib/MSP432P4xx/gpio.c", line 180: error #135: expected a field name
"../driverlib/MSP432P4xx/gpio.c", line 195: error #135: expected a field name
"../driverlib/MSP432P4xx/gpio.c", line 209: error #135: expected a field name
"../driverlib/MSP432P4xx/gpio.c", line 303: error #20: identifier "P2" is undefined
12 errors detected in the compilation of "../driverlib/MSP432P4xx/gpio.c".

>> Compilation failure
driverlib/MSP432P4xx/subdir_rules.mk:70: recipe for target 'driverlib/MSP432P4xx/gpio.obj' failed
gmake: *** [driverlib/MSP432P4xx/gpio.obj] Error 1
Building file: ../driverlib/MSP432P4xx/i2c.c
Invoking: MSP432 Compiler
"/Applications/ti/ccsv6/tools/compiler/ti-cgt-arm_5.2.6/bin/armcl" -mv7M4 --code_state=16 --float_support=FPv4SPD16 --abi=eabi -me --include_path="/Applications/ti/ccsv6/ccs_base/arm/include" --include_path="/Applications/ti/ccsv6/ccs_base/arm/include/CMSIS" --include_path="/Users/marybiggs/Desktop/ECE461/BOOSTXL-EDUMKII_LightSensor_MSP432P401R" --include_path="/Users/marybiggs/Desktop/ECE461/BOOSTXL-EDUMKII_LightSensor_MSP432P401R/driverlib/MSP432P4xx" --include_path="/Users/marybiggs/Desktop/ECE461/BOOSTXL-EDUMKII_LightSensor_MSP432P401R/GrLib/grlib" --include_path="/Users/marybiggs/Desktop/ECE461/BOOSTXL-EDUMKII_LightSensor_MSP432P401R/GrLib/fonts" --include_path="/Users/marybiggs/Desktop/ECE461/BOOSTXL-EDUMKII_LightSensor_MSP432P401R/LcdDriver" --include_path="/Applications/ti/ccsv6/tools/compiler/ti-cgt-arm_5.2.6/include" --advice:power=all -g --gcc --define=__MSP432P401R__ --define=TARGET_IS_MSP432P4XX --define=ccs --display_error_number --diag_warning=225 --diag_wrap=off --preproc_with_compile --preproc_dependency="driverlib/MSP432P4xx/i2c.pp" --obj_directory="driverlib/MSP432P4xx"  "../driverlib/MSP432P4xx/i2c.c"
"/Applications/ti/ccsv6/ccs_base/arm/include/msp432p401r.h", line 69: warning #1181-D: #warning directive: "MSP432 software will be updated to use CMSIS-Core in March 2016. This update will allow your MSP432 software to be CMSIS compliant, but require modification to your existing MSP432 code. A beta release is available if you want to start converting your code today. Refer to http://www.ti.com/MSP432CMSIS for detailed changes, conversion guide and background information."
"../driverlib/MSP432P4xx/i2c.c", line 64: error #20: identifier "EUSCI_B_Type" is undefined
"../driverlib/MSP432P4xx/i2c.c", line 64: error #29: expected an expression
"../driverlib/MSP432P4xx/i2c.c", line 64: error #18: expected a ")"
"../driverlib/MSP432P4xx/i2c.c", line 64: error #20: identifier "EUSCI_B_CTLW0_SWRST_OFS" is undefined
"../driverlib/MSP432P4xx/i2c.c", line 68: error #29: expected an expression
"../driverlib/MSP432P4xx/i2c.c", line 68: error #18: expected a ")"
"../driverlib/MSP432P4xx/i2c.c", line 69: error #29: expected an expression
"../driverlib/MSP432P4xx/i2c.c", line 69: error #18: expected a ")"
"../driverlib/MSP432P4xx/i2c.c", line 69: error #20: identifier "EUSCI_B_CTLW1_ASTP_MASK" is undefined
"../driverlib/MSP432P4xx/i2c.c", line 73: error #29: expected an expression
"../driverlib/MSP432P4xx/i2c.c", line 73: error #18: expected a ")"
"../driverlib/MSP432P4xx/i2c.c", line 81: error #29: expected an expression
"../driverlib/MSP432P4xx/i2c.c", line 81: error #18: expected a ")"
"../driverlib/MSP432P4xx/i2c.c", line 82: error #29: expected an expression
"../driverlib/MSP432P4xx/i2c.c", line 82: error #18: expected a ")"
"../driverlib/MSP432P4xx/i2c.c", line 82: error #20: identifier "EUSCI_B_CTLW0_SSEL_MASK" is undefined
"../driverlib/MSP432P4xx/i2c.c", line 83: error #20: identifier "EUSCI_B_CTLW0_MST" is undefined
"../driverlib/MSP432P4xx/i2c.c", line 84: error #20: identifier "EUSCI_B_CTLW0_MODE_3" is undefined
"../driverlib/MSP432P4xx/i2c.c", line 84: error #20: identifier "EUSCI_B_CTLW0_SYNC" is undefined
"../driverlib/MSP432P4xx/i2c.c", line 85: error #20: identifier "EUSCI_B_CTLW0_SWRST" is undefined
"../driverlib/MSP432P4xx/i2c.c", line 95: error #29: expected an expression
"../driverlib/MSP432P4xx/i2c.c", line 95: error #18: expected a ")"
"../driverlib/MSP432P4xx/i2c.c", line 108: error #20: identifier "EUSCI_B_Type" is undefined
"../driverlib/MSP432P4xx/i2c.c", line 108: error #29: expected an expression
"../driverlib/MSP432P4xx/i2c.c", line 108: error #18: expected a ")"
"../driverlib/MSP432P4xx/i2c.c", line 108: error #20: identifier "EUSCI_B_CTLW0_SWRST_OFS" is undefined
"../driverlib/MSP432P4xx/i2c.c", line 112: error #29: expected an expression
"../driverlib/MSP432P4xx/i2c.c", line 112: error #18: expected a ")"
"../driverlib/MSP432P4xx/i2c.c", line 113: error #29: expected an expression
"../driverlib/MSP432P4xx/i2c.c", line 113: error #18: expected a ")"
"../driverlib/MSP432P4xx/i2c.c", line 113: error #20: identifier "EUSCI_B_CTLW0_MST" is undefined
"../driverlib/MSP432P4xx/i2c.c", line 114: error #20: identifier "EUSCI_B_CTLW0_MODE_3" is undefined
"../driverlib/MSP432P4xx/i2c.c", line 114: error #20: identifier "EUSCI_B_CTLW0_SYNC" is undefined
"../driverlib/MSP432P4xx/i2c.c", line 117: error #29: expected an expression
"../driverlib/MSP432P4xx/i2c.c", line 117: error #18: expected a ")"
"../driverlib/MSP432P4xx/i2c.c", line 124: error #20: identifier "EUSCI_B_Type" is undefined
"../driverlib/MSP432P4xx/i2c.c", line 124: error #29: expected an expression

>> Compilation failure
driverlib/MSP432P4xx/subdir_rules.mk:77: recipe for target 'driverlib/MSP432P4xx/i2c.obj' failed
"../driverlib/MSP432P4xx/i2c.c", line 124: error #18: expected a ")"
"../driverlib/MSP432P4xx/i2c.c", line 124: error #20: identifier "EUSCI_B_CTLW0_SWRST_OFS" is undefined
"../driverlib/MSP432P4xx/i2c.c", line 131: error #20: identifier "EUSCI_B_Type" is undefined
"../driverlib/MSP432P4xx/i2c.c", line 131: error #29: expected an expression
"../driverlib/MSP432P4xx/i2c.c", line 131: error #18: expected a ")"
"../driverlib/MSP432P4xx/i2c.c", line 131: error #20: identifier "EUSCI_B_CTLW0_SWRST_OFS" is undefined
"../driverlib/MSP432P4xx/i2c.c", line 139: error #20: identifier "EUSCI_B_Type" is undefined
"../driverlib/MSP432P4xx/i2c.c", line 139: error #29: expected an expression
"../driverlib/MSP432P4xx/i2c.c", line 139: error #18: expected a ")"
Building file: ../driverlib/MSP432P4xx/interrupt.c
"../driverlib/MSP432P4xx/i2c.c", line 148: error #20: identifier "EUSCI_B_Type" is undefined
"../driverlib/MSP432P4xx/i2c.c", line 148: error #29: expected an expression
Invoking: MSP432 Compiler
"/Applications/ti/ccsv6/tools/compiler/ti-cgt-arm_5.2.6/bin/armcl" -mv7M4 --code_state=16 --float_support=FPv4SPD16 --abi=eabi -me --include_path="/Applications/ti/ccsv6/ccs_base/arm/include" --include_path="/Applications/ti/ccsv6/ccs_base/arm/include/CMSIS" --include_path="/Users/marybiggs/Desktop/ECE461/BOOSTXL-EDUMKII_LightSensor_MSP432P401R" --include_path="/Users/marybiggs/Desktop/ECE461/BOOSTXL-EDUMKII_LightSensor_MSP432P401R/driverlib/MSP432P4xx" --include_path="/Users/marybiggs/Desktop/ECE461/BOOSTXL-EDUMKII_LightSensor_MSP432P401R/GrLib/grlib" --include_path="/Users/marybiggs/Desktop/ECE461/BOOSTXL-EDUMKII_LightSensor_MSP432P401R/GrLib/fonts" --include_path="/Users/marybiggs/Desktop/ECE461/BOOSTXL-EDUMKII_LightSensor_MSP432P401R/LcdDriver" --include_path="/Applications/ti/ccsv6/tools/compiler/ti-cgt-arm_5.2.6/include" --advice:power=all -g --gcc --define=__MSP432P401R__ --define=TARGET_IS_MSP432P4XX --define=ccs --display_error_number --diag_warning=225 --diag_wrap=off --preproc_with_compile --preproc_dependency="driverlib/MSP432P4xx/interrupt.pp" --obj_directory="driverlib/MSP432P4xx"  "../driverlib/MSP432P4xx/interrupt.c"
"../driverlib/MSP432P4xx/i2c.c", line 148: error #18: expected a ")"
"../driverlib/MSP432P4xx/i2c.c", line 149: error #29: expected an expression
"../driverlib/MSP432P4xx/i2c.c", line 149: error #18: expected a ")"
"../driverlib/MSP432P4xx/i2c.c", line 150: error #20: identifier "EUSCI_B_CTLW0_TR" is undefined
"../driverlib/MSP432P4xx/i2c.c", line 157: error #20: identifier "EUSCI_B_Type" is undefined
"../driverlib/MSP432P4xx/i2c.c", line 157: error #29: expected an expression
"../driverlib/MSP432P4xx/i2c.c", line 157: error #18: expected a ")"
"../driverlib/MSP432P4xx/i2c.c", line 157: error #20: identifier "EUSCI_B_CTLW0_TR_OFS" is undefined
"../driverlib/MSP432P4xx/i2c.c", line 160: error #29: expected an expression
"../driverlib/MSP432P4xx/i2c.c", line 160: error #18: expected a ")"
"../driverlib/MSP432P4xx/i2c.c", line 160: error #20: identifier "EUSCI_B_CTLW0_TXSTT" is undefined
"../driverlib/MSP432P4xx/i2c.c", line 160: error #20: identifier "EUSCI_B_CTLW0_TXSTP" is undefined
"../driverlib/MSP432P4xx/i2c.c", line 163: error #29: expected an expression
"../driverlib/MSP432P4xx/i2c.c", line 163: error #18: expected a ")"
"../driverlib/MSP432P4xx/i2c.c", line 163: error #20: identifier "EUSCI_B_IFG_RXIFG_OFS" is undefined
"../driverlib/MSP432P4xx/i2c.c", line 167: error #29: expected an expression
"../driverlib/MSP432P4xx/i2c.c", line 167: error #18: expected a ")"
"../driverlib/MSP432P4xx/i2c.c", line 167: error #20: identifier "EUSCI_B_RXBUF_RXBUF_MASK" is undefined
"../driverlib/MSP432P4xx/i2c.c", line 163: remark #1527-D: (ULP 2.1) Detected SW delay loop using empty loop. Recommend using a timer module instead
"../driverlib/MSP432P4xx/i2c.c", line 173: error #20: identifier "EUSCI_B_Type" is undefined
"../driverlib/MSP432P4xx/i2c.c", line 173: error #29: expected an expression
"../driverlib/MSP432P4xx/i2c.c", line 173: error #18: expected a ")"
"../driverlib/MSP432P4xx/i2c.c", line 179: error #20: identifier "EUSCI_B_Type" is undefined
"../driverlib/MSP432P4xx/i2c.c", line 179: error #29: expected an expression
"../driverlib/MSP432P4xx/i2c.c", line 179: error #18: expected a ")"
"../driverlib/MSP432P4xx/i2c.c", line 179: error #20: identifier "EUSCI_B_RXBUF_RXBUF_MASK" is undefined
"../driverlib/MSP432P4xx/i2c.c", line 185: error #20: identifier "EUSCI_B_Type" is undefined
"../driverlib/MSP432P4xx/i2c.c", line 185: error #29: expected an expression
"../driverlib/MSP432P4xx/i2c.c", line 185: error #18: expected a ")"
"../driverlib/MSP432P4xx/i2c.c", line 185: error #20: identifier "EUSCI_B_STATW_BBUSY_OFS" is undefined
"../driverlib/MSP432P4xx/i2c.c", line 192: error #20: identifier "EUSCI_B_Type" is undefined
"../driverlib/MSP432P4xx/i2c.c", line 192: error #29: expected an expression
"../driverlib/MSP432P4xx/i2c.c", line 192: error #18: expected a ")"
"../driverlib/MSP432P4xx/i2c.c", line 192: error #20: identifier "EUSCI_B_IE_TXIE0" is undefined
"../driverlib/MSP432P4xx/i2c.c", line 195: error #29: expected an expression
"../driverlib/MSP432P4xx/i2c.c", line 195: error #18: expected a ")"
"../driverlib/MSP432P4xx/i2c.c", line 195: error #20: identifier "EUSCI_B_IE_TXIE0_OFS" is undefined
"../driverlib/MSP432P4xx/i2c.c", line 198: error #29: expected an expression
"../driverlib/MSP432P4xx/i2c.c", line 198: error #18: expected a ")"
"../driverlib/MSP432P4xx/i2c.c", line 198: error #20: identifier "EUSCI_B_CTLW0_TR" is undefined
"../driverlib/MSP432P4xx/i2c.c", line 198: error #20: identifier "EUSCI_B_CTLW0_TXSTT" is undefined
"../driverlib/MSP432P4xx/i2c.c", line 201: error #29: expected an expression
"../driverlib/MSP432P4xx/i2c.c", line 201: error #18: expected a ")"
"../driverlib/MSP432P4xx/i2c.c", line 201: error #20: identifier "EUSCI_B_IFG_TXIFG" is undefined
"../driverlib/MSP432P4xx/i2c.c", line 205: error #29: expected an expression
"../driverlib/MSP432P4xx/i2c.c", line 205: error #18: expected a ")"
"../driverlib/MSP432P4xx/i2c.c", line 208: error #29: expected an expression
"../driverlib/MSP432P4xx/i2c.c", line 208: error #18: expected a ")"
"../driverlib/MSP432P4xx/i2c.c", line 212: error #29: expected an expression
"../driverlib/MSP432P4xx/i2c.c", line 212: error #18: expected a ")"
"../driverlib/MSP432P4xx/i2c.c", line 212: error #20: identifier "EUSCI_B_CTLW0_TXSTP" is undefined
"../driverlib/MSP432P4xx/i2c.c", line 215: error #29: expected an expression
"../driverlib/MSP432P4xx/i2c.c", line 215: error #18: expected a ")"
Error limit reached.
100 errors detected in the compilation of "../driverlib/MSP432P4xx/i2c.c".
Compilation terminated.
gmake: *** [driverlib/MSP432P4xx/i2c.obj] Error 1
"/Applications/ti/ccsv6/ccs_base/arm/include/msp432p401r.h", line 69: warning #1181-D: #warning directive: "MSP432 software will be updated to use CMSIS-Core in March 2016. This update will allow your MSP432 software to be CMSIS compliant, but require modification to your existing MSP432 code. A beta release is available if you want to start converting your code today. Refer to http://www.ti.com/MSP432CMSIS for detailed changes, conversion guide and background information."
"../driverlib/MSP432P4xx/interrupt.c", line 127: remark #1527-D: (ULP 2.1) Detected SW delay loop using empty loop. Recommend using a timer module instead
Finished building: ../driverlib/MSP432P4xx/interrupt.c
 
Building file: ../driverlib/MSP432P4xx/mpu.c
Invoking: MSP432 Compiler
"/Applications/ti/ccsv6/tools/compiler/ti-cgt-arm_5.2.6/bin/armcl" -mv7M4 --code_state=16 --float_support=FPv4SPD16 --abi=eabi -me --include_path="/Applications/ti/ccsv6/ccs_base/arm/include" --include_path="/Applications/ti/ccsv6/ccs_base/arm/include/CMSIS" --include_path="/Users/marybiggs/Desktop/ECE461/BOOSTXL-EDUMKII_LightSensor_MSP432P401R" --include_path="/Users/marybiggs/Desktop/ECE461/BOOSTXL-EDUMKII_LightSensor_MSP432P401R/driverlib/MSP432P4xx" --include_path="/Users/marybiggs/Desktop/ECE461/BOOSTXL-EDUMKII_LightSensor_MSP432P401R/GrLib/grlib" --include_path="/Users/marybiggs/Desktop/ECE461/BOOSTXL-EDUMKII_LightSensor_MSP432P401R/GrLib/fonts" --include_path="/Users/marybiggs/Desktop/ECE461/BOOSTXL-EDUMKII_LightSensor_MSP432P401R/LcdDriver" --include_path="/Applications/ti/ccsv6/tools/compiler/ti-cgt-arm_5.2.6/include" --advice:power=all -g --gcc --define=__MSP432P401R__ --define=TARGET_IS_MSP432P4XX --define=ccs --display_error_number --diag_warning=225 --diag_wrap=off --preproc_with_compile --preproc_dependency="driverlib/MSP432P4xx/mpu.pp" --obj_directory="driverlib/MSP432P4xx"  "../driverlib/MSP432P4xx/mpu.c"
"/Applications/ti/ccsv6/ccs_base/arm/include/msp432p401r.h", line 69: warning #1181-D: #warning directive: "MSP432 software will be updated to use CMSIS-Core in March 2016. This update will allow your MSP432 software to be CMSIS compliant, but require modification to your existing MSP432 code. A beta release is available if you want to start converting your code today. Refer to http://www.ti.com/MSP432CMSIS for detailed changes, conversion guide and background information."
Finished building: ../driverlib/MSP432P4xx/mpu.c
 
Building file: ../driverlib/MSP432P4xx/pcm.c
Invoking: MSP432 Compiler
"/Applications/ti/ccsv6/tools/compiler/ti-cgt-arm_5.2.6/bin/armcl" -mv7M4 --code_state=16 --float_support=FPv4SPD16 --abi=eabi -me --include_path="/Applications/ti/ccsv6/ccs_base/arm/include" --include_path="/Applications/ti/ccsv6/ccs_base/arm/include/CMSIS" --include_path="/Users/marybiggs/Desktop/ECE461/BOOSTXL-EDUMKII_LightSensor_MSP432P401R" --include_path="/Users/marybiggs/Desktop/ECE461/BOOSTXL-EDUMKII_LightSensor_MSP432P401R/driverlib/MSP432P4xx" --include_path="/Users/marybiggs/Desktop/ECE461/BOOSTXL-EDUMKII_LightSensor_MSP432P401R/GrLib/grlib" --include_path="/Users/marybiggs/Desktop/ECE461/BOOSTXL-EDUMKII_LightSensor_MSP432P401R/GrLib/fonts" --include_path="/Users/marybiggs/Desktop/ECE461/BOOSTXL-EDUMKII_LightSensor_MSP432P401R/LcdDriver" --include_path="/Applications/ti/ccsv6/tools/compiler/ti-cgt-arm_5.2.6/include" --advice:power=all -g --gcc --define=__MSP432P401R__ --define=TARGET_IS_MSP432P4XX --define=ccs --display_error_number --diag_warning=225 --diag_wrap=off --preproc_with_compile --preproc_dependency="driverlib/MSP432P4xx/pcm.pp" --obj_directory="driverlib/MSP432P4xx"  "../driverlib/MSP432P4xx/pcm.c"
"/Applications/ti/ccsv6/ccs_base/arm/include/msp432p401r.h", line 69: warning #1181-D: #warning directive: "MSP432 software will be updated to use CMSIS-Core in March 2016. This update will allow your MSP432 software to be CMSIS compliant, but require modification to your existing MSP432 code. A beta release is available if you want to start converting your code today. Refer to http://www.ti.com/MSP432CMSIS for detailed changes, conversion guide and background information."
"../driverlib/MSP432P4xx/pcm.c", line 69: error #137: struct "<unnamed>" has no field "CTL0"
"../driverlib/MSP432P4xx/pcm.c", line 76: error #137: struct "<unnamed>" has no field "CTL0"
"../driverlib/MSP432P4xx/pcm.c", line 77: error #20: identifier "PCM_CTL0_KEY_MASK" is undefined
"../driverlib/MSP432P4xx/pcm.c", line 77: error #20: identifier "PCM_CTL0_AMR_MASK" is undefined
"../driverlib/MSP432P4xx/pcm.c", line 82: error #137: struct "<unnamed>" has no field "CTL0"
"../driverlib/MSP432P4xx/pcm.c", line 91: error #137: struct "<unnamed>" has no field "CTL1"
"../driverlib/MSP432P4xx/pcm.c", line 91: error #20: identifier "PCM_CTL1_PMR_BUSY_OFS" is undefined
"../driverlib/MSP432P4xx/pcm.c", line 220: error #137: struct "<unnamed>" has no field "CTL0"
"../driverlib/MSP432P4xx/pcm.c", line 226: error #137: struct "<unnamed>" has no field "CTL0"
"../driverlib/MSP432P4xx/pcm.c", line 227: error #20: identifier "PCM_CTL0_KEY_MASK" is undefined
"../driverlib/MSP432P4xx/pcm.c", line 227: error #20: identifier "PCM_CTL0_AMR_MASK" is undefined
"../driverlib/MSP432P4xx/pcm.c", line 231: error #137: struct "<unnamed>" has no field "CTL0"
"../driverlib/MSP432P4xx/pcm.c", line 238: error #137: struct "<unnamed>" has no field "CTL0"
"../driverlib/MSP432P4xx/pcm.c", line 242: error #137: struct "<unnamed>" has no field "CTL0"
"../driverlib/MSP432P4xx/pcm.c", line 253: error #137: struct "<unnamed>" has no field "CTL0"
"../driverlib/MSP432P4xx/pcm.c", line 257: error #137: struct "<unnamed>" has no field "CTL0"
"../driverlib/MSP432P4xx/pcm.c", line 270: error #137: struct "<unnamed>" has no field "CTL1"
"../driverlib/MSP432P4xx/pcm.c", line 270: error #20: identifier "PCM_CTL1_PMR_BUSY_OFS" is undefined
"../driverlib/MSP432P4xx/pcm.c", line 408: error #20: identifier "PCM_CTL0_LPMR_12" is undefined
"../driverlib/MSP432P4xx/pcm.c", line 408: error #20: identifier "PCM_CTL0_LPMR_10" is undefined
"../driverlib/MSP432P4xx/pcm.c", line 415: error #137: struct "<unnamed>" has no field "CTL1"
"../driverlib/MSP432P4xx/pcm.c", line 415: error #20: identifier "PCM_CTL1_PMR_BUSY_OFS" is undefined
"../driverlib/MSP432P4xx/pcm.c", line 421: error #137: struct "<unnamed>" has no field "CTL0"
"../driverlib/MSP432P4xx/pcm.c", line 422: error #137: struct "<unnamed>" has no field "CTL0"
"../driverlib/MSP432P4xx/pcm.c", line 422: error #20: identifier "PCM_CTL0_KEY_MASK" is undefined
"../driverlib/MSP432P4xx/pcm.c", line 422: error #20: identifier "PCM_CTL0_LPMR_MASK" is undefined
"../driverlib/MSP432P4xx/pcm.c", line 461: error #137: struct "<unnamed>" has no field "CTL1"
"../driverlib/MSP432P4xx/pcm.c", line 461: error #20: identifier "PCM_CTL1_PMR_BUSY_OFS" is undefined
"../driverlib/MSP432P4xx/pcm.c", line 496: error #137: struct "<unnamed>" has no field "CTL1"
"../driverlib/MSP432P4xx/pcm.c", line 496: error #20: identifier "PCM_CTL1_PMR_BUSY_OFS" is undefined
"../driverlib/MSP432P4xx/pcm.c", line 500: error #137: struct "<unnamed>" has no field "CTL0"
"../driverlib/MSP432P4xx/pcm.c", line 500: error #20: identifier "PCM_CTL0_LPMR_MASK" is undefined
"../driverlib/MSP432P4xx/pcm.c", line 500: error #20: identifier "PCM_CTL0_LPMR_10" is undefined
"../driverlib/MSP432P4xx/pcm.c", line 501: error #137: struct "<unnamed>" has no field "CTL0"
"../driverlib/MSP432P4xx/pcm.c", line 501: error #20: identifier "PCM_CTL0_LPMR_12" is undefined
"../driverlib/MSP432P4xx/pcm.c", line 511: error #137: struct "<unnamed>" has no field "CTL0"
"../driverlib/MSP432P4xx/pcm.c", line 511: error #137: struct "<unnamed>" has no field "CTL0"
"../driverlib/MSP432P4xx/pcm.c", line 511: error #20: identifier "PCM_CTL0_KEY_MASK" is undefined
"../driverlib/MSP432P4xx/pcm.c", line 544: error #137: struct "<unnamed>" has no field "CTL0"
"../driverlib/MSP432P4xx/pcm.c", line 544: error #20: identifier "PCM_CTL0_CPM_MASK" is undefined
"../driverlib/MSP432P4xx/pcm.c", line 550: error #137: struct "<unnamed>" has no field "CTL1"
"../driverlib/MSP432P4xx/pcm.c", line 550: error #137: struct "<unnamed>" has no field "CTL1"
"../driverlib/MSP432P4xx/pcm.c", line 550: error #20: identifier "PCM_CTL0_KEY_MASK" is undefined
"../driverlib/MSP432P4xx/pcm.c", line 551: error #20: identifier "PCM_CTL1_FORCE_LPM_ENTRY" is undefined
"../driverlib/MSP432P4xx/pcm.c", line 556: error #137: struct "<unnamed>" has no field "CTL1"
"../driverlib/MSP432P4xx/pcm.c", line 556: error #137: struct "<unnamed>" has no field "CTL1"
"../driverlib/MSP432P4xx/pcm.c", line 556: error #20: identifier "PCM_CTL0_KEY_MASK" is undefined
"../driverlib/MSP432P4xx/pcm.c", line 556: error #20: identifier "PCM_CTL1_FORCE_LPM_ENTRY" is undefined
"../driverlib/MSP432P4xx/pcm.c", line 562: error #137: struct "<unnamed>" has no field "IE"
"../driverlib/MSP432P4xx/pcm.c", line 567: error #137: struct "<unnamed>" has no field "IE"
"../driverlib/MSP432P4xx/pcm.c", line 572: error #137: struct "<unnamed>" has no field "IFG"
"../driverlib/MSP432P4xx/pcm.c", line 577: error #137: struct "<unnamed>" has no field "IE"
"../driverlib/MSP432P4xx/pcm.c", line 582: error #137: struct "<unnamed>" has no field "CLRIFG"
53 errors detected in the compilation of "../driverlib/MSP432P4xx/pcm.c".

>> Compilation failure
gmake: *** [driverlib/MSP432P4xx/pcm.obj] Error 1
driverlib/MSP432P4xx/subdir_rules.mk:98: recipe for target 'driverlib/MSP432P4xx/pcm.obj' failed
Building file: ../driverlib/MSP432P4xx/pmap.c
Invoking: MSP432 Compiler
"/Applications/ti/ccsv6/tools/compiler/ti-cgt-arm_5.2.6/bin/armcl" -mv7M4 --code_state=16 --float_support=FPv4SPD16 --abi=eabi -me --include_path="/Applications/ti/ccsv6/ccs_base/arm/include" --include_path="/Applications/ti/ccsv6/ccs_base/arm/include/CMSIS" --include_path="/Users/marybiggs/Desktop/ECE461/BOOSTXL-EDUMKII_LightSensor_MSP432P401R" --include_path="/Users/marybiggs/Desktop/ECE461/BOOSTXL-EDUMKII_LightSensor_MSP432P401R/driverlib/MSP432P4xx" --include_path="/Users/marybiggs/Desktop/ECE461/BOOSTXL-EDUMKII_LightSensor_MSP432P401R/GrLib/grlib" --include_path="/Users/marybiggs/Desktop/ECE461/BOOSTXL-EDUMKII_LightSensor_MSP432P401R/GrLib/fonts" --include_path="/Users/marybiggs/Desktop/ECE461/BOOSTXL-EDUMKII_LightSensor_MSP432P401R/LcdDriver" --include_path="/Applications/ti/ccsv6/tools/compiler/ti-cgt-arm_5.2.6/include" --advice:power=all -g --gcc --define=__MSP432P401R__ --define=TARGET_IS_MSP432P4XX --define=ccs --display_error_number --diag_warning=225 --diag_wrap=off --preproc_with_compile --preproc_dependency="driverlib/MSP432P4xx/pmap.pp" --obj_directory="driverlib/MSP432P4xx"  "../driverlib/MSP432P4xx/pmap.c"
"/Applications/ti/ccsv6/ccs_base/arm/include/msp432p401r.h", line 69: warning #1181-D: #warning directive: "MSP432 software will be updated to use CMSIS-Core in March 2016. This update will allow your MSP432 software to be CMSIS compliant, but require modification to your existing MSP432 code. A beta release is available if you want to start converting your code today. Refer to http://www.ti.com/MSP432CMSIS for detailed changes, conversion guide and background information."
"../driverlib/MSP432P4xx/pmap.c", line 51: error #137: struct "<unnamed>" has no field "KEYID"
"../driverlib/MSP432P4xx/pmap.c", line 54: error #137: struct "<unnamed>" has no field "CTL"
"../driverlib/MSP432P4xx/pmap.c", line 54: error #137: struct "<unnamed>" has no field "CTL"
"../driverlib/MSP432P4xx/pmap.c", line 54: error #20: identifier "PMAP_CTL_PRECFG" is undefined
"../driverlib/MSP432P4xx/pmap.c", line 64: error #137: struct "<unnamed>" has no field "KEYID"
"../driverlib/MSP432P4xx/pmap.c", line 58: remark #1543-D: (ULP 12.2) Detected for loop with repetitive data transfer. Recommend using DMA
5 errors detected in the compilation of "../driverlib/MSP432P4xx/pmap.c".

>> Compilation failure
driverlib/MSP432P4xx/subdir_rules.mk:105: recipe for target 'driverlib/MSP432P4xx/pmap.obj' failed
gmake: *** [driverlib/MSP432P4xx/pmap.obj] Error 1
Building file: ../driverlib/MSP432P4xx/pss.c
Invoking: MSP432 Compiler
"/Applications/ti/ccsv6/tools/compiler/ti-cgt-arm_5.2.6/bin/armcl" -mv7M4 --code_state=16 --float_support=FPv4SPD16 --abi=eabi -me --include_path="/Applications/ti/ccsv6/ccs_base/arm/include" --include_path="/Applications/ti/ccsv6/ccs_base/arm/include/CMSIS" --include_path="/Users/marybiggs/Desktop/ECE461/BOOSTXL-EDUMKII_LightSensor_MSP432P401R" --include_path="/Users/marybiggs/Desktop/ECE461/BOOSTXL-EDUMKII_LightSensor_MSP432P401R/driverlib/MSP432P4xx" --include_path="/Users/marybiggs/Desktop/ECE461/BOOSTXL-EDUMKII_LightSensor_MSP432P401R/GrLib/grlib" --include_path="/Users/marybiggs/Desktop/ECE461/BOOSTXL-EDUMKII_LightSensor_MSP432P401R/GrLib/fonts" --include_path="/Users/marybiggs/Desktop/ECE461/BOOSTXL-EDUMKII_LightSensor_MSP432P401R/LcdDriver" --include_path="/Applications/ti/ccsv6/tools/compiler/ti-cgt-arm_5.2.6/include" --advice:power=all -g --gcc --define=__MSP432P401R__ --define=TARGET_IS_MSP432P4XX --define=ccs --display_error_number --diag_warning=225 --diag_wrap=off --preproc_with_compile --preproc_dependency="driverlib/MSP432P4xx/pss.pp" --obj_directory="driverlib/MSP432P4xx"  "../driverlib/MSP432P4xx/pss.c"
"/Applications/ti/ccsv6/ccs_base/arm/include/msp432p401r.h", line 69: warning #1181-D: #warning directive: "MSP432 software will be updated to use CMSIS-Core in March 2016. This update will allow your MSP432 software to be CMSIS compliant, but require modification to your existing MSP432 code. A beta release is available if you want to start converting your code today. Refer to http://www.ti.com/MSP432CMSIS for detailed changes, conversion guide and background information."
"../driverlib/MSP432P4xx/pss.c", line 48: error #137: struct "<unnamed>" has no field "KEY"
"../driverlib/MSP432P4xx/pss.c", line 53: error #137: struct "<unnamed>" has no field "KEY"
"../driverlib/MSP432P4xx/pss.c", line 61: error #137: struct "<unnamed>" has no field "CTL0"
"../driverlib/MSP432P4xx/pss.c", line 61: error #20: identifier "PSS_CTL0_DCDC_FORCE_OFS" is undefined
"../driverlib/MSP432P4xx/pss.c", line 70: error #137: struct "<unnamed>" has no field "CTL0"
"../driverlib/MSP432P4xx/pss.c", line 70: error #20: identifier "PSS_CTL0_DCDC_FORCE_OFS" is undefined
"../driverlib/MSP432P4xx/pss.c", line 81: error #137: struct "<unnamed>" has no field "CTL0"
"../driverlib/MSP432P4xx/pss.c", line 81: error #20: identifier "PSS_CTL0_SVMHOE" is undefined
"../driverlib/MSP432P4xx/pss.c", line 81: error #20: identifier "PSS_CTL0_SVMHOUTPOLAL" is undefined
"../driverlib/MSP432P4xx/pss.c", line 84: error #137: struct "<unnamed>" has no field "CTL0"
"../driverlib/MSP432P4xx/pss.c", line 84: error #20: identifier "PSS_CTL0_SVMHOUTPOLAL_OFS" is undefined
"../driverlib/MSP432P4xx/pss.c", line 85: error #137: struct "<unnamed>" has no field "CTL0"
"../driverlib/MSP432P4xx/pss.c", line 85: error #20: identifier "PSS_CTL0_SVMHOE_OFS" is undefined
"../driverlib/MSP432P4xx/pss.c", line 95: error #137: struct "<unnamed>" has no field "CTL0"
"../driverlib/MSP432P4xx/pss.c", line 95: error #20: identifier "PSS_CTL0_SVMHOE_OFS" is undefined
"../driverlib/MSP432P4xx/pss.c", line 104: error #137: struct "<unnamed>" has no field "CTL0"
"../driverlib/MSP432P4xx/pss.c", line 104: error #20: identifier "PSS_CTL0_SVSMHOFF_OFS" is undefined
"../driverlib/MSP432P4xx/pss.c", line 113: error #137: struct "<unnamed>" has no field "CTL0"
"../driverlib/MSP432P4xx/pss.c", line 113: error #20: identifier "PSS_CTL0_SVSMHOFF_OFS" is undefined
"../driverlib/MSP432P4xx/pss.c", line 123: error #137: struct "<unnamed>" has no field "CTL0"
"../driverlib/MSP432P4xx/pss.c", line 123: error #20: identifier "PSS_CTL0_SVSMHLP_OFS" is undefined
"../driverlib/MSP432P4xx/pss.c", line 125: error #137: struct "<unnamed>" has no field "CTL0"
"../driverlib/MSP432P4xx/pss.c", line 132: error #137: struct "<unnamed>" has no field "CTL0"
"../driverlib/MSP432P4xx/pss.c", line 132: error #20: identifier "PSS_CTL0_SVSMHLP_OFS" is undefined
"../driverlib/MSP432P4xx/pss.c", line 142: error #137: struct "<unnamed>" has no field "CTL0"
"../driverlib/MSP432P4xx/pss.c", line 142: error #20: identifier "PSS_CTL0_SVSMHS_OFS" is undefined
"../driverlib/MSP432P4xx/pss.c", line 151: error #137: struct "<unnamed>" has no field "CTL0"
"../driverlib/MSP432P4xx/pss.c", line 151: error #20: identifier "PSS_CTL0_SVSMHS_OFS" is undefined
"../driverlib/MSP432P4xx/pss.c", line 162: error #137: struct "<unnamed>" has no field "CTL0"
"../driverlib/MSP432P4xx/pss.c", line 162: error #20: identifier "PSS_CTL0_SVSMHTH_MASK" is undefined
"../driverlib/MSP432P4xx/pss.c", line 163: error #137: struct "<unnamed>" has no field "CTL0"
"../driverlib/MSP432P4xx/pss.c", line 163: error #20: identifier "PSS_CTL0_SVSMHTH_OFS" is undefined
"../driverlib/MSP432P4xx/pss.c", line 170: error #137: struct "<unnamed>" has no field "CTL0"
"../driverlib/MSP432P4xx/pss.c", line 170: error #20: identifier "PSS_CTL0_SVSMHTH_MASK" is undefined
"../driverlib/MSP432P4xx/pss.c", line 171: error #20: identifier "PSS_CTL0_SVSMHTH_OFS" is undefined
"../driverlib/MSP432P4xx/pss.c", line 177: error #137: struct "<unnamed>" has no field "IE"
"../driverlib/MSP432P4xx/pss.c", line 177: error #20: identifier "PSS_IE_SVSMHIE_OFS" is undefined
"../driverlib/MSP432P4xx/pss.c", line 184: error #137: struct "<unnamed>" has no field "IE"
"../driverlib/MSP432P4xx/pss.c", line 184: error #20: identifier "PSS_IE_SVSMHIE_OFS" is undefined
"../driverlib/MSP432P4xx/pss.c", line 190: error #137: struct "<unnamed>" has no field "IFG"
"../driverlib/MSP432P4xx/pss.c", line 196: error #137: struct "<unnamed>" has no field "CLRIFG"
"../driverlib/MSP432P4xx/pss.c", line 196: error #20: identifier "PSS_CLRIFG_CLRSVSMHIFG_OFS" is undefined
42 errors detected in the compilation of "../driverlib/MSP432P4xx/pss.c".
gmake: *** [driverlib/MSP432P4xx/pss.obj] Error 1

>> Compilation failure
driverlib/MSP432P4xx/subdir_rules.mk:112: recipe for target 'driverlib/MSP432P4xx/pss.obj' failed
Building file: ../driverlib/MSP432P4xx/ref_a.c
Invoking: MSP432 Compiler
"/Applications/ti/ccsv6/tools/compiler/ti-cgt-arm_5.2.6/bin/armcl" -mv7M4 --code_state=16 --float_support=FPv4SPD16 --abi=eabi -me --include_path="/Applications/ti/ccsv6/ccs_base/arm/include" --include_path="/Applications/ti/ccsv6/ccs_base/arm/include/CMSIS" --include_path="/Users/marybiggs/Desktop/ECE461/BOOSTXL-EDUMKII_LightSensor_MSP432P401R" --include_path="/Users/marybiggs/Desktop/ECE461/BOOSTXL-EDUMKII_LightSensor_MSP432P401R/driverlib/MSP432P4xx" --include_path="/Users/marybiggs/Desktop/ECE461/BOOSTXL-EDUMKII_LightSensor_MSP432P401R/GrLib/grlib" --include_path="/Users/marybiggs/Desktop/ECE461/BOOSTXL-EDUMKII_LightSensor_MSP432P401R/GrLib/fonts" --include_path="/Users/marybiggs/Desktop/ECE461/BOOSTXL-EDUMKII_LightSensor_MSP432P401R/LcdDriver" --include_path="/Applications/ti/ccsv6/tools/compiler/ti-cgt-arm_5.2.6/include" --advice:power=all -g --gcc --define=__MSP432P401R__ --define=TARGET_IS_MSP432P4XX --define=ccs --display_error_number --diag_warning=225 --diag_wrap=off --preproc_with_compile --preproc_dependency="driverlib/MSP432P4xx/ref_a.pp" --obj_directory="driverlib/MSP432P4xx"  "../driverlib/MSP432P4xx/ref_a.c"
"/Applications/ti/ccsv6/ccs_base/arm/include/msp432p401r.h", line 69: warning #1181-D: #warning directive: "MSP432 software will be updated to use CMSIS-Core in March 2016. This update will allow your MSP432 software to be CMSIS compliant, but require modification to your existing MSP432 code. A beta release is available if you want to start converting your code today. Refer to http://www.ti.com/MSP432CMSIS for detailed changes, conversion guide and background information."
"../driverlib/MSP432P4xx/ref_a.c", line 44: error #137: struct "<unnamed>" has no field "CTL0"
"../driverlib/MSP432P4xx/ref_a.c", line 44: error #137: struct "<unnamed>" has no field "CTL0"
"../driverlib/MSP432P4xx/ref_a.c", line 44: error #20: identifier "REF_A_CTL0_VSEL_3" is undefined
"../driverlib/MSP432P4xx/ref_a.c", line 49: error #137: struct "<unnamed>" has no field "CTL0"
"../driverlib/MSP432P4xx/ref_a.c", line 49: error #20: identifier "REF_A_CTL0_TCOFF_OFS" is undefined
"../driverlib/MSP432P4xx/ref_a.c", line 54: error #137: struct "<unnamed>" has no field "CTL0"
"../driverlib/MSP432P4xx/ref_a.c", line 54: error #20: identifier "REF_A_CTL0_TCOFF_OFS" is undefined
"../driverlib/MSP432P4xx/ref_a.c", line 59: error #137: struct "<unnamed>" has no field "CTL0"
"../driverlib/MSP432P4xx/ref_a.c", line 59: error #20: identifier "REF_A_CTL0_OUT_OFS" is undefined
"../driverlib/MSP432P4xx/ref_a.c", line 64: error #137: struct "<unnamed>" has no field "CTL0"
"../driverlib/MSP432P4xx/ref_a.c", line 64: error #20: identifier "REF_A_CTL0_OUT_OFS" is undefined
"../driverlib/MSP432P4xx/ref_a.c", line 69: error #137: struct "<unnamed>" has no field "CTL0"
"../driverlib/MSP432P4xx/ref_a.c", line 69: error #20: identifier "REF_A_CTL0_ON_OFS" is undefined
"../driverlib/MSP432P4xx/ref_a.c", line 74: error #137: struct "<unnamed>" has no field "CTL0"
"../driverlib/MSP432P4xx/ref_a.c", line 74: error #20: identifier "REF_A_CTL0_ON_OFS" is undefined
"../driverlib/MSP432P4xx/ref_a.c", line 79: error #137: struct "<unnamed>" has no field "CTL0"
"../driverlib/MSP432P4xx/ref_a.c", line 79: error #20: identifier "REF_A_CTL0_BGMODE" is undefined
"../driverlib/MSP432P4xx/ref_a.c", line 84: error #137: struct "<unnamed>" has no field "CTL0"
"../driverlib/MSP432P4xx/ref_a.c", line 84: error #20: identifier "REF_A_CTL0_BGACT_OFS" is undefined
"../driverlib/MSP432P4xx/ref_a.c", line 89: error #137: struct "<unnamed>" has no field "CTL0"
"../driverlib/MSP432P4xx/ref_a.c", line 89: error #20: identifier "REF_A_CTL0_GENBUSY_OFS" is undefined
"../driverlib/MSP432P4xx/ref_a.c", line 94: error #137: struct "<unnamed>" has no field "CTL0"
"../driverlib/MSP432P4xx/ref_a.c", line 94: error #20: identifier "REF_A_CTL0_GENACT_OFS" is undefined
"../driverlib/MSP432P4xx/ref_a.c", line 99: error #137: struct "<unnamed>" has no field "CTL0"
"../driverlib/MSP432P4xx/ref_a.c", line 99: error #20: identifier "REF_A_CTL0_BGRDY_OFS" is undefined
"../driverlib/MSP432P4xx/ref_a.c", line 104: error #137: struct "<unnamed>" has no field "CTL0"
"../driverlib/MSP432P4xx/ref_a.c", line 104: error #20: identifier "REF_A_CTL0_GENRDY_OFS" is undefined
"../driverlib/MSP432P4xx/ref_a.c", line 109: error #137: struct "<unnamed>" has no field "CTL0"
"../driverlib/MSP432P4xx/ref_a.c", line 109: error #20: identifier "REF_A_CTL0_GENOT_OFS" is undefined
"../driverlib/MSP432P4xx/ref_a.c", line 114: error #137: struct "<unnamed>" has no field "CTL0"
"../driverlib/MSP432P4xx/ref_a.c", line 114: error #20: identifier "REF_A_CTL0_BGOT_OFS" is undefined
31 errors detected in the compilation of "../driverlib/MSP432P4xx/ref_a.c".

>> Compilation failure
driverlib/MSP432P4xx/subdir_rules.mk:119: recipe for target 'driverlib/MSP432P4xx/ref_a.obj' failed
gmake: *** [driverlib/MSP432P4xx/ref_a.obj] Error 1
Building file: ../driverlib/MSP432P4xx/reset.c
Invoking: MSP432 Compiler
"/Applications/ti/ccsv6/tools/compiler/ti-cgt-arm_5.2.6/bin/armcl" -mv7M4 --code_state=16 --float_support=FPv4SPD16 --abi=eabi -me --include_path="/Applications/ti/ccsv6/ccs_base/arm/include" --include_path="/Applications/ti/ccsv6/ccs_base/arm/include/CMSIS" --include_path="/Users/marybiggs/Desktop/ECE461/BOOSTXL-EDUMKII_LightSensor_MSP432P401R" --include_path="/Users/marybiggs/Desktop/ECE461/BOOSTXL-EDUMKII_LightSensor_MSP432P401R/driverlib/MSP432P4xx" --include_path="/Users/marybiggs/Desktop/ECE461/BOOSTXL-EDUMKII_LightSensor_MSP432P401R/GrLib/grlib" --include_path="/Users/marybiggs/Desktop/ECE461/BOOSTXL-EDUMKII_LightSensor_MSP432P401R/GrLib/fonts" --include_path="/Users/marybiggs/Desktop/ECE461/BOOSTXL-EDUMKII_LightSensor_MSP432P401R/LcdDriver" --include_path="/Applications/ti/ccsv6/tools/compiler/ti-cgt-arm_5.2.6/include" --advice:power=all -g --gcc --define=__MSP432P401R__ --define=TARGET_IS_MSP432P4XX --define=ccs --display_error_number --diag_warning=225 --diag_wrap=off --preproc_with_compile --preproc_dependency="driverlib/MSP432P4xx/reset.pp" --obj_directory="driverlib/MSP432P4xx"  "../driverlib/MSP432P4xx/reset.c"
"/Applications/ti/ccsv6/ccs_base/arm/include/msp432p401r.h", line 69: warning #1181-D: #warning directive: "MSP432 software will be updated to use CMSIS-Core in March 2016. This update will allow your MSP432 software to be CMSIS compliant, but require modification to your existing MSP432 code. A beta release is available if you want to start converting your code today. Refer to http://www.ti.com/MSP432CMSIS for detailed changes, conversion guide and background information."
"../driverlib/MSP432P4xx/reset.c", line 42: error #137: struct "<unnamed>" has no field "RESET_REQ"
"../driverlib/MSP432P4xx/reset.c", line 47: error #137: struct "<unnamed>" has no field "SOFTRESET_SET"
"../driverlib/MSP432P4xx/reset.c", line 52: error #137: struct "<unnamed>" has no field "SOFTRESET_STAT"
"../driverlib/MSP432P4xx/reset.c", line 57: error #137: struct "<unnamed>" has no field "SOFTRESET_CLR"
"../driverlib/MSP432P4xx/reset.c", line 62: error #137: struct "<unnamed>" has no field "RESET_REQ"
"../driverlib/MSP432P4xx/reset.c", line 67: error #137: struct "<unnamed>" has no field "HARDRESET_SET"
"../driverlib/MSP432P4xx/reset.c", line 72: error #137: struct "<unnamed>" has no field "HARDRESET_STAT"
"../driverlib/MSP432P4xx/reset.c", line 77: error #137: struct "<unnamed>" has no field "HARDRESET_CLR"
"../driverlib/MSP432P4xx/reset.c", line 82: error #137: struct "<unnamed>" has no field "PSSRESET_STAT"
"../driverlib/MSP432P4xx/reset.c", line 87: error #137: struct "<unnamed>" has no field "PSSRESET_CLR"
"../driverlib/MSP432P4xx/reset.c", line 92: error #137: struct "<unnamed>" has no field "PCMRESET_STAT"
"../driverlib/MSP432P4xx/reset.c", line 97: error #137: struct "<unnamed>" has no field "PCMRESET_CLR"
12 errors detected in the compilation of "../driverlib/MSP432P4xx/reset.c".

>> Compilation failure
driverlib/MSP432P4xx/subdir_rules.mk:126: recipe for target 'driverlib/MSP432P4xx/reset.obj' failed
gmake: *** [driverlib/MSP432P4xx/reset.obj] Error 1
Building file: ../driverlib/MSP432P4xx/rtc_c.c
Invoking: MSP432 Compiler
"/Applications/ti/ccsv6/tools/compiler/ti-cgt-arm_5.2.6/bin/armcl" -mv7M4 --code_state=16 --float_support=FPv4SPD16 --abi=eabi -me --include_path="/Applications/ti/ccsv6/ccs_base/arm/include" --include_path="/Applications/ti/ccsv6/ccs_base/arm/include/CMSIS" --include_path="/Users/marybiggs/Desktop/ECE461/BOOSTXL-EDUMKII_LightSensor_MSP432P401R" --include_path="/Users/marybiggs/Desktop/ECE461/BOOSTXL-EDUMKII_LightSensor_MSP432P401R/driverlib/MSP432P4xx" --include_path="/Users/marybiggs/Desktop/ECE461/BOOSTXL-EDUMKII_LightSensor_MSP432P401R/GrLib/grlib" --include_path="/Users/marybiggs/Desktop/ECE461/BOOSTXL-EDUMKII_LightSensor_MSP432P401R/GrLib/fonts" --include_path="/Users/marybiggs/Desktop/ECE461/BOOSTXL-EDUMKII_LightSensor_MSP432P401R/LcdDriver" --include_path="/Applications/ti/ccsv6/tools/compiler/ti-cgt-arm_5.2.6/include" --advice:power=all -g --gcc --define=__MSP432P401R__ --define=TARGET_IS_MSP432P4XX --define=ccs --display_error_number --diag_warning=225 --diag_wrap=off --preproc_with_compile --preproc_dependency="driverlib/MSP432P4xx/rtc_c.pp" --obj_directory="driverlib/MSP432P4xx"  "../driverlib/MSP432P4xx/rtc_c.c"
"/Applications/ti/ccsv6/ccs_base/arm/include/msp432p401r.h", line 69: warning #1181-D: #warning directive: "MSP432 software will be updated to use CMSIS-Core in March 2016. This update will allow your MSP432 software to be CMSIS compliant, but require modification to your existing MSP432 code. A beta release is available if you want to start converting your code today. Refer to http://www.ti.com/MSP432CMSIS for detailed changes, conversion guide and background information."
"../driverlib/MSP432P4xx/rtc_c.c", line 44: error #137: struct "<unnamed>" has no field "CTL0"
"../driverlib/MSP432P4xx/rtc_c.c", line 44: error #137: struct "<unnamed>" has no field "CTL0"
"../driverlib/MSP432P4xx/rtc_c.c", line 44: error #20: identifier "RTC_C_CTL0_KEY_MASK" is undefined
"../driverlib/MSP432P4xx/rtc_c.c", line 44: error #20: identifier "RTC_C_KEY" is undefined
"../driverlib/MSP432P4xx/rtc_c.c", line 45: error #137: struct "<unnamed>" has no field "CTL13"
"../driverlib/MSP432P4xx/rtc_c.c", line 45: error #20: identifier "RTC_C_CTL13_HOLD_OFS" is undefined
"../driverlib/MSP432P4xx/rtc_c.c", line 46: error #137: struct "<unnamed>" has no field "CTL0"
"../driverlib/MSP432P4xx/rtc_c.c", line 46: error #20: identifier "RTC_C_CTL0_KEY_OFS" is undefined
"../driverlib/MSP432P4xx/rtc_c.c", line 51: error #137: struct "<unnamed>" has no field "CTL0"
"../driverlib/MSP432P4xx/rtc_c.c", line 51: error #137: struct "<unnamed>" has no field "CTL0"
"../driverlib/MSP432P4xx/rtc_c.c", line 51: error #20: identifier "RTC_C_CTL0_KEY_MASK" is undefined
"../driverlib/MSP432P4xx/rtc_c.c", line 51: error #20: identifier "RTC_C_KEY" is undefined
"../driverlib/MSP432P4xx/rtc_c.c", line 52: error #137: struct "<unnamed>" has no field "CTL13"
"../driverlib/MSP432P4xx/rtc_c.c", line 52: error #20: identifier "RTC_C_CTL13_HOLD_OFS" is undefined
"../driverlib/MSP432P4xx/rtc_c.c", line 53: error #137: struct "<unnamed>" has no field "CTL0"
"../driverlib/MSP432P4xx/rtc_c.c", line 53: error #20: identifier "RTC_C_CTL0_KEY_OFS" is undefined
"../driverlib/MSP432P4xx/rtc_c.c", line 58: error #137: struct "<unnamed>" has no field "CTL0"
"../driverlib/MSP432P4xx/rtc_c.c", line 58: error #137: struct "<unnamed>" has no field "CTL0"
"../driverlib/MSP432P4xx/rtc_c.c", line 58: error #20: identifier "RTC_C_CTL0_KEY_MASK" is undefined
"../driverlib/MSP432P4xx/rtc_c.c", line 58: error #20: identifier "RTC_C_KEY" is undefined
"../driverlib/MSP432P4xx/rtc_c.c", line 59: error #137: struct "<unnamed>" has no field "CTL13"
"../driverlib/MSP432P4xx/rtc_c.c", line 59: error #137: struct "<unnamed>" has no field "CTL13"
"../driverlib/MSP432P4xx/rtc_c.c", line 59: error #20: identifier "RTC_C_CTL13_CALF_3" is undefined
"../driverlib/MSP432P4xx/rtc_c.c", line 60: error #137: struct "<unnamed>" has no field "CTL0"
"../driverlib/MSP432P4xx/rtc_c.c", line 60: error #20: identifier "RTC_C_CTL0_KEY_OFS" is undefined
"../driverlib/MSP432P4xx/rtc_c.c", line 66: error #137: struct "<unnamed>" has no field "CTL0"
"../driverlib/MSP432P4xx/rtc_c.c", line 66: error #137: struct "<unnamed>" has no field "CTL0"
"../driverlib/MSP432P4xx/rtc_c.c", line 66: error #20: identifier "RTC_C_CTL0_KEY_MASK" is undefined
"../driverlib/MSP432P4xx/rtc_c.c", line 66: error #20: identifier "RTC_C_KEY" is undefined
"../driverlib/MSP432P4xx/rtc_c.c", line 67: error #137: struct "<unnamed>" has no field "OCAL"
"../driverlib/MSP432P4xx/rtc_c.c", line 68: error #137: struct "<unnamed>" has no field "CTL0"
"../driverlib/MSP432P4xx/rtc_c.c", line 68: error #20: identifier "RTC_C_CTL0_KEY_OFS" is undefined
"../driverlib/MSP432P4xx/rtc_c.c", line 74: error #137: struct "<unnamed>" has no field "TCMP"
"../driverlib/MSP432P4xx/rtc_c.c", line 74: error #20: identifier "RTC_C_TCMP_TCRDY_OFS" is undefined
"../driverlib/MSP432P4xx/rtc_c.c", line 77: error #137: struct "<unnamed>" has no field "TCMP"
"../driverlib/MSP432P4xx/rtc_c.c", line 79: error #137: struct "<unnamed>" has no field "TCMP"
"../driverlib/MSP432P4xx/rtc_c.c", line 79: error #20: identifier "RTC_C_TCMP_TCOK_OFS" is undefined
"../driverlib/MSP432P4xx/rtc_c.c", line 74: remark #1527-D: (ULP 2.1) Detected SW delay loop using empty loop. Recommend using a timer module instead
"../driverlib/MSP432P4xx/rtc_c.c", line 88: error #137: struct "<unnamed>" has no field "CTL0"
"../driverlib/MSP432P4xx/rtc_c.c", line 88: error #137: struct "<unnamed>" has no field "CTL0"
"../driverlib/MSP432P4xx/rtc_c.c", line 88: error #20: identifier "RTC_C_CTL0_KEY_MASK" is undefined
"../driverlib/MSP432P4xx/rtc_c.c", line 88: error #20: identifier "RTC_C_KEY" is undefined
"../driverlib/MSP432P4xx/rtc_c.c", line 90: error #137: struct "<unnamed>" has no field "CTL13"
"../driverlib/MSP432P4xx/rtc_c.c", line 90: error #20: identifier "RTC_C_CTL13_HOLD_OFS" is undefined
"../driverlib/MSP432P4xx/rtc_c.c", line 93: error #137: struct "<unnamed>" has no field "CTL13"
"../driverlib/MSP432P4xx/rtc_c.c", line 93: error #20: identifier "RTC_C_CTL13_BCD_OFS" is undefined
"../driverlib/MSP432P4xx/rtc_c.c", line 95: error #137: struct "<unnamed>" has no field "CTL13"
"../driverlib/MSP432P4xx/rtc_c.c", line 97: error #137: struct "<unnamed>" has no field "TIM0"
"../driverlib/MSP432P4xx/rtc_c.c", line 97: error #20: identifier "RTC_C_TIM0_MIN_OFS" is undefined
"../driverlib/MSP432P4xx/rtc_c.c", line 98: error #137: struct "<unnamed>" has no field "TIM1"
"../driverlib/MSP432P4xx/rtc_c.c", line 98: error #20: identifier "RTC_C_TIM1_DOW_OFS" is undefined
"../driverlib/MSP432P4xx/rtc_c.c", line 99: error #137: struct "<unnamed>" has no field "DATE"
"../driverlib/MSP432P4xx/rtc_c.c", line 99: error #20: identifier "RTC_C_DATE_MON_OFS" is undefined
"../driverlib/MSP432P4xx/rtc_c.c", line 100: error #137: struct "<unnamed>" has no field "YEAR"
"../driverlib/MSP432P4xx/rtc_c.c", line 102: error #137: struct "<unnamed>" has no field "CTL0"
"../driverlib/MSP432P4xx/rtc_c.c", line 102: error #20: identifier "RTC_C_CTL0_KEY_OFS" is undefined
"../driverlib/MSP432P4xx/rtc_c.c", line 109: error #137: struct "<unnamed>" has no field "CTL13"
"../driverlib/MSP432P4xx/rtc_c.c", line 109: error #20: identifier "RTC_C_CTL13_RDY_OFS" is undefined
"../driverlib/MSP432P4xx/rtc_c.c", line 112: error #137: struct "<unnamed>" has no field "TIM0"
"../driverlib/MSP432P4xx/rtc_c.c", line 112: error #20: identifier "RTC_C_TIM0_SEC_MASK" is undefined
"../driverlib/MSP432P4xx/rtc_c.c", line 113: error #137: struct "<unnamed>" has no field "TIM0"
"../driverlib/MSP432P4xx/rtc_c.c", line 113: error #20: identifier "RTC_C_TIM0_MIN_MASK" is undefined
"../driverlib/MSP432P4xx/rtc_c.c", line 113: error #20: identifier "RTC_C_TIM0_MIN_OFS" is undefined
"../driverlib/MSP432P4xx/rtc_c.c", line 114: error #137: struct "<unnamed>" has no field "TIM1"
"../driverlib/MSP432P4xx/rtc_c.c", line 114: error #20: identifier "RTC_C_TIM1_HOUR_MASK" is undefined
"../driverlib/MSP432P4xx/rtc_c.c", line 115: error #137: struct "<unnamed>" has no field "TIM1"
"../driverlib/MSP432P4xx/rtc_c.c", line 115: error #20: identifier "RTC_C_TIM1_DOW_MASK" is undefined
"../driverlib/MSP432P4xx/rtc_c.c", line 115: error #20: identifier "RTC_C_TIM1_DOW_OFS" is undefined
"../driverlib/MSP432P4xx/rtc_c.c", line 116: error #137: struct "<unnamed>" has no field "DATE"
"../driverlib/MSP432P4xx/rtc_c.c", line 116: error #20: identifier "RTC_C_DATE_DAY_MASK" is undefined
"../driverlib/MSP432P4xx/rtc_c.c", line 117: error #137: struct "<unnamed>" has no field "DATE"
"../driverlib/MSP432P4xx/rtc_c.c", line 117: error #20: identifier "RTC_C_DATE_MON_MASK" is undefined
"../driverlib/MSP432P4xx/rtc_c.c", line 117: error #20: identifier "RTC_C_DATE_MON_OFS" is undefined
"../driverlib/MSP432P4xx/rtc_c.c", line 118: error #137: struct "<unnamed>" has no field "YEAR"
"../driverlib/MSP432P4xx/rtc_c.c", line 109: remark #1527-D: (ULP 2.1) Detected SW delay loop using empty loop. Recommend using a timer module instead
"../driverlib/MSP432P4xx/rtc_c.c", line 128: error #137: struct "<unnamed>" has no field "AMINHR"

>> Compilation failure
driverlib/MSP432P4xx/subdir_rules.mk:133: recipe for target 'driverlib/MSP432P4xx/rtc_c.obj' failed
"../driverlib/MSP432P4xx/rtc_c.c", line 129: error #137: struct "<unnamed>" has no field "ADOWDAY"
"../driverlib/MSP432P4xx/rtc_c.c", line 134: error #137: struct "<unnamed>" has no field "CTL0"
"../driverlib/MSP432P4xx/rtc_c.c", line 134: error #137: struct "<unnamed>" has no field "CTL0"
"../driverlib/MSP432P4xx/rtc_c.c", line 134: error #20: identifier "RTC_C_CTL0_KEY_MASK" is undefined
"../driverlib/MSP432P4xx/rtc_c.c", line 134: error #20: identifier "RTC_C_KEY" is undefined
"../driverlib/MSP432P4xx/rtc_c.c", line 135: error #137: struct "<unnamed>" has no field "CTL13"
"../driverlib/MSP432P4xx/rtc_c.c", line 135: error #137: struct "<unnamed>" has no field "CTL13"
"../driverlib/MSP432P4xx/rtc_c.c", line 135: error #20: identifier "RTC_C_CTL13_TEV_3" is undefined
"../driverlib/MSP432P4xx/rtc_c.c", line 136: error #137: struct "<unnamed>" has no field "CTL0"
"../driverlib/MSP432P4xx/rtc_c.c", line 136: error #20: identifier "RTC_C_CTL0_KEY_OFS" is undefined
"../driverlib/MSP432P4xx/rtc_c.c", line 142: error #137: struct "<unnamed>" has no field "PS0CTL"
"../driverlib/MSP432P4xx/rtc_c.c", line 142: error #20: identifier "RTC_C_PS0CTL_RT0IP_7" is undefined
"../driverlib/MSP432P4xx/rtc_c.c", line 143: error #137: struct "<unnamed>" has no field "PS0CTL"
"../driverlib/MSP432P4xx/rtc_c.c", line 151: error #137: struct "<unnamed>" has no field "PS"
"../driverlib/MSP432P4xx/rtc_c.c", line 151: error #20: identifier "RTC_C_PS_RT0PS_MASK" is undefined
"../driverlib/MSP432P4xx/rtc_c.c", line 154: error #137: struct "<unnamed>" has no field "PS"
"../driverlib/MSP432P4xx/rtc_c.c", line 154: error #20: identifier "RTC_C_PS_RT1PS_MASK" is undefined
"../driverlib/MSP432P4xx/rtc_c.c", line 154: error #20: identifier "RTC_C_PS_RT1PS_OFS" is undefined
"../driverlib/MSP432P4xx/rtc_c.c", line 164: error #137: struct "<unnamed>" has no field "CTL0"
"../driverlib/MSP432P4xx/rtc_c.c", line 164: error #137: struct "<unnamed>" has no field "CTL0"
"../driverlib/MSP432P4xx/rtc_c.c", line 164: error #20: identifier "RTC_C_CTL0_KEY_MASK" is undefined
"../driverlib/MSP432P4xx/rtc_c.c", line 164: error #20: identifier "RTC_C_KEY" is undefined
"../driverlib/MSP432P4xx/rtc_c.c", line 168: error #137: struct "<unnamed>" has no field "PS"
"../driverlib/MSP432P4xx/rtc_c.c", line 168: error #137: struct "<unnamed>" has no field "PS"
"../driverlib/MSP432P4xx/rtc_c.c", line 168: error #20: identifier "RTC_C_PS_RT0PS_MASK" is undefined
"../driverlib/MSP432P4xx/rtc_c.c", line 171: error #137: struct "<unnamed>" has no field "PS"
Building file: ../driverlib/MSP432P4xx/spi.c
Error limit reached.
100 errors detected in the compilation of "../driverlib/MSP432P4xx/rtc_c.c".
Compilation terminated.
gmake: *** [driverlib/MSP432P4xx/rtc_c.obj] Error 1
Invoking: MSP432 Compiler
"/Applications/ti/ccsv6/tools/compiler/ti-cgt-arm_5.2.6/bin/armcl" -mv7M4 --code_state=16 --float_support=FPv4SPD16 --abi=eabi -me --include_path="/Applications/ti/ccsv6/ccs_base/arm/include" --include_path="/Applications/ti/ccsv6/ccs_base/arm/include/CMSIS" --include_path="/Users/marybiggs/Desktop/ECE461/BOOSTXL-EDUMKII_LightSensor_MSP432P401R" --include_path="/Users/marybiggs/Desktop/ECE461/BOOSTXL-EDUMKII_LightSensor_MSP432P401R/driverlib/MSP432P4xx" --include_path="/Users/marybiggs/Desktop/ECE461/BOOSTXL-EDUMKII_LightSensor_MSP432P401R/GrLib/grlib" --include_path="/Users/marybiggs/Desktop/ECE461/BOOSTXL-EDUMKII_LightSensor_MSP432P401R/GrLib/fonts" --include_path="/Users/marybiggs/Desktop/ECE461/BOOSTXL-EDUMKII_LightSensor_MSP432P401R/LcdDriver" --include_path="/Applications/ti/ccsv6/tools/compiler/ti-cgt-arm_5.2.6/include" --advice:power=all -g --gcc --define=__MSP432P401R__ --define=TARGET_IS_MSP432P4XX --define=ccs --display_error_number --diag_warning=225 --diag_wrap=off --preproc_with_compile --preproc_dependency="driverlib/MSP432P4xx/spi.pp" --obj_directory="driverlib/MSP432P4xx"  "../driverlib/MSP432P4xx/spi.c"
"/Applications/ti/ccsv6/ccs_base/arm/include/msp432p401r.h", line 69: warning #1181-D: #warning directive: "MSP432 software will be updated to use CMSIS-Core in March 2016. This update will allow your MSP432 software to be CMSIS compliant, but require modification to your existing MSP432 code. A beta release is available if you want to start converting your code today. Refer to http://www.ti.com/MSP432CMSIS for detailed changes, conversion guide and background information."
"../driverlib/MSP432P4xx/spi.c", line 97: error #20: identifier "EUSCI_B_Type" is undefined
"../driverlib/MSP432P4xx/spi.c", line 97: error #29: expected an expression
"../driverlib/MSP432P4xx/spi.c", line 97: error #18: expected a ")"
"../driverlib/MSP432P4xx/spi.c", line 97: error #20: identifier "EUSCI_A_CTLW0_SWRST_OFS" is undefined
"../driverlib/MSP432P4xx/spi.c", line 106: error #20: identifier "EUSCI_A_Type" is undefined
"../driverlib/MSP432P4xx/spi.c", line 106: error #29: expected an expression
"../driverlib/MSP432P4xx/spi.c", line 106: error #18: expected a ")"
"../driverlib/MSP432P4xx/spi.c", line 107: error #29: expected an expression
"../driverlib/MSP432P4xx/spi.c", line 107: error #18: expected a ")"
"../driverlib/MSP432P4xx/spi.c", line 108: error #20: identifier "EUSCI_A_CTLW0_SSEL_MASK" is undefined
"../driverlib/MSP432P4xx/spi.c", line 108: error #20: identifier "EUSCI_A_CTLW0_CKPH" is undefined
"../driverlib/MSP432P4xx/spi.c", line 108: error #20: identifier "EUSCI_A_CTLW0_CKPL" is undefined
"../driverlib/MSP432P4xx/spi.c", line 108: error #20: identifier "EUSCI_A_CTLW0_SEVENBIT" is undefined
"../driverlib/MSP432P4xx/spi.c", line 108: error #20: identifier "EUSCI_A_CTLW0_MSB" is undefined
"../driverlib/MSP432P4xx/spi.c", line 108: error #20: identifier "EUSCI_A_CTLW0_MST" is undefined
"../driverlib/MSP432P4xx/spi.c", line 109: error #20: identifier "EUSCI_A_CTLW0_MODE_3" is undefined
"../driverlib/MSP432P4xx/spi.c", line 109: error #20: identifier "EUSCI_A_CTLW0_SYNC" is undefined
"../driverlib/MSP432P4xx/spi.c", line 114: error #29: expected an expression
"../driverlib/MSP432P4xx/spi.c", line 114: error #18: expected a ")"
"../driverlib/MSP432P4xx/spi.c", line 119: error #29: expected an expression
"../driverlib/MSP432P4xx/spi.c", line 119: error #18: expected a ")"
"../driverlib/MSP432P4xx/spi.c", line 153: error #20: identifier "EUSCI_B_Type" is undefined
"../driverlib/MSP432P4xx/spi.c", line 153: error #29: expected an expression
"../driverlib/MSP432P4xx/spi.c", line 153: error #18: expected a ")"
"../driverlib/MSP432P4xx/spi.c", line 153: error #20: identifier "EUSCI_A_CTLW0_SWRST_OFS" is undefined
"../driverlib/MSP432P4xx/spi.c", line 162: error #29: expected an expression
"../driverlib/MSP432P4xx/spi.c", line 162: error #18: expected a ")"
"../driverlib/MSP432P4xx/spi.c", line 163: error #29: expected an expression
"../driverlib/MSP432P4xx/spi.c", line 163: error #18: expected a ")"
"../driverlib/MSP432P4xx/spi.c", line 164: error #20: identifier "EUSCI_A_CTLW0_SSEL_MASK" is undefined
"../driverlib/MSP432P4xx/spi.c", line 164: error #20: identifier "EUSCI_A_CTLW0_CKPH" is undefined
"../driverlib/MSP432P4xx/spi.c", line 164: error #20: identifier "EUSCI_A_CTLW0_CKPL" is undefined
"../driverlib/MSP432P4xx/spi.c", line 164: error #20: identifier "EUSCI_A_CTLW0_SEVENBIT" is undefined
"../driverlib/MSP432P4xx/spi.c", line 164: error #20: identifier "EUSCI_A_CTLW0_MSB" is undefined
"../driverlib/MSP432P4xx/spi.c", line 164: error #20: identifier "EUSCI_A_CTLW0_MST" is undefined
"../driverlib/MSP432P4xx/spi.c", line 165: error #20: identifier "EUSCI_A_CTLW0_MODE_3" is undefined
"../driverlib/MSP432P4xx/spi.c", line 165: error #20: identifier "EUSCI_A_CTLW0_SYNC" is undefined
"../driverlib/MSP432P4xx/spi.c", line 170: error #29: expected an expression
"../driverlib/MSP432P4xx/spi.c", line 170: error #18: expected a ")"
"../driverlib/MSP432P4xx/spi.c", line 237: error #20: identifier "EUSCI_A_Type" is undefined
"../driverlib/MSP432P4xx/spi.c", line 237: error #29: expected an expression
"../driverlib/MSP432P4xx/spi.c", line 237: error #18: expected a ")"
"../driverlib/MSP432P4xx/spi.c", line 237: error #20: identifier "EUSCI_A_CTLW0_SWRST_OFS" is undefined
"../driverlib/MSP432P4xx/spi.c", line 240: error #29: expected an expression
"../driverlib/MSP432P4xx/spi.c", line 240: error #18: expected a ")"
"../driverlib/MSP432P4xx/spi.c", line 241: error #29: expected an expression
"../driverlib/MSP432P4xx/spi.c", line 241: error #18: expected a ")"
"../driverlib/MSP432P4xx/spi.c", line 242: error #20: identifier "EUSCI_A_CTLW0_MSB" is undefined
"../driverlib/MSP432P4xx/spi.c", line 242: error #20: identifier "EUSCI_A_CTLW0_SEVENBIT" is undefined
"../driverlib/MSP432P4xx/spi.c", line 242: error #20: identifier "EUSCI_A_CTLW0_MST" is undefined
"../driverlib/MSP432P4xx/spi.c", line 242: error #20: identifier "EUSCI_A_CTLW0_CKPL" is undefined
"../driverlib/MSP432P4xx/spi.c", line 242: error #20: identifier "EUSCI_A_CTLW0_CKPH" is undefined
"../driverlib/MSP432P4xx/spi.c", line 242: error #20: identifier "EUSCI_A_CTLW0_MODE_3" is undefined
"../driverlib/MSP432P4xx/spi.c", line 244: error #20: identifier "EUSCI_A_CTLW0_SYNC" is undefined
"../driverlib/MSP432P4xx/spi.c", line 273: error #20: identifier "EUSCI_B_Type" is undefined
"../driverlib/MSP432P4xx/spi.c", line 273: error #29: expected an expression
"../driverlib/MSP432P4xx/spi.c", line 273: error #18: expected a ")"
"../driverlib/MSP432P4xx/spi.c", line 273: error #20: identifier "EUSCI_A_CTLW0_SWRST_OFS" is undefined
"../driverlib/MSP432P4xx/spi.c", line 276: error #29: expected an expression
"../driverlib/MSP432P4xx/spi.c", line 276: error #18: expected a ")"
"../driverlib/MSP432P4xx/spi.c", line 277: error #29: expected an expression
"../driverlib/MSP432P4xx/spi.c", line 277: error #18: expected a ")"
"../driverlib/MSP432P4xx/spi.c", line 278: error #20: identifier "EUSCI_A_CTLW0_MSB" is undefined
"../driverlib/MSP432P4xx/spi.c", line 278: error #20: identifier "EUSCI_A_CTLW0_SEVENBIT" is undefined
"../driverlib/MSP432P4xx/spi.c", line 278: error #20: identifier "EUSCI_A_CTLW0_MST" is undefined
"../driverlib/MSP432P4xx/spi.c", line 278: error #20: identifier "EUSCI_A_CTLW0_CKPL" is undefined
"../driverlib/MSP432P4xx/spi.c", line 278: error #20: identifier "EUSCI_A_CTLW0_CKPH" is undefined
"../driverlib/MSP432P4xx/spi.c", line 278: error #20: identifier "EUSCI_A_CTLW0_MODE_3" is undefined
"../driverlib/MSP432P4xx/spi.c", line 280: error #20: identifier "EUSCI_A_CTLW0_SYNC" is undefined
"../driverlib/MSP432P4xx/spi.c", line 427: error #20: identifier "EUSCI_B__TXIE" is undefined
"../driverlib/MSP432P4xx/spi.c", line 427: error #20: identifier "EUSCI_B__RXIE" is undefined
"../driverlib/MSP432P4xx/spi.c", line 428: error #20: identifier "EUSCI_A_Type" is undefined
"../driverlib/MSP432P4xx/spi.c", line 428: error #29: expected an expression
"../driverlib/MSP432P4xx/spi.c", line 428: error #18: expected a ")"
"../driverlib/MSP432P4xx/spi.c", line 433: error #20: identifier "EUSCI_B__TXIE" is undefined
"../driverlib/MSP432P4xx/spi.c", line 433: error #20: identifier "EUSCI_B__RXIE" is undefined
"../driverlib/MSP432P4xx/spi.c", line 434: error #20: identifier "EUSCI_B_Type" is undefined
"../driverlib/MSP432P4xx/spi.c", line 434: error #29: expected an expression
"../driverlib/MSP432P4xx/spi.c", line 434: error #18: expected a ")"
"../driverlib/MSP432P4xx/spi.c", line 579: error #20: identifier "EUSCI_B_Type" is undefined
"../driverlib/MSP432P4xx/spi.c", line 579: error #29: expected an expression
"../driverlib/MSP432P4xx/spi.c", line 579: error #18: expected a ")"
"../driverlib/MSP432P4xx/spi.c", line 579: error #29: expected an expression
"../driverlib/MSP432P4xx/spi.c", line 579: error #18: expected a ")"
"../driverlib/MSP432P4xx/spi.c", line 580: error #20: identifier "EUSCI_B_CTLW0_STEM" is undefined
"../driverlib/MSP432P4xx/spi.c", line 601: error #20: identifier "EUSCI_B_Type" is undefined
"../driverlib/MSP432P4xx/spi.c", line 601: error #29: expected an expression
"../driverlib/MSP432P4xx/spi.c", line 601: error #18: expected a ")"
"../driverlib/MSP432P4xx/spi.c", line 601: error #20: identifier "EUSCI_A_CTLW0_SWRST_OFS" is undefined
"../driverlib/MSP432P4xx/spi.c", line 603: error #29: expected an expression
"../driverlib/MSP432P4xx/spi.c", line 603: error #18: expected a ")"
"../driverlib/MSP432P4xx/spi.c", line 607: error #29: expected an expression
"../driverlib/MSP432P4xx/spi.c", line 607: error #18: expected a ")"

>> Compilation failure
driverlib/MSP432P4xx/subdir_rules.mk:140: recipe for target 'driverlib/MSP432P4xx/spi.obj' failed
"../driverlib/MSP432P4xx/spi.c", line 669: error #20: identifier "EUSCI_B_Type" is undefined
"../driverlib/MSP432P4xx/spi.c", line 669: error #29: expected an expression
"../driverlib/MSP432P4xx/spi.c", line 669: error #18: expected a ")"
"../driverlib/MSP432P4xx/spi.c", line 669: error #20: identifier "EUSCI_A_CTLW0_SWRST_OFS" is undefined
"../driverlib/MSP432P4xx/spi.c", line 672: error #29: expected an expression
"../driverlib/MSP432P4xx/spi.c", line 672: error #18: expected a ")"
"../driverlib/MSP432P4xx/spi.c", line 672: error #29: expected an expression
Error limit reached.
100 errors detected in the compilation of "../driverlib/MSP432P4xx/spi.c".
Compilation terminated.
gmake: *** [driverlib/MSP432P4xx/spi.obj] Error 1
Building file: ../driverlib/MSP432P4xx/sysctl.c
Invoking: MSP432 Compiler
"/Applications/ti/ccsv6/tools/compiler/ti-cgt-arm_5.2.6/bin/armcl" -mv7M4 --code_state=16 --float_support=FPv4SPD16 --abi=eabi -me --include_path="/Applications/ti/ccsv6/ccs_base/arm/include" --include_path="/Applications/ti/ccsv6/ccs_base/arm/include/CMSIS" --include_path="/Users/marybiggs/Desktop/ECE461/BOOSTXL-EDUMKII_LightSensor_MSP432P401R" --include_path="/Users/marybiggs/Desktop/ECE461/BOOSTXL-EDUMKII_LightSensor_MSP432P401R/driverlib/MSP432P4xx" --include_path="/Users/marybiggs/Desktop/ECE461/BOOSTXL-EDUMKII_LightSensor_MSP432P401R/GrLib/grlib" --include_path="/Users/marybiggs/Desktop/ECE461/BOOSTXL-EDUMKII_LightSensor_MSP432P401R/GrLib/fonts" --include_path="/Users/marybiggs/Desktop/ECE461/BOOSTXL-EDUMKII_LightSensor_MSP432P401R/LcdDriver" --include_path="/Applications/ti/ccsv6/tools/compiler/ti-cgt-arm_5.2.6/include" --advice:power=all -g --gcc --define=__MSP432P401R__ --define=TARGET_IS_MSP432P4XX --define=ccs --display_error_number --diag_warning=225 --diag_wrap=off --preproc_with_compile --preproc_dependency="driverlib/MSP432P4xx/sysctl.pp" --obj_directory="driverlib/MSP432P4xx"  "../driverlib/MSP432P4xx/sysctl.c"
"/Applications/ti/ccsv6/ccs_base/arm/include/msp432p401r.h", line 69: warning #1181-D: #warning directive: "MSP432 software will be updated to use CMSIS-Core in March 2016. This update will allow your MSP432 software to be CMSIS compliant, but require modification to your existing MSP432 code. A beta release is available if you want to start converting your code today. Refer to http://www.ti.com/MSP432CMSIS for detailed changes, conversion guide and background information."
"../driverlib/MSP432P4xx/sysctl.c", line 129: error #137: struct "<unnamed>" has no field "SRAM_SIZE"
"../driverlib/MSP432P4xx/sysctl.c", line 134: error #137: struct "<unnamed>" has no field "FLASH_SIZE"
"../driverlib/MSP432P4xx/sysctl.c", line 139: error #137: struct "<unnamed>" has no field "NMI_CTLSTAT"
"../driverlib/MSP432P4xx/sysctl.c", line 144: error #137: struct "<unnamed>" has no field "NMI_CTLSTAT"
"../driverlib/MSP432P4xx/sysctl.c", line 149: error #137: struct "<unnamed>" has no field "NMI_CTLSTAT"
"../driverlib/MSP432P4xx/sysctl.c", line 157: error #137: struct "<unnamed>" has no field "SRAM_BANKEN"
"../driverlib/MSP432P4xx/sysctl.c", line 160: error #137: struct "<unnamed>" has no field "SRAM_BANKEN"
"../driverlib/MSP432P4xx/sysctl.c", line 157: remark #1527-D: (ULP 2.1) Detected SW delay loop using empty loop. Recommend using a timer module instead
"../driverlib/MSP432P4xx/sysctl.c", line 168: error #137: struct "<unnamed>" has no field "SRAM_BANKEN"
"../driverlib/MSP432P4xx/sysctl.c", line 204: error #137: struct "<unnamed>" has no field "SRAM_BANKEN"
"../driverlib/MSP432P4xx/sysctl.c", line 168: remark #1527-D: (ULP 2.1) Detected SW delay loop using empty loop. Recommend using a timer module instead
"../driverlib/MSP432P4xx/sysctl.c", line 212: error #137: struct "<unnamed>" has no field "SRAM_BANKRET"
"../driverlib/MSP432P4xx/sysctl.c", line 215: error #137: struct "<unnamed>" has no field "SRAM_BANKRET"
"../driverlib/MSP432P4xx/sysctl.c", line 212: remark #1527-D: (ULP 2.1) Detected SW delay loop using empty loop. Recommend using a timer module instead
"../driverlib/MSP432P4xx/sysctl.c", line 223: error #137: struct "<unnamed>" has no field "SRAM_BANKRET"
"../driverlib/MSP432P4xx/sysctl.c", line 226: error #137: struct "<unnamed>" has no field "SRAM_BANKRET"
"../driverlib/MSP432P4xx/sysctl.c", line 223: remark #1527-D: (ULP 2.1) Detected SW delay loop using empty loop. Recommend using a timer module instead
"../driverlib/MSP432P4xx/sysctl.c", line 231: error #137: struct "<unnamed>" has no field "REBOOT_CTL"
"../driverlib/MSP432P4xx/sysctl.c", line 237: error #137: struct "<unnamed>" has no field "PERIHALT_CTL"
"../driverlib/MSP432P4xx/sysctl.c", line 243: error #137: struct "<unnamed>" has no field "PERIHALT_CTL"
"../driverlib/MSP432P4xx/sysctl.c", line 249: error #137: struct "<unnamed>" has no field "WDTRESET_CTL"
"../driverlib/MSP432P4xx/sysctl.c", line 252: error #137: struct "<unnamed>" has no field "WDTRESET_CTL"
"../driverlib/MSP432P4xx/sysctl.c", line 260: error #137: struct "<unnamed>" has no field "WDTRESET_CTL"
"../driverlib/MSP432P4xx/sysctl.c", line 263: error #137: struct "<unnamed>" has no field "WDTRESET_CTL"
"../driverlib/MSP432P4xx/sysctl.c", line 268: error #137: struct "<unnamed>" has no field "DIO_GLTFLT_CTL"
"../driverlib/MSP432P4xx/sysctl.c", line 273: error #137: struct "<unnamed>" has no field "DIO_GLTFLT_CTL"
22 errors detected in the compilation of "../driverlib/MSP432P4xx/sysctl.c".

>> Compilation failure
driverlib/MSP432P4xx/subdir_rules.mk:147: recipe for target 'driverlib/MSP432P4xx/sysctl.obj' failed
gmake: *** [driverlib/MSP432P4xx/sysctl.obj] Error 1
Building file: ../driverlib/MSP432P4xx/systick.c
Invoking: MSP432 Compiler
"/Applications/ti/ccsv6/tools/compiler/ti-cgt-arm_5.2.6/bin/armcl" -mv7M4 --code_state=16 --float_support=FPv4SPD16 --abi=eabi -me --include_path="/Applications/ti/ccsv6/ccs_base/arm/include" --include_path="/Applications/ti/ccsv6/ccs_base/arm/include/CMSIS" --include_path="/Users/marybiggs/Desktop/ECE461/BOOSTXL-EDUMKII_LightSensor_MSP432P401R" --include_path="/Users/marybiggs/Desktop/ECE461/BOOSTXL-EDUMKII_LightSensor_MSP432P401R/driverlib/MSP432P4xx" --include_path="/Users/marybiggs/Desktop/ECE461/BOOSTXL-EDUMKII_LightSensor_MSP432P401R/GrLib/grlib" --include_path="/Users/marybiggs/Desktop/ECE461/BOOSTXL-EDUMKII_LightSensor_MSP432P401R/GrLib/fonts" --include_path="/Users/marybiggs/Desktop/ECE461/BOOSTXL-EDUMKII_LightSensor_MSP432P401R/LcdDriver" --include_path="/Applications/ti/ccsv6/tools/compiler/ti-cgt-arm_5.2.6/include" --advice:power=all -g --gcc --define=__MSP432P401R__ --define=TARGET_IS_MSP432P4XX --define=ccs --display_error_number --diag_warning=225 --diag_wrap=off --preproc_with_compile --preproc_dependency="driverlib/MSP432P4xx/systick.pp" --obj_directory="driverlib/MSP432P4xx"  "../driverlib/MSP432P4xx/systick.c"
"/Applications/ti/ccsv6/ccs_base/arm/include/msp432p401r.h", line 69: warning #1181-D: #warning directive: "MSP432 software will be updated to use CMSIS-Core in March 2016. This update will allow your MSP432 software to be CMSIS compliant, but require modification to your existing MSP432 code. A beta release is available if you want to start converting your code today. Refer to http://www.ti.com/MSP432CMSIS for detailed changes, conversion guide and background information."
Finished building: ../driverlib/MSP432P4xx/systick.c
 
Building file: ../driverlib/MSP432P4xx/timer32.c
Invoking: MSP432 Compiler
"/Applications/ti/ccsv6/tools/compiler/ti-cgt-arm_5.2.6/bin/armcl" -mv7M4 --code_state=16 --float_support=FPv4SPD16 --abi=eabi -me --include_path="/Applications/ti/ccsv6/ccs_base/arm/include" --include_path="/Applications/ti/ccsv6/ccs_base/arm/include/CMSIS" --include_path="/Users/marybiggs/Desktop/ECE461/BOOSTXL-EDUMKII_LightSensor_MSP432P401R" --include_path="/Users/marybiggs/Desktop/ECE461/BOOSTXL-EDUMKII_LightSensor_MSP432P401R/driverlib/MSP432P4xx" --include_path="/Users/marybiggs/Desktop/ECE461/BOOSTXL-EDUMKII_LightSensor_MSP432P401R/GrLib/grlib" --include_path="/Users/marybiggs/Desktop/ECE461/BOOSTXL-EDUMKII_LightSensor_MSP432P401R/GrLib/fonts" --include_path="/Users/marybiggs/Desktop/ECE461/BOOSTXL-EDUMKII_LightSensor_MSP432P401R/LcdDriver" --include_path="/Applications/ti/ccsv6/tools/compiler/ti-cgt-arm_5.2.6/include" --advice:power=all -g --gcc --define=__MSP432P401R__ --define=TARGET_IS_MSP432P4XX --define=ccs --display_error_number --diag_warning=225 --diag_wrap=off --preproc_with_compile --preproc_dependency="driverlib/MSP432P4xx/timer32.pp" --obj_directory="driverlib/MSP432P4xx"  "../driverlib/MSP432P4xx/timer32.c"
"/Applications/ti/ccsv6/ccs_base/arm/include/msp432p401r.h", line 69: warning #1181-D: #warning directive: "MSP432 software will be updated to use CMSIS-Core in March 2016. This update will allow your MSP432 software to be CMSIS compliant, but require modification to your existing MSP432 code. A beta release is available if you want to start converting your code today. Refer to http://www.ti.com/MSP432CMSIS for detailed changes, conversion guide and background information."
"../driverlib/MSP432P4xx/timer32.c", line 46: error #20: identifier "Timer32_Type" is undefined
"../driverlib/MSP432P4xx/timer32.c", line 46: error #29: expected an expression
"../driverlib/MSP432P4xx/timer32.c", line 46: error #18: expected a ")"
"../driverlib/MSP432P4xx/timer32.c", line 46: error #20: identifier "TIMER32_CONTROL_MODE_OFS" is undefined
"../driverlib/MSP432P4xx/timer32.c", line 49: error #29: expected an expression
"../driverlib/MSP432P4xx/timer32.c", line 49: error #18: expected a ")"
"../driverlib/MSP432P4xx/timer32.c", line 56: error #29: expected an expression
"../driverlib/MSP432P4xx/timer32.c", line 56: error #18: expected a ")"
"../driverlib/MSP432P4xx/timer32.c", line 56: error #20: identifier "TIMER32_CONTROL_SIZE_OFS" is undefined
"../driverlib/MSP432P4xx/timer32.c", line 59: error #29: expected an expression
"../driverlib/MSP432P4xx/timer32.c", line 59: error #18: expected a ")"
"../driverlib/MSP432P4xx/timer32.c", line 70: error #29: expected an expression
"../driverlib/MSP432P4xx/timer32.c", line 70: error #18: expected a ")"
"../driverlib/MSP432P4xx/timer32.c", line 70: error #29: expected an expression
"../driverlib/MSP432P4xx/timer32.c", line 70: error #18: expected a ")"
"../driverlib/MSP432P4xx/timer32.c", line 71: error #20: identifier "TIMER32_CONTROL_PRESCALE_MASK" is undefined
"../driverlib/MSP432P4xx/timer32.c", line 77: error #20: identifier "Timer32_Type" is undefined
"../driverlib/MSP432P4xx/timer32.c", line 77: error #29: expected an expression
"../driverlib/MSP432P4xx/timer32.c", line 77: error #18: expected a ")"
"../driverlib/MSP432P4xx/timer32.c", line 77: error #20: identifier "TIMER32_CONTROL_SIZE_OFS" is undefined
"../driverlib/MSP432P4xx/timer32.c", line 79: error #29: expected an expression
"../driverlib/MSP432P4xx/timer32.c", line 79: error #18: expected a ")"
"../driverlib/MSP432P4xx/timer32.c", line 81: error #29: expected an expression
"../driverlib/MSP432P4xx/timer32.c", line 81: error #18: expected a ")"

>> Compilation failure
"../driverlib/MSP432P4xx/timer32.c", line 86: error #20: identifier "Timer32_Type" is undefined
"../driverlib/MSP432P4xx/timer32.c", line 86: error #29: expected an expression
driverlib/MSP432P4xx/subdir_rules.mk:161: recipe for target 'driverlib/MSP432P4xx/timer32.obj' failed
"../driverlib/MSP432P4xx/timer32.c", line 86: error #18: expected a ")"
"../driverlib/MSP432P4xx/timer32.c", line 86: error #20: identifier "TIMER32_CONTROL_SIZE_OFS" is undefined
"../driverlib/MSP432P4xx/timer32.c", line 88: error #29: expected an expression
"../driverlib/MSP432P4xx/timer32.c", line 88: error #18: expected a ")"
"../driverlib/MSP432P4xx/timer32.c", line 90: error #29: expected an expression
"../driverlib/MSP432P4xx/timer32.c", line 90: error #18: expected a ")"
"../driverlib/MSP432P4xx/timer32.c", line 95: error #20: identifier "Timer32_Type" is undefined
"../driverlib/MSP432P4xx/timer32.c", line 95: error #29: expected an expression
"../driverlib/MSP432P4xx/timer32.c", line 95: error #18: expected a ")"
"../driverlib/MSP432P4xx/timer32.c", line 103: error #20: identifier "Timer32_Type" is undefined
"../driverlib/MSP432P4xx/timer32.c", line 103: error #29: expected an expression
"../driverlib/MSP432P4xx/timer32.c", line 103: error #18: expected a ")"
"../driverlib/MSP432P4xx/timer32.c", line 103: error #20: identifier "TIMER32_CONTROL_ONESHOT_OFS" is undefined
"../driverlib/MSP432P4xx/timer32.c", line 106: error #29: expected an expression
"../driverlib/MSP432P4xx/timer32.c", line 106: error #18: expected a ")"
"../driverlib/MSP432P4xx/timer32.c", line 109: error #29: expected an expression
"../driverlib/MSP432P4xx/timer32.c", line 109: error #18: expected a ")"
"../driverlib/MSP432P4xx/timer32.c", line 109: error #20: identifier "TIMER32_CONTROL_ENABLE" is undefined
"../driverlib/MSP432P4xx/timer32.c", line 116: error #20: identifier "Timer32_Type" is undefined
"../driverlib/MSP432P4xx/timer32.c", line 116: error #29: expected an expression
"../driverlib/MSP432P4xx/timer32.c", line 116: error #18: expected a ")"
"../driverlib/MSP432P4xx/timer32.c", line 116: error #20: identifier "TIMER32_CONTROL_ENABLE" is undefined
"../driverlib/MSP432P4xx/timer32.c", line 121: error #20: identifier "Timer32_Type" is undefined
"../driverlib/MSP432P4xx/timer32.c", line 121: error #29: expected an expression
"../driverlib/MSP432P4xx/timer32.c", line 121: error #18: expected a ")"
Building file: ../driverlib/MSP432P4xx/timer_a.c
"../driverlib/MSP432P4xx/timer32.c", line 121: error #20: identifier "TIMER32_CONTROL_IE" is undefined
"../driverlib/MSP432P4xx/timer32.c", line 126: error #20: identifier "Timer32_Type" is undefined
"../driverlib/MSP432P4xx/timer32.c", line 126: error #29: expected an expression
"../driverlib/MSP432P4xx/timer32.c", line 126: error #18: expected a ")"
"../driverlib/MSP432P4xx/timer32.c", line 126: error #20: identifier "TIMER32_CONTROL_IE" is undefined
"../driverlib/MSP432P4xx/timer32.c", line 131: error #20: identifier "Timer32_Type" is undefined
"../driverlib/MSP432P4xx/timer32.c", line 131: error #29: expected an expression
"../driverlib/MSP432P4xx/timer32.c", line 131: error #18: expected a ")"
"../driverlib/MSP432P4xx/timer32.c", line 136: error #20: identifier "Timer32_Type" is undefined
"../driverlib/MSP432P4xx/timer32.c", line 136: error #29: expected an expression
"../driverlib/MSP432P4xx/timer32.c", line 136: error #18: expected a ")"
62 errors detected in the compilation of "../driverlib/MSP432P4xx/timer32.c".
gmake: *** [driverlib/MSP432P4xx/timer32.obj] Error 1
Invoking: MSP432 Compiler
"/Applications/ti/ccsv6/tools/compiler/ti-cgt-arm_5.2.6/bin/armcl" -mv7M4 --code_state=16 --float_support=FPv4SPD16 --abi=eabi -me --include_path="/Applications/ti/ccsv6/ccs_base/arm/include" --include_path="/Applications/ti/ccsv6/ccs_base/arm/include/CMSIS" --include_path="/Users/marybiggs/Desktop/ECE461/BOOSTXL-EDUMKII_LightSensor_MSP432P401R" --include_path="/Users/marybiggs/Desktop/ECE461/BOOSTXL-EDUMKII_LightSensor_MSP432P401R/driverlib/MSP432P4xx" --include_path="/Users/marybiggs/Desktop/ECE461/BOOSTXL-EDUMKII_LightSensor_MSP432P401R/GrLib/grlib" --include_path="/Users/marybiggs/Desktop/ECE461/BOOSTXL-EDUMKII_LightSensor_MSP432P401R/GrLib/fonts" --include_path="/Users/marybiggs/Desktop/ECE461/BOOSTXL-EDUMKII_LightSensor_MSP432P401R/LcdDriver" --include_path="/Applications/ti/ccsv6/tools/compiler/ti-cgt-arm_5.2.6/include" --advice:power=all -g --gcc --define=__MSP432P401R__ --define=TARGET_IS_MSP432P4XX --define=ccs --display_error_number --diag_warning=225 --diag_wrap=off --preproc_with_compile --preproc_dependency="driverlib/MSP432P4xx/timer_a.pp" --obj_directory="driverlib/MSP432P4xx"  "../driverlib/MSP432P4xx/timer_a.c"
"/Applications/ti/ccsv6/ccs_base/arm/include/msp432p401r.h", line 69: warning #1181-D: #warning directive: "MSP432 software will be updated to use CMSIS-Core in March 2016. This update will allow your MSP432 software to be CMSIS compliant, but require modification to your existing MSP432 code. A beta release is available if you want to start converting your code today. Refer to http://www.ti.com/MSP432CMSIS for detailed changes, conversion guide and background information."
"../driverlib/MSP432P4xx/timer_a.c", line 44: error #20: identifier "Timer_A_Type" is undefined
"../driverlib/MSP432P4xx/timer_a.c", line 44: error #29: expected an expression
"../driverlib/MSP432P4xx/timer_a.c", line 44: error #18: expected a ")"
"../driverlib/MSP432P4xx/timer_a.c", line 44: error #20: identifier "TIMER_A_CTL_ID__8" is undefined
"../driverlib/MSP432P4xx/timer_a.c", line 45: error #29: expected an expression
"../driverlib/MSP432P4xx/timer_a.c", line 45: error #18: expected a ")"
"../driverlib/MSP432P4xx/timer_a.c", line 45: error #20: identifier "TIMER_A_EX0_IDEX_MASK" is undefined
"../driverlib/MSP432P4xx/timer_a.c", line 51: error #29: expected an expression
"../driverlib/MSP432P4xx/timer_a.c", line 51: error #18: expected a ")"
"../driverlib/MSP432P4xx/timer_a.c", line 52: error #29: expected an expression
"../driverlib/MSP432P4xx/timer_a.c", line 52: error #18: expected a ")"
"../driverlib/MSP432P4xx/timer_a.c", line 52: error #20: identifier "TIMER_A_EX0_TAIDEX_0" is undefined
"../driverlib/MSP432P4xx/timer_a.c", line 55: error #29: expected an expression
"../driverlib/MSP432P4xx/timer_a.c", line 55: error #18: expected a ")"
"../driverlib/MSP432P4xx/timer_a.c", line 55: error #20: identifier "TIMER_A_CTL_ID__4" is undefined
"../driverlib/MSP432P4xx/timer_a.c", line 56: error #29: expected an expression
"../driverlib/MSP432P4xx/timer_a.c", line 56: error #18: expected a ")"
"../driverlib/MSP432P4xx/timer_a.c", line 59: error #29: expected an expression
"../driverlib/MSP432P4xx/timer_a.c", line 59: error #18: expected a ")"
"../driverlib/MSP432P4xx/timer_a.c", line 60: error #29: expected an expression
"../driverlib/MSP432P4xx/timer_a.c", line 60: error #18: expected a ")"
"../driverlib/MSP432P4xx/timer_a.c", line 66: error #29: expected an expression
"../driverlib/MSP432P4xx/timer_a.c", line 66: error #18: expected a ")"
"../driverlib/MSP432P4xx/timer_a.c", line 66: error #20: identifier "TIMER_A_CTL_ID__1" is undefined
"../driverlib/MSP432P4xx/timer_a.c", line 67: error #29: expected an expression
"../driverlib/MSP432P4xx/timer_a.c", line 67: error #18: expected a ")"
"../driverlib/MSP432P4xx/timer_a.c", line 74: error #29: expected an expression
"../driverlib/MSP432P4xx/timer_a.c", line 74: error #18: expected a ")"
"../driverlib/MSP432P4xx/timer_a.c", line 74: error #20: identifier "TIMER_A_CTL_ID__2" is undefined
"../driverlib/MSP432P4xx/timer_a.c", line 75: error #29: expected an expression
"../driverlib/MSP432P4xx/timer_a.c", line 75: error #18: expected a ")"
"../driverlib/MSP432P4xx/timer_a.c", line 82: error #29: expected an expression
"../driverlib/MSP432P4xx/timer_a.c", line 82: error #18: expected a ")"
"../driverlib/MSP432P4xx/timer_a.c", line 83: error #29: expected an expression
"../driverlib/MSP432P4xx/timer_a.c", line 83: error #18: expected a ")"
"../driverlib/MSP432P4xx/timer_a.c", line 89: error #29: expected an expression
"../driverlib/MSP432P4xx/timer_a.c", line 89: error #18: expected a ")"
"../driverlib/MSP432P4xx/timer_a.c", line 90: error #29: expected an expression
"../driverlib/MSP432P4xx/timer_a.c", line 90: error #18: expected a ")"
"../driverlib/MSP432P4xx/timer_a.c", line 102: error #20: identifier "Timer_A_Type" is undefined
"../driverlib/MSP432P4xx/timer_a.c", line 102: error #29: expected an expression
"../driverlib/MSP432P4xx/timer_a.c", line 102: error #18: expected a ")"
"../driverlib/MSP432P4xx/timer_a.c", line 167: error #20: identifier "Timer_A_Type" is undefined
"../driverlib/MSP432P4xx/timer_a.c", line 167: error #29: expected an expression
"../driverlib/MSP432P4xx/timer_a.c", line 167: error #18: expected a ")"
"../driverlib/MSP432P4xx/timer_a.c", line 167: error #29: expected an expression
"../driverlib/MSP432P4xx/timer_a.c", line 167: error #18: expected a ")"
"../driverlib/MSP432P4xx/timer_a.c", line 168: error #20: identifier "TIMER_A_CTL_SSEL__INCLK" is undefined
"../driverlib/MSP432P4xx/timer_a.c", line 169: error #20: identifier "TIMER_A_CTL_MC_3" is undefined
"../driverlib/MSP432P4xx/timer_a.c", line 169: error #20: identifier "TIMER_A_CTL_CLR" is undefined
"../driverlib/MSP432P4xx/timer_a.c", line 170: error #20: identifier "TIMER_A_CTL_IE" is undefined
"../driverlib/MSP432P4xx/timer_a.c", line 194: error #20: identifier "Timer_A_Type" is undefined
"../driverlib/MSP432P4xx/timer_a.c", line 194: error #29: expected an expression
"../driverlib/MSP432P4xx/timer_a.c", line 194: error #18: expected a ")"
"../driverlib/MSP432P4xx/timer_a.c", line 195: error #20: identifier "TIMER_A_CTL_SSEL__INCLK" is undefined
"../driverlib/MSP432P4xx/timer_a.c", line 195: error #20: identifier "TIMER_A_CTL_MC_3" is undefined
"../driverlib/MSP432P4xx/timer_a.c", line 196: error #20: identifier "TIMER_A_CTL_CLR" is undefined
"../driverlib/MSP432P4xx/timer_a.c", line 196: error #20: identifier "TIMER_A_CTL_IE" is undefined
"../driverlib/MSP432P4xx/timer_a.c", line 198: error #29: expected an expression
"../driverlib/MSP432P4xx/timer_a.c", line 198: error #18: expected a ")"
"../driverlib/MSP432P4xx/timer_a.c", line 201: error #20: identifier "TIMER_A_CCTLN_CCIE" is undefined
"../driverlib/MSP432P4xx/timer_a.c", line 203: error #29: expected an expression
"../driverlib/MSP432P4xx/timer_a.c", line 203: error #18: expected a ")"
"../driverlib/MSP432P4xx/timer_a.c", line 203: error #20: identifier "TIMER_A_CCTLN_CCIE_OFS" is undefined
"../driverlib/MSP432P4xx/timer_a.c", line 205: error #29: expected an expression
"../driverlib/MSP432P4xx/timer_a.c", line 205: error #18: expected a ")"
"../driverlib/MSP432P4xx/timer_a.c", line 207: error #29: expected an expression
"../driverlib/MSP432P4xx/timer_a.c", line 207: error #18: expected a ")"
"../driverlib/MSP432P4xx/timer_a.c", line 230: error #20: identifier "Timer_A_Type" is undefined
"../driverlib/MSP432P4xx/timer_a.c", line 230: error #29: expected an expression
"../driverlib/MSP432P4xx/timer_a.c", line 230: error #18: expected a ")"
"../driverlib/MSP432P4xx/timer_a.c", line 231: error #20: identifier "TIMER_A_CTL_SSEL__INCLK" is undefined
"../driverlib/MSP432P4xx/timer_a.c", line 231: error #20: identifier "TIMER_A_CTL_MC_3" is undefined
"../driverlib/MSP432P4xx/timer_a.c", line 232: error #20: identifier "TIMER_A_CTL_CLR" is undefined
"../driverlib/MSP432P4xx/timer_a.c", line 232: error #20: identifier "TIMER_A_CTL_IE" is undefined
"../driverlib/MSP432P4xx/timer_a.c", line 234: error #29: expected an expression
"../driverlib/MSP432P4xx/timer_a.c", line 234: error #18: expected a ")"
"../driverlib/MSP432P4xx/timer_a.c", line 234: error #20: identifier "TIMER_A_CTL_MC_0" is undefined
"../driverlib/MSP432P4xx/timer_a.c", line 236: error #20: identifier "TIMER_A_CCTLN_CCIE" is undefined
"../driverlib/MSP432P4xx/timer_a.c", line 238: error #29: expected an expression
"../driverlib/MSP432P4xx/timer_a.c", line 238: error #18: expected a ")"
"../driverlib/MSP432P4xx/timer_a.c", line 238: error #20: identifier "TIMER_A_CCTLN_CCIE_OFS" is undefined
"../driverlib/MSP432P4xx/timer_a.c", line 240: error #29: expected an expression
"../driverlib/MSP432P4xx/timer_a.c", line 240: error #18: expected a ")"
"../driverlib/MSP432P4xx/timer_a.c", line 242: error #29: expected an expression
"../driverlib/MSP432P4xx/timer_a.c", line 242: error #18: expected a ")"
"../driverlib/MSP432P4xx/timer_a.c", line 316: error #20: identifier "Timer_A_Type" is undefined
"../driverlib/MSP432P4xx/timer_a.c", line 316: error #29: expected an expression
"../driverlib/MSP432P4xx/timer_a.c", line 316: error #18: expected a ")"
"../driverlib/MSP432P4xx/timer_a.c", line 317: error #29: expected an expression
"../driverlib/MSP432P4xx/timer_a.c", line 317: error #18: expected a ")"
"../driverlib/MSP432P4xx/timer_a.c", line 318: error #20: identifier "TIMER_A_CCTLN_CM_3" is undefined
"../driverlib/MSP432P4xx/timer_a.c", line 319: error #20: identifier "TIMER_A_CCTLN_CCIS_3" is undefined
"../driverlib/MSP432P4xx/timer_a.c", line 320: error #20: identifier "TIMER_A_CCTLN_SCS" is undefined
"../driverlib/MSP432P4xx/timer_a.c", line 320: error #20: identifier "TIMER_A_CTL_CLR" is undefined
"../driverlib/MSP432P4xx/timer_a.c", line 321: error #20: identifier "TIMER_A_CTL_IE" is undefined
"../driverlib/MSP432P4xx/timer_a.c", line 325: error #20: identifier "TIMER_A_CCTLN_CAP" is undefined
"../driverlib/MSP432P4xx/timer_a.c", line 380: error #20: identifier "Timer_A_Type" is undefined
"../driverlib/MSP432P4xx/timer_a.c", line 380: error #29: expected an expression
"../driverlib/MSP432P4xx/timer_a.c", line 380: error #18: expected a ")"
Error limit reached.
100 errors detected in the compilation of "../driverlib/MSP432P4xx/timer_a.c".
Compilation terminated.
gmake: *** [driverlib/MSP432P4xx/timer_a.obj] Error 1

>> Compilation failure
driverlib/MSP432P4xx/subdir_rules.mk:168: recipe for target 'driverlib/MSP432P4xx/timer_a.obj' failed
Building file: ../driverlib/MSP432P4xx/uart.c
Invoking: MSP432 Compiler
"/Applications/ti/ccsv6/tools/compiler/ti-cgt-arm_5.2.6/bin/armcl" -mv7M4 --code_state=16 --float_support=FPv4SPD16 --abi=eabi -me --include_path="/Applications/ti/ccsv6/ccs_base/arm/include" --include_path="/Applications/ti/ccsv6/ccs_base/arm/include/CMSIS" --include_path="/Users/marybiggs/Desktop/ECE461/BOOSTXL-EDUMKII_LightSensor_MSP432P401R" --include_path="/Users/marybiggs/Desktop/ECE461/BOOSTXL-EDUMKII_LightSensor_MSP432P401R/driverlib/MSP432P4xx" --include_path="/Users/marybiggs/Desktop/ECE461/BOOSTXL-EDUMKII_LightSensor_MSP432P401R/GrLib/grlib" --include_path="/Users/marybiggs/Desktop/ECE461/BOOSTXL-EDUMKII_LightSensor_MSP432P401R/GrLib/fonts" --include_path="/Users/marybiggs/Desktop/ECE461/BOOSTXL-EDUMKII_LightSensor_MSP432P401R/LcdDriver" --include_path="/Applications/ti/ccsv6/tools/compiler/ti-cgt-arm_5.2.6/include" --advice:power=all -g --gcc --define=__MSP432P401R__ --define=TARGET_IS_MSP432P4XX --define=ccs --display_error_number --diag_warning=225 --diag_wrap=off --preproc_with_compile --preproc_dependency="driverlib/MSP432P4xx/uart.pp" --obj_directory="driverlib/MSP432P4xx"  "../driverlib/MSP432P4xx/uart.c"
"/Applications/ti/ccsv6/ccs_base/arm/include/msp432p401r.h", line 69: warning #1181-D: #warning directive: "MSP432 software will be updated to use CMSIS-Core in March 2016. This update will allow your MSP432 software to be CMSIS compliant, but require modification to your existing MSP432 code. A beta release is available if you want to start converting your code today. Refer to http://www.ti.com/MSP432CMSIS for detailed changes, conversion guide and background information."

>> Compilation failure
driverlib/MSP432P4xx/subdir_rules.mk:175: recipe for target 'driverlib/MSP432P4xx/uart.obj' failed
Building file: ../driverlib/MSP432P4xx/wdt_a.c
"../driverlib/MSP432P4xx/uart.c", line 74: error #20: identifier "EUSCI_A_Type" is undefined
"../driverlib/MSP432P4xx/uart.c", line 74: error #29: expected an expression
"../driverlib/MSP432P4xx/uart.c", line 74: error #18: expected a ")"
"../driverlib/MSP432P4xx/uart.c", line 74: error #20: identifier "EUSCI_A_CTLW0_SWRST_OFS" is undefined
"../driverlib/MSP432P4xx/uart.c", line 77: error #29: expected an expression
"../driverlib/MSP432P4xx/uart.c", line 77: error #18: expected a ")"
"../driverlib/MSP432P4xx/uart.c", line 78: error #29: expected an expression
"../driverlib/MSP432P4xx/uart.c", line 78: error #18: expected a ")"
"../driverlib/MSP432P4xx/uart.c", line 78: error #20: identifier "EUSCI_A_CTLW0_SSEL_MASK" is undefined
"../driverlib/MSP432P4xx/uart.c", line 83: error #29: expected an expression
"../driverlib/MSP432P4xx/uart.c", line 83: error #18: expected a ")"
"../driverlib/MSP432P4xx/uart.c", line 83: error #20: identifier "EUSCI_A_CTLW0_MSB_OFS" is undefined
"../driverlib/MSP432P4xx/uart.c", line 85: error #29: expected an expression
"../driverlib/MSP432P4xx/uart.c", line 85: error #18: expected a ")"
"../driverlib/MSP432P4xx/uart.c", line 89: error #29: expected an expression
"../driverlib/MSP432P4xx/uart.c", line 89: error #18: expected a ")"
"../driverlib/MSP432P4xx/uart.c", line 89: error #20: identifier "EUSCI_A_CTLW0_SPB_OFS" is undefined
"../driverlib/MSP432P4xx/uart.c", line 91: error #29: expected an expression
"../driverlib/MSP432P4xx/uart.c", line 91: error #18: expected a ")"
"../driverlib/MSP432P4xx/uart.c", line 97: error #29: expected an expression
"../driverlib/MSP432P4xx/uart.c", line 97: error #18: expected a ")"
"../driverlib/MSP432P4xx/uart.c", line 97: error #20: identifier "EUSCI_A_CTLW0_PEN_OFS" is undefined
"../driverlib/MSP432P4xx/uart.c", line 100: error #29: expected an expression
"../driverlib/MSP432P4xx/uart.c", line 100: error #18: expected a ")"
"../driverlib/MSP432P4xx/uart.c", line 101: error #29: expected an expression
"../driverlib/MSP432P4xx/uart.c", line 101: error #18: expected a ")"
"../driverlib/MSP432P4xx/uart.c", line 101: error #20: identifier "EUSCI_A_CTLW0_PAR_OFS" is undefined
"../driverlib/MSP432P4xx/uart.c", line 104: error #29: expected an expression
"../driverlib/MSP432P4xx/uart.c", line 104: error #18: expected a ")"
"../driverlib/MSP432P4xx/uart.c", line 105: error #29: expected an expression
"../driverlib/MSP432P4xx/uart.c", line 105: error #18: expected a ")"
"../driverlib/MSP432P4xx/uart.c", line 110: error #29: expected an expression
"../driverlib/MSP432P4xx/uart.c", line 110: error #18: expected a ")"
"../driverlib/MSP432P4xx/uart.c", line 111: error #29: expected an expression
"../driverlib/MSP432P4xx/uart.c", line 111: error #18: expected a ")"
"../driverlib/MSP432P4xx/uart.c", line 115: error #29: expected an expression
"../driverlib/MSP432P4xx/uart.c", line 115: error #18: expected a ")"
"../driverlib/MSP432P4xx/uart.c", line 116: error #29: expected an expression
"../driverlib/MSP432P4xx/uart.c", line 116: error #18: expected a ")"
"../driverlib/MSP432P4xx/uart.c", line 117: error #20: identifier "EUSCI_A_CTLW0_SYNC" is undefined
"../driverlib/MSP432P4xx/uart.c", line 117: error #20: identifier "EUSCI_A_CTLW0_SEVENBIT" is undefined
"../driverlib/MSP432P4xx/uart.c", line 117: error #20: identifier "EUSCI_A_CTLW0_MODE_3" is undefined
"../driverlib/MSP432P4xx/uart.c", line 117: error #20: identifier "EUSCI_A_CTLW0_RXEIE" is undefined
"../driverlib/MSP432P4xx/uart.c", line 117: error #20: identifier "EUSCI_A_CTLW0_BRKIE" is undefined
"../driverlib/MSP432P4xx/uart.c", line 117: error #20: identifier "EUSCI_A_CTLW0_DORM" is undefined
"../driverlib/MSP432P4xx/uart.c", line 118: error #20: identifier "EUSCI_A_CTLW0_TXADDR" is undefined
"../driverlib/MSP432P4xx/uart.c", line 118: error #20: identifier "EUSCI_A_CTLW0_TXBRK" is undefined
"../driverlib/MSP432P4xx/uart.c", line 126: error #20: identifier "EUSCI_A_Type" is undefined
"../driverlib/MSP432P4xx/uart.c", line 126: error #29: expected an expression
"../driverlib/MSP432P4xx/uart.c", line 126: error #18: expected a ")"
"../driverlib/MSP432P4xx/uart.c", line 126: error #20: identifier "EUSCI_A__TXIE_OFS" is undefined
"../driverlib/MSP432P4xx/uart.c", line 127: error #29: expected an expression
"../driverlib/MSP432P4xx/uart.c", line 127: error #18: expected a ")"
"../driverlib/MSP432P4xx/uart.c", line 127: error #20: identifier "EUSCI_A_IFG_TXIFG_OFS" is undefined
"../driverlib/MSP432P4xx/uart.c", line 130: error #29: expected an expression
"../driverlib/MSP432P4xx/uart.c", line 130: error #18: expected a ")"
"../driverlib/MSP432P4xx/uart.c", line 127: remark #1527-D: (ULP 2.1) Detected SW delay loop using empty loop. Recommend using a timer module instead
"../driverlib/MSP432P4xx/uart.c", line 136: error #20: identifier "EUSCI_A_Type" is undefined
"../driverlib/MSP432P4xx/uart.c", line 136: error #29: expected an expression
"../driverlib/MSP432P4xx/uart.c", line 136: error #18: expected a ")"
"../driverlib/MSP432P4xx/uart.c", line 136: error #20: identifier "EUSCI_A__RXIE_OFS" is undefined
"../driverlib/MSP432P4xx/uart.c", line 137: error #29: expected an expression
"../driverlib/MSP432P4xx/uart.c", line 137: error #18: expected a ")"
"../driverlib/MSP432P4xx/uart.c", line 137: error #20: identifier "EUSCI_A_IFG_RXIFG_OFS" is undefined
"../driverlib/MSP432P4xx/uart.c", line 140: error #29: expected an expression
"../driverlib/MSP432P4xx/uart.c", line 140: error #18: expected a ")"
"../driverlib/MSP432P4xx/uart.c", line 137: remark #1527-D: (ULP 2.1) Detected SW delay loop using empty loop. Recommend using a timer module instead
"../driverlib/MSP432P4xx/uart.c", line 146: error #20: identifier "EUSCI_A_Type" is undefined
"../driverlib/MSP432P4xx/uart.c", line 146: error #29: expected an expression
"../driverlib/MSP432P4xx/uart.c", line 146: error #18: expected a ")"
"../driverlib/MSP432P4xx/uart.c", line 146: error #20: identifier "EUSCI_A_CTLW0_SWRST_OFS" is undefined
"../driverlib/MSP432P4xx/uart.c", line 152: error #20: identifier "EUSCI_A_Type" is undefined
"../driverlib/MSP432P4xx/uart.c", line 152: error #29: expected an expression
"../driverlib/MSP432P4xx/uart.c", line 152: error #18: expected a ")"
"../driverlib/MSP432P4xx/uart.c", line 152: error #20: identifier "EUSCI_A_CTLW0_SWRST_OFS" is undefined
"../driverlib/MSP432P4xx/uart.c", line 167: error #20: identifier "EUSCI_A_Type" is undefined
"../driverlib/MSP432P4xx/uart.c", line 167: error #29: expected an expression
"../driverlib/MSP432P4xx/uart.c", line 167: error #18: expected a ")"
"../driverlib/MSP432P4xx/uart.c", line 172: error #20: identifier "EUSCI_A_Type" is undefined
"../driverlib/MSP432P4xx/uart.c", line 172: error #29: expected an expression
"../driverlib/MSP432P4xx/uart.c", line 172: error #18: expected a ")"
"../driverlib/MSP432P4xx/uart.c", line 172: error #20: identifier "EUSCI_A_CTLW0_DORM_OFS" is undefined
Invoking: MSP432 Compiler
"/Applications/ti/ccsv6/tools/compiler/ti-cgt-arm_5.2.6/bin/armcl" -mv7M4 --code_state=16 --float_support=FPv4SPD16 --abi=eabi -me --include_path="/Applications/ti/ccsv6/ccs_base/arm/include" --include_path="/Applications/ti/ccsv6/ccs_base/arm/include/CMSIS" --include_path="/Users/marybiggs/Desktop/ECE461/BOOSTXL-EDUMKII_LightSensor_MSP432P401R" --include_path="/Users/marybiggs/Desktop/ECE461/BOOSTXL-EDUMKII_LightSensor_MSP432P401R/driverlib/MSP432P4xx" --include_path="/Users/marybiggs/Desktop/ECE461/BOOSTXL-EDUMKII_LightSensor_MSP432P401R/GrLib/grlib" --include_path="/Users/marybiggs/Desktop/ECE461/BOOSTXL-EDUMKII_LightSensor_MSP432P401R/GrLib/fonts" --include_path="/Users/marybiggs/Desktop/ECE461/BOOSTXL-EDUMKII_LightSensor_MSP432P401R/LcdDriver" --include_path="/Applications/ti/ccsv6/tools/compiler/ti-cgt-arm_5.2.6/include" --advice:power=all -g --gcc --define=__MSP432P401R__ --define=TARGET_IS_MSP432P4XX --define=ccs --display_error_number --diag_warning=225 --diag_wrap=off --preproc_with_compile --preproc_dependency="driverlib/MSP432P4xx/wdt_a.pp" --obj_directory="driverlib/MSP432P4xx"  "../driverlib/MSP432P4xx/wdt_a.c"
"../driverlib/MSP432P4xx/uart.c", line 177: error #20: identifier "EUSCI_A_Type" is undefined
"../driverlib/MSP432P4xx/uart.c", line 177: error #29: expected an expression
"../driverlib/MSP432P4xx/uart.c", line 177: error #18: expected a ")"
"../driverlib/MSP432P4xx/uart.c", line 177: error #20: identifier "EUSCI_A_CTLW0_DORM_OFS" is undefined
"../driverlib/MSP432P4xx/uart.c", line 183: error #20: identifier "EUSCI_A_Type" is undefined
"../driverlib/MSP432P4xx/uart.c", line 183: error #29: expected an expression
"../driverlib/MSP432P4xx/uart.c", line 183: error #18: expected a ")"
"../driverlib/MSP432P4xx/uart.c", line 183: error #20: identifier "EUSCI_A_CTLW0_TXADDR_OFS" is undefined
"../driverlib/MSP432P4xx/uart.c", line 186: error #29: expected an expression
"../driverlib/MSP432P4xx/uart.c", line 186: error #18: expected a ")"
"../driverlib/MSP432P4xx/uart.c", line 192: error #20: identifier "EUSCI_A_Type" is undefined
"../driverlib/MSP432P4xx/uart.c", line 192: error #29: expected an expression
"../driverlib/MSP432P4xx/uart.c", line 192: error #18: expected a ")"
"../driverlib/MSP432P4xx/uart.c", line 192: error #20: identifier "EUSCI_A_CTLW0_TXBRK_OFS" is undefined
"../driverlib/MSP432P4xx/uart.c", line 195: error #20: identifier "EUSCI_A_CTLW0_MODE_3" is undefined
"../driverlib/MSP432P4xx/uart.c", line 196: error #29: expected an expression
"../driverlib/MSP432P4xx/uart.c", line 196: error #18: expected a ")"
"../driverlib/MSP432P4xx/uart.c", line 198: error #29: expected an expression
"../driverlib/MSP432P4xx/uart.c", line 198: error #18: expected a ")"
"../driverlib/MSP432P4xx/uart.c", line 201: error #29: expected an expression
Error limit reached.
100 errors detected in the compilation of "../driverlib/MSP432P4xx/uart.c".
Compilation terminated.
gmake: *** [driverlib/MSP432P4xx/uart.obj] Error 1
"/Applications/ti/ccsv6/ccs_base/arm/include/msp432p401r.h", line 69: warning #1181-D: #warning directive: "MSP432 software will be updated to use CMSIS-Core in March 2016. This update will allow your MSP432 software to be CMSIS compliant, but require modification to your existing MSP432 code. A beta release is available if you want to start converting your code today. Refer to http://www.ti.com/MSP432CMSIS for detailed changes, conversion guide and background information."
"../driverlib/MSP432P4xx/wdt_a.c", line 48: error #137: struct "<unnamed>" has no field "CTL"
"../driverlib/MSP432P4xx/wdt_a.c", line 48: error #20: identifier "WDT_A_CTL_HOLD" is undefined
"../driverlib/MSP432P4xx/wdt_a.c", line 50: error #137: struct "<unnamed>" has no field "CTL"
"../driverlib/MSP432P4xx/wdt_a.c", line 50: error #20: identifier "WDT_A_CTL_PW" is undefined
"../driverlib/MSP432P4xx/wdt_a.c", line 56: error #137: struct "<unnamed>" has no field "CTL"
"../driverlib/MSP432P4xx/wdt_a.c", line 56: error #20: identifier "WDT_A_CTL_HOLD" is undefined
"../driverlib/MSP432P4xx/wdt_a.c", line 58: error #137: struct "<unnamed>" has no field "CTL"
"../driverlib/MSP432P4xx/wdt_a.c", line 58: error #20: identifier "WDT_A_CTL_PW" is undefined
"../driverlib/MSP432P4xx/wdt_a.c", line 64: error #137: struct "<unnamed>" has no field "CTL"
"../driverlib/MSP432P4xx/wdt_a.c", line 64: error #20: identifier "WDT_A_CTL_CNTCL" is undefined
"../driverlib/MSP432P4xx/wdt_a.c", line 66: error #137: struct "<unnamed>" has no field "CTL"
"../driverlib/MSP432P4xx/wdt_a.c", line 66: error #20: identifier "WDT_A_CTL_PW" is undefined
"../driverlib/MSP432P4xx/wdt_a.c", line 72: error #137: struct "<unnamed>" has no field "CTL"
"../driverlib/MSP432P4xx/wdt_a.c", line 72: error #20: identifier "WDT_A_CTL_PW" is undefined
"../driverlib/MSP432P4xx/wdt_a.c", line 72: error #20: identifier "WDT_A_CTL_CNTCL" is undefined
"../driverlib/MSP432P4xx/wdt_a.c", line 72: error #20: identifier "WDT_A_CTL_HOLD" is undefined
"../driverlib/MSP432P4xx/wdt_a.c", line 80: error #137: struct "<unnamed>" has no field "CTL"
"../driverlib/MSP432P4xx/wdt_a.c", line 80: error #20: identifier "WDT_A_CTL_PW" is undefined
"../driverlib/MSP432P4xx/wdt_a.c", line 80: error #20: identifier "WDT_A_CTL_CNTCL" is undefined
"../driverlib/MSP432P4xx/wdt_a.c", line 80: error #20: identifier "WDT_A_CTL_HOLD" is undefined
"../driverlib/MSP432P4xx/wdt_a.c", line 80: error #20: identifier "WDT_A_CTL_TMSEL" is undefined

>> Compilation failure
21 errors detected in the compilation of "../driverlib/MSP432P4xx/wdt_a.c".
gmake: *** [driverlib/MSP432P4xx/wdt_a.obj] Error 1
driverlib/MSP432P4xx/subdir_rules.mk:182: recipe for target 'driverlib/MSP432P4xx/wdt_a.obj' failed
Building file: ../LcdDriver/Crystalfontz128x128_ST7735.c
Invoking: MSP432 Compiler
"/Applications/ti/ccsv6/tools/compiler/ti-cgt-arm_5.2.6/bin/armcl" -mv7M4 --code_state=16 --float_support=FPv4SPD16 --abi=eabi -me --include_path="/Applications/ti/ccsv6/ccs_base/arm/include" --include_path="/Applications/ti/ccsv6/ccs_base/arm/include/CMSIS" --include_path="/Users/marybiggs/Desktop/ECE461/BOOSTXL-EDUMKII_LightSensor_MSP432P401R" --include_path="/Users/marybiggs/Desktop/ECE461/BOOSTXL-EDUMKII_LightSensor_MSP432P401R/driverlib/MSP432P4xx" --include_path="/Users/marybiggs/Desktop/ECE461/BOOSTXL-EDUMKII_LightSensor_MSP432P401R/GrLib/grlib" --include_path="/Users/marybiggs/Desktop/ECE461/BOOSTXL-EDUMKII_LightSensor_MSP432P401R/GrLib/fonts" --include_path="/Users/marybiggs/Desktop/ECE461/BOOSTXL-EDUMKII_LightSensor_MSP432P401R/LcdDriver" --include_path="/Applications/ti/ccsv6/tools/compiler/ti-cgt-arm_5.2.6/include" --advice:power=all -g --gcc --define=__MSP432P401R__ --define=TARGET_IS_MSP432P4XX --define=ccs --display_error_number --diag_warning=225 --diag_wrap=off --preproc_with_compile --preproc_dependency="LcdDriver/Crystalfontz128x128_ST7735.pp" --obj_directory="LcdDriver"  "../LcdDriver/Crystalfontz128x128_ST7735.c"
"/Applications/ti/ccsv6/ccs_base/arm/include/msp432p401r.h", line 69: warning #1181-D: #warning directive: "MSP432 software will be updated to use CMSIS-Core in March 2016. This update will allow your MSP432 software to be CMSIS compliant, but require modification to your existing MSP432 code. A beta release is available if you want to start converting your code today. Refer to http://www.ti.com/MSP432CMSIS for detailed changes, conversion guide and background information."
"../LcdDriver/Crystalfontz128x128_ST7735.c", line 66: remark #1527-D: (ULP 2.1) Detected SW delay loop using __delay_cycles. Recommend using a timer module instead
"../LcdDriver/Crystalfontz128x128_ST7735.c", line 68: remark #1527-D: (ULP 2.1) Detected SW delay loop using __delay_cycles. Recommend using a timer module instead
"../LcdDriver/Crystalfontz128x128_ST7735.c", line 71: remark #1527-D: (ULP 2.1) Detected SW delay loop using __delay_cycles. Recommend using a timer module instead
"../LcdDriver/Crystalfontz128x128_ST7735.c", line 86: remark #1527-D: (ULP 2.1) Detected SW delay loop using __delay_cycles. Recommend using a timer module instead
"../LcdDriver/Crystalfontz128x128_ST7735.c", line 109: remark #1527-D: (ULP 2.1) Detected SW delay loop using __delay_cycles. Recommend using a timer module instead
"../LcdDriver/Crystalfontz128x128_ST7735.c", line 118: remark #2623-D: (ULP 5.4) Detected an assignment to a type with size less than int. To avoid unnecessary sign extension, use int-sized types for local varaibles and convert to smaller types for static storage.
"../LcdDriver/Crystalfontz128x128_ST7735.c", line 119: remark #2623-D: (ULP 5.4) Detected an assignment to a type with size less than int. To avoid unnecessary sign extension, use int-sized types for local varaibles and convert to smaller types for static storage.
"../LcdDriver/Crystalfontz128x128_ST7735.c", line 120: remark #2623-D: (ULP 5.4) Detected an assignment to a type with size less than int. To avoid unnecessary sign extension, use int-sized types for local varaibles and convert to smaller types for static storage.
"../LcdDriver/Crystalfontz128x128_ST7735.c", line 121: remark #2623-D: (ULP 5.4) Detected an assignment to a type with size less than int. To avoid unnecessary sign extension, use int-sized types for local varaibles and convert to smaller types for static storage.
"../LcdDriver/Crystalfontz128x128_ST7735.c", line 124: remark #2623-D: (ULP 5.4) Detected an assignment to a type with size less than int. To avoid unnecessary sign extension, use int-sized types for local varaibles and convert to smaller types for static storage.
"../LcdDriver/Crystalfontz128x128_ST7735.c", line 125: remark #2623-D: (ULP 5.4) Detected an assignment to a type with size less than int. To avoid unnecessary sign extension, use int-sized types for local varaibles and convert to smaller types for static storage.
"../LcdDriver/Crystalfontz128x128_ST7735.c", line 126: remark #2623-D: (ULP 5.4) Detected an assignment to a type with size less than int. To avoid unnecessary sign extension, use int-sized types for local varaibles and convert to smaller types for static storage.
"../LcdDriver/Crystalfontz128x128_ST7735.c", line 127: remark #2623-D: (ULP 5.4) Detected an assignment to a type with size less than int. To avoid unnecessary sign extension, use int-sized types for local varaibles and convert to smaller types for static storage.
"../LcdDriver/Crystalfontz128x128_ST7735.c", line 130: remark #2623-D: (ULP 5.4) Detected an assignment to a type with size less than int. To avoid unnecessary sign extension, use int-sized types for local varaibles and convert to smaller types for static storage.
"../LcdDriver/Crystalfontz128x128_ST7735.c", line 131: remark #2623-D: (ULP 5.4) Detected an assignment to a type with size less than int. To avoid unnecessary sign extension, use int-sized types for local varaibles and convert to smaller types for static storage.
"../LcdDriver/Crystalfontz128x128_ST7735.c", line 132: remark #2623-D: (ULP 5.4) Detected an assignment to a type with size less than int. To avoid unnecessary sign extension, use int-sized types for local varaibles and convert to smaller types for static storage.
"../LcdDriver/Crystalfontz128x128_ST7735.c", line 133: remark #2623-D: (ULP 5.4) Detected an assignment to a type with size less than int. To avoid unnecessary sign extension, use int-sized types for local varaibles and convert to smaller types for static storage.
"../LcdDriver/Crystalfontz128x128_ST7735.c", line 136: remark #2623-D: (ULP 5.4) Detected an assignment to a type with size less than int. To avoid unnecessary sign extension, use int-sized types for local varaibles and convert to smaller types for static storage.
"../LcdDriver/Crystalfontz128x128_ST7735.c", line 137: remark #2623-D: (ULP 5.4) Detected an assignment to a type with size less than int. To avoid unnecessary sign extension, use int-sized types for local varaibles and convert to smaller types for static storage.
"../LcdDriver/Crystalfontz128x128_ST7735.c", line 138: remark #2623-D: (ULP 5.4) Detected an assignment to a type with size less than int. To avoid unnecessary sign extension, use int-sized types for local varaibles and convert to smaller types for static storage.
"../LcdDriver/Crystalfontz128x128_ST7735.c", line 139: remark #2623-D: (ULP 5.4) Detected an assignment to a type with size less than int. To avoid unnecessary sign extension, use int-sized types for local varaibles and convert to smaller types for static storage.
"../LcdDriver/Crystalfontz128x128_ST7735.c", line 278: remark #2623-D: (ULP 5.4) Detected an assignment to a type with size less than int. To avoid unnecessary sign extension, use int-sized types for local varaibles and convert to smaller types for static storage.
"../LcdDriver/Crystalfontz128x128_ST7735.c", line 281: remark #2623-D: (ULP 5.4) Detected an assignment to a type with size less than int. To avoid unnecessary sign extension, use int-sized types for local varaibles and convert to smaller types for static storage.
"../LcdDriver/Crystalfontz128x128_ST7735.c", line 281: remark #2623-D: (ULP 5.4) Detected an assignment to a type with size less than int. To avoid unnecessary sign extension, use int-sized types for local varaibles and convert to smaller types for static storage.
"../LcdDriver/Crystalfontz128x128_ST7735.c", line 316: remark #2623-D: (ULP 5.4) Detected an assignment to a type with size less than int. To avoid unnecessary sign extension, use int-sized types for local varaibles and convert to smaller types for static storage.
"../LcdDriver/Crystalfontz128x128_ST7735.c", line 323: remark #2623-D: (ULP 5.4) Detected an assignment to a type with size less than int. To avoid unnecessary sign extension, use int-sized types for local varaibles and convert to smaller types for static storage.
"../LcdDriver/Crystalfontz128x128_ST7735.c", line 332: remark #2623-D: (ULP 5.4) Detected an assignment to a type with size less than int. To avoid unnecessary sign extension, use int-sized types for local varaibles and convert to smaller types for static storage.
"../LcdDriver/Crystalfontz128x128_ST7735.c", line 339: remark #2623-D: (ULP 5.4) Detected an assignment to a type with size less than int. To avoid unnecessary sign extension, use int-sized types for local varaibles and convert to smaller types for static storage.
"../LcdDriver/Crystalfontz128x128_ST7735.c", line 352: remark #2623-D: (ULP 5.4) Detected an assignment to a type with size less than int. To avoid unnecessary sign extension, use int-sized types for local varaibles and convert to smaller types for static storage.
"../LcdDriver/Crystalfontz128x128_ST7735.c", line 356: remark #2623-D: (ULP 5.4) Detected an assignment to a type with size less than int. To avoid unnecessary sign extension, use int-sized types for local varaibles and convert to smaller types for static storage.
"../LcdDriver/Crystalfontz128x128_ST7735.c", line 378: remark #2623-D: (ULP 5.4) Detected an assignment to a type with size less than int. To avoid unnecessary sign extension, use int-sized types for local varaibles and convert to smaller types for static storage.
"../LcdDriver/Crystalfontz128x128_ST7735.c", line 378: remark #2623-D: (ULP 5.4) Detected an assignment to a type with size less than int. To avoid unnecessary sign extension, use int-sized types for local varaibles and convert to smaller types for static storage.
"../LcdDriver/Crystalfontz128x128_ST7735.c", line 423: remark #2623-D: (ULP 5.4) Detected an assignment to a type with size less than int. To avoid unnecessary sign extension, use int-sized types for local varaibles and convert to smaller types for static storage.
"../LcdDriver/Crystalfontz128x128_ST7735.c", line 458: remark #2623-D: (ULP 5.4) Detected an assignment to a type with size less than int. To avoid unnecessary sign extension, use int-sized types for local varaibles and convert to smaller types for static storage.
"../LcdDriver/Crystalfontz128x128_ST7735.c", line 499: remark #2623-D: (ULP 5.4) Detected an assignment to a type with size less than int. To avoid unnecessary sign extension, use int-sized types for local varaibles and convert to smaller types for static storage.
Finished building: ../LcdDriver/Crystalfontz128x128_ST7735.c
 
Building file: ../LcdDriver/HAL_MSP_EXP432P401R_Crystalfontz128x128_ST7735.c
Invoking: MSP432 Compiler
"/Applications/ti/ccsv6/tools/compiler/ti-cgt-arm_5.2.6/bin/armcl" -mv7M4 --code_state=16 --float_support=FPv4SPD16 --abi=eabi -me --include_path="/Applications/ti/ccsv6/ccs_base/arm/include" --include_path="/Applications/ti/ccsv6/ccs_base/arm/include/CMSIS" --include_path="/Users/marybiggs/Desktop/ECE461/BOOSTXL-EDUMKII_LightSensor_MSP432P401R" --include_path="/Users/marybiggs/Desktop/ECE461/BOOSTXL-EDUMKII_LightSensor_MSP432P401R/driverlib/MSP432P4xx" --include_path="/Users/marybiggs/Desktop/ECE461/BOOSTXL-EDUMKII_LightSensor_MSP432P401R/GrLib/grlib" --include_path="/Users/marybiggs/Desktop/ECE461/BOOSTXL-EDUMKII_LightSensor_MSP432P401R/GrLib/fonts" --include_path="/Users/marybiggs/Desktop/ECE461/BOOSTXL-EDUMKII_LightSensor_MSP432P401R/LcdDriver" --include_path="/Applications/ti/ccsv6/tools/compiler/ti-cgt-arm_5.2.6/include" --advice:power=all -g --gcc --define=__MSP432P401R__ --define=TARGET_IS_MSP432P4XX --define=ccs --display_error_number --diag_warning=225 --diag_wrap=off --preproc_with_compile --preproc_dependency="LcdDriver/HAL_MSP_EXP432P401R_Crystalfontz128x128_ST7735.pp" --obj_directory="LcdDriver"  "../LcdDriver/HAL_MSP_EXP432P401R_Crystalfontz128x128_ST7735.c"
"/Applications/ti/ccsv6/ccs_base/arm/include/msp432p401r.h", line 69: warning #1181-D: #warning directive: "MSP432 software will be updated to use CMSIS-Core in March 2016. This update will allow your MSP432 software to be CMSIS compliant, but require modification to your existing MSP432 code. A beta release is available if you want to start converting your code today. Refer to http://www.ti.com/MSP432CMSIS for detailed changes, conversion guide and background information."
"../LcdDriver/HAL_MSP_EXP432P401R_Crystalfontz128x128_ST7735.c", line 92: remark #1527-D: (ULP 2.1) Detected SW delay loop using empty loop. Recommend using a timer module instead
"../LcdDriver/HAL_MSP_EXP432P401R_Crystalfontz128x128_ST7735.c", line 111: remark #1527-D: (ULP 2.1) Detected SW delay loop using empty loop. Recommend using a timer module instead
Finished building: ../LcdDriver/HAL_MSP_EXP432P401R_Crystalfontz128x128_ST7735.c
 
Building file: ../GrLib/grlib/button.c
Invoking: MSP432 Compiler
"/Applications/ti/ccsv6/tools/compiler/ti-cgt-arm_5.2.6/bin/armcl" -mv7M4 --code_state=16 --float_support=FPv4SPD16 --abi=eabi -me --include_path="/Applications/ti/ccsv6/ccs_base/arm/include" --include_path="/Applications/ti/ccsv6/ccs_base/arm/include/CMSIS" --include_path="/Users/marybiggs/Desktop/ECE461/BOOSTXL-EDUMKII_LightSensor_MSP432P401R" --include_path="/Users/marybiggs/Desktop/ECE461/BOOSTXL-EDUMKII_LightSensor_MSP432P401R/driverlib/MSP432P4xx" --include_path="/Users/marybiggs/Desktop/ECE461/BOOSTXL-EDUMKII_LightSensor_MSP432P401R/GrLib/grlib" --include_path="/Users/marybiggs/Desktop/ECE461/BOOSTXL-EDUMKII_LightSensor_MSP432P401R/GrLib/fonts" --include_path="/Users/marybiggs/Desktop/ECE461/BOOSTXL-EDUMKII_LightSensor_MSP432P401R/LcdDriver" --include_path="/Applications/ti/ccsv6/tools/compiler/ti-cgt-arm_5.2.6/include" --advice:power=all -g --gcc --define=__MSP432P401R__ --define=TARGET_IS_MSP432P4XX --define=ccs --display_error_number --diag_warning=225 --diag_wrap=off --preproc_with_compile --preproc_dependency="GrLib/grlib/button.pp" --obj_directory="GrLib/grlib"  "../GrLib/grlib/button.c"
Finished building: ../GrLib/grlib/button.c
 
Building file: ../GrLib/grlib/checkbox.c
Invoking: MSP432 Compiler
"/Applications/ti/ccsv6/tools/compiler/ti-cgt-arm_5.2.6/bin/armcl" -mv7M4 --code_state=16 --float_support=FPv4SPD16 --abi=eabi -me --include_path="/Applications/ti/ccsv6/ccs_base/arm/include" --include_path="/Applications/ti/ccsv6/ccs_base/arm/include/CMSIS" --include_path="/Users/marybiggs/Desktop/ECE461/BOOSTXL-EDUMKII_LightSensor_MSP432P401R" --include_path="/Users/marybiggs/Desktop/ECE461/BOOSTXL-EDUMKII_LightSensor_MSP432P401R/driverlib/MSP432P4xx" --include_path="/Users/marybiggs/Desktop/ECE461/BOOSTXL-EDUMKII_LightSensor_MSP432P401R/GrLib/grlib" --include_path="/Users/marybiggs/Desktop/ECE461/BOOSTXL-EDUMKII_LightSensor_MSP432P401R/GrLib/fonts" --include_path="/Users/marybiggs/Desktop/ECE461/BOOSTXL-EDUMKII_LightSensor_MSP432P401R/LcdDriver" --include_path="/Applications/ti/ccsv6/tools/compiler/ti-cgt-arm_5.2.6/include" --advice:power=all -g --gcc --define=__MSP432P401R__ --define=TARGET_IS_MSP432P4XX --define=ccs --display_error_number --diag_warning=225 --diag_wrap=off --preproc_with_compile --preproc_dependency="GrLib/grlib/checkbox.pp" --obj_directory="GrLib/grlib"  "../GrLib/grlib/checkbox.c"
"../GrLib/grlib/checkbox.c", line 36: remark #2623-D: (ULP 5.4) Detected an assignment to a type with size less than int. To avoid unnecessary sign extension, use int-sized types for local varaibles and convert to smaller types for static storage.
"../GrLib/grlib/checkbox.c", line 67: remark #2623-D: (ULP 5.4) Detected an assignment to a type with size less than int. To avoid unnecessary sign extension, use int-sized types for local varaibles and convert to smaller types for static storage.
"../GrLib/grlib/checkbox.c", line 175: remark #2623-D: (ULP 5.4) Detected an assignment to a type with size less than int. To avoid unnecessary sign extension, use int-sized types for local varaibles and convert to smaller types for static storage.
Finished building: ../GrLib/grlib/checkbox.c
 
Building file: ../GrLib/grlib/circle.c
Invoking: MSP432 Compiler
"/Applications/ti/ccsv6/tools/compiler/ti-cgt-arm_5.2.6/bin/armcl" -mv7M4 --code_state=16 --float_support=FPv4SPD16 --abi=eabi -me --include_path="/Applications/ti/ccsv6/ccs_base/arm/include" --include_path="/Applications/ti/ccsv6/ccs_base/arm/include/CMSIS" --include_path="/Users/marybiggs/Desktop/ECE461/BOOSTXL-EDUMKII_LightSensor_MSP432P401R" --include_path="/Users/marybiggs/Desktop/ECE461/BOOSTXL-EDUMKII_LightSensor_MSP432P401R/driverlib/MSP432P4xx" --include_path="/Users/marybiggs/Desktop/ECE461/BOOSTXL-EDUMKII_LightSensor_MSP432P401R/GrLib/grlib" --include_path="/Users/marybiggs/Desktop/ECE461/BOOSTXL-EDUMKII_LightSensor_MSP432P401R/GrLib/fonts" --include_path="/Users/marybiggs/Desktop/ECE461/BOOSTXL-EDUMKII_LightSensor_MSP432P401R/LcdDriver" --include_path="/Applications/ti/ccsv6/tools/compiler/ti-cgt-arm_5.2.6/include" --advice:power=all -g --gcc --define=__MSP432P401R__ --define=TARGET_IS_MSP432P4XX --define=ccs --display_error_number --diag_warning=225 --diag_wrap=off --preproc_with_compile --preproc_dependency="GrLib/grlib/circle.pp" --obj_directory="GrLib/grlib"  "../GrLib/grlib/circle.c"
Finished building: ../GrLib/grlib/circle.c
 
Building file: ../GrLib/grlib/context.c
Invoking: MSP432 Compiler
"/Applications/ti/ccsv6/tools/compiler/ti-cgt-arm_5.2.6/bin/armcl" -mv7M4 --code_state=16 --float_support=FPv4SPD16 --abi=eabi -me --include_path="/Applications/ti/ccsv6/ccs_base/arm/include" --include_path="/Applications/ti/ccsv6/ccs_base/arm/include/CMSIS" --include_path="/Users/marybiggs/Desktop/ECE461/BOOSTXL-EDUMKII_LightSensor_MSP432P401R" --include_path="/Users/marybiggs/Desktop/ECE461/BOOSTXL-EDUMKII_LightSensor_MSP432P401R/driverlib/MSP432P4xx" --include_path="/Users/marybiggs/Desktop/ECE461/BOOSTXL-EDUMKII_LightSensor_MSP432P401R/GrLib/grlib" --include_path="/Users/marybiggs/Desktop/ECE461/BOOSTXL-EDUMKII_LightSensor_MSP432P401R/GrLib/fonts" --include_path="/Users/marybiggs/Desktop/ECE461/BOOSTXL-EDUMKII_LightSensor_MSP432P401R/LcdDriver" --include_path="/Applications/ti/ccsv6/tools/compiler/ti-cgt-arm_5.2.6/include" --advice:power=all -g --gcc --define=__MSP432P401R__ --define=TARGET_IS_MSP432P4XX --define=ccs --display_error_number --diag_warning=225 --diag_wrap=off --preproc_with_compile --preproc_dependency="GrLib/grlib/context.pp" --obj_directory="GrLib/grlib"  "../GrLib/grlib/context.c"
Finished building: ../GrLib/grlib/context.c
 
Building file: ../GrLib/grlib/display.c
Invoking: MSP432 Compiler
"/Applications/ti/ccsv6/tools/compiler/ti-cgt-arm_5.2.6/bin/armcl" -mv7M4 --code_state=16 --float_support=FPv4SPD16 --abi=eabi -me --include_path="/Applications/ti/ccsv6/ccs_base/arm/include" --include_path="/Applications/ti/ccsv6/ccs_base/arm/include/CMSIS" --include_path="/Users/marybiggs/Desktop/ECE461/BOOSTXL-EDUMKII_LightSensor_MSP432P401R" --include_path="/Users/marybiggs/Desktop/ECE461/BOOSTXL-EDUMKII_LightSensor_MSP432P401R/driverlib/MSP432P4xx" --include_path="/Users/marybiggs/Desktop/ECE461/BOOSTXL-EDUMKII_LightSensor_MSP432P401R/GrLib/grlib" --include_path="/Users/marybiggs/Desktop/ECE461/BOOSTXL-EDUMKII_LightSensor_MSP432P401R/GrLib/fonts" --include_path="/Users/marybiggs/Desktop/ECE461/BOOSTXL-EDUMKII_LightSensor_MSP432P401R/LcdDriver" --include_path="/Applications/ti/ccsv6/tools/compiler/ti-cgt-arm_5.2.6/include" --advice:power=all -g --gcc --define=__MSP432P401R__ --define=TARGET_IS_MSP432P4XX --define=ccs --display_error_number --diag_warning=225 --diag_wrap=off --preproc_with_compile --preproc_dependency="GrLib/grlib/display.pp" --obj_directory="GrLib/grlib"  "../GrLib/grlib/display.c"
Finished building: ../GrLib/grlib/display.c
 
Building file: ../GrLib/grlib/image.c
Invoking: MSP432 Compiler
"/Applications/ti/ccsv6/tools/compiler/ti-cgt-arm_5.2.6/bin/armcl" -mv7M4 --code_state=16 --float_support=FPv4SPD16 --abi=eabi -me --include_path="/Applications/ti/ccsv6/ccs_base/arm/include" --include_path="/Applications/ti/ccsv6/ccs_base/arm/include/CMSIS" --include_path="/Users/marybiggs/Desktop/ECE461/BOOSTXL-EDUMKII_LightSensor_MSP432P401R" --include_path="/Users/marybiggs/Desktop/ECE461/BOOSTXL-EDUMKII_LightSensor_MSP432P401R/driverlib/MSP432P4xx" --include_path="/Users/marybiggs/Desktop/ECE461/BOOSTXL-EDUMKII_LightSensor_MSP432P401R/GrLib/grlib" --include_path="/Users/marybiggs/Desktop/ECE461/BOOSTXL-EDUMKII_LightSensor_MSP432P401R/GrLib/fonts" --include_path="/Users/marybiggs/Desktop/ECE461/BOOSTXL-EDUMKII_LightSensor_MSP432P401R/LcdDriver" --include_path="/Applications/ti/ccsv6/tools/compiler/ti-cgt-arm_5.2.6/include" --advice:power=all -g --gcc --define=__MSP432P401R__ --define=TARGET_IS_MSP432P4XX --define=ccs --display_error_number --diag_warning=225 --diag_wrap=off --preproc_with_compile --preproc_dependency="GrLib/grlib/image.pp" --obj_directory="GrLib/grlib"  "../GrLib/grlib/image.c"
"../GrLib/grlib/image.c", line 46: remark #2623-D: (ULP 5.4) Detected an assignment to a type with size less than int. To avoid unnecessary sign extension, use int-sized types for local varaibles and convert to smaller types for static storage.
"../GrLib/grlib/image.c", line 89: remark #2623-D: (ULP 5.4) Detected an assignment to a type with size less than int. To avoid unnecessary sign extension, use int-sized types for local varaibles and convert to smaller types for static storage.
"../GrLib/grlib/image.c", line 120: remark #2623-D: (ULP 5.4) Detected an assignment to a type with size less than int. To avoid unnecessary sign extension, use int-sized types for local varaibles and convert to smaller types for static storage.
"../GrLib/grlib/image.c", line 133: remark #2623-D: (ULP 5.4) Detected an assignment to a type with size less than int. To avoid unnecessary sign extension, use int-sized types for local varaibles and convert to smaller types for static storage.
"../GrLib/grlib/image.c", line 137: remark #2623-D: (ULP 5.4) Detected an assignment to a type with size less than int. To avoid unnecessary sign extension, use int-sized types for local varaibles and convert to smaller types for static storage.
"../GrLib/grlib/image.c", line 146: remark #2623-D: (ULP 5.4) Detected an assignment to a type with size less than int. To avoid unnecessary sign extension, use int-sized types for local varaibles and convert to smaller types for static storage.
"../GrLib/grlib/image.c", line 171: remark #2623-D: (ULP 5.4) Detected an assignment to a type with size less than int. To avoid unnecessary sign extension, use int-sized types for local varaibles and convert to smaller types for static storage.
"../GrLib/grlib/image.c", line 182: remark #2623-D: (ULP 5.4) Detected an assignment to a type with size less than int. To avoid unnecessary sign extension, use int-sized types for local varaibles and convert to smaller types for static storage.
"../GrLib/grlib/image.c", line 188: remark #2623-D: (ULP 5.4) Detected an assignment to a type with size less than int. To avoid unnecessary sign extension, use int-sized types for local varaibles and convert to smaller types for static storage.
"../GrLib/grlib/image.c", line 191: remark #2623-D: (ULP 5.4) Detected an assignment to a type with size less than int. To avoid unnecessary sign extension, use int-sized types for local varaibles and convert to smaller types for static storage.
"../GrLib/grlib/image.c", line 208: remark #2623-D: (ULP 5.4) Detected an assignment to a type with size less than int. To avoid unnecessary sign extension, use int-sized types for local varaibles and convert to smaller types for static storage.
"../GrLib/grlib/image.c", line 224: remark #2623-D: (ULP 5.4) Detected an assignment to a type with size less than int. To avoid unnecessary sign extension, use int-sized types for local varaibles and convert to smaller types for static storage.
"../GrLib/grlib/image.c", line 226: remark #2623-D: (ULP 5.4) Detected an assignment to a type with size less than int. To avoid unnecessary sign extension, use int-sized types for local varaibles and convert to smaller types for static storage.
"../GrLib/grlib/image.c", line 240: remark #2623-D: (ULP 5.4) Detected an assignment to a type with size less than int. To avoid unnecessary sign extension, use int-sized types for local varaibles and convert to smaller types for static storage.
"../GrLib/grlib/image.c", line 246: remark #2623-D: (ULP 5.4) Detected an assignment to a type with size less than int. To avoid unnecessary sign extension, use int-sized types for local varaibles and convert to smaller types for static storage.
"../GrLib/grlib/image.c", line 248: remark #2623-D: (ULP 5.4) Detected an assignment to a type with size less than int. To avoid unnecessary sign extension, use int-sized types for local varaibles and convert to smaller types for static storage.
"../GrLib/grlib/image.c", line 267: remark #2623-D: (ULP 5.4) Detected an assignment to a type with size less than int. To avoid unnecessary sign extension, use int-sized types for local varaibles and convert to smaller types for static storage.
"../GrLib/grlib/image.c", line 269: remark #2623-D: (ULP 5.4) Detected an assignment to a type with size less than int. To avoid unnecessary sign extension, use int-sized types for local varaibles and convert to smaller types for static storage.
"../GrLib/grlib/image.c", line 276: remark #2623-D: (ULP 5.4) Detected an assignment to a type with size less than int. To avoid unnecessary sign extension, use int-sized types for local varaibles and convert to smaller types for static storage.
"../GrLib/grlib/image.c", line 278: remark #2623-D: (ULP 5.4) Detected an assignment to a type with size less than int. To avoid unnecessary sign extension, use int-sized types for local varaibles and convert to smaller types for static storage.
"../GrLib/grlib/image.c", line 280: remark #2623-D: (ULP 5.4) Detected an assignment to a type with size less than int. To avoid unnecessary sign extension, use int-sized types for local varaibles and convert to smaller types for static storage.
"../GrLib/grlib/image.c", line 285: remark #2623-D: (ULP 5.4) Detected an assignment to a type with size less than int. To avoid unnecessary sign extension, use int-sized types for local varaibles and convert to smaller types for static storage.
"../GrLib/grlib/image.c", line 287: remark #2623-D: (ULP 5.4) Detected an assignment to a type with size less than int. To avoid unnecessary sign extension, use int-sized types for local varaibles and convert to smaller types for static storage.
"../GrLib/grlib/image.c", line 292: remark #2623-D: (ULP 5.4) Detected an assignment to a type with size less than int. To avoid unnecessary sign extension, use int-sized types for local varaibles and convert to smaller types for static storage.
"../GrLib/grlib/image.c", line 224: remark #2623-D: (ULP 5.4) Detected an assignment to a type with size less than int. To avoid unnecessary sign extension, use int-sized types for local varaibles and convert to smaller types for static storage.
"../GrLib/grlib/image.c", line 226: remark #2623-D: (ULP 5.4) Detected an assignment to a type with size less than int. To avoid unnecessary sign extension, use int-sized types for local varaibles and convert to smaller types for static storage.
"../GrLib/grlib/image.c", line 240: remark #2623-D: (ULP 5.4) Detected an assignment to a type with size less than int. To avoid unnecessary sign extension, use int-sized types for local varaibles and convert to smaller types for static storage.
"../GrLib/grlib/image.c", line 246: remark #2623-D: (ULP 5.4) Detected an assignment to a type with size less than int. To avoid unnecessary sign extension, use int-sized types for local varaibles and convert to smaller types for static storage.
"../GrLib/grlib/image.c", line 248: remark #2623-D: (ULP 5.4) Detected an assignment to a type with size less than int. To avoid unnecessary sign extension, use int-sized types for local varaibles and convert to smaller types for static storage.
"../GrLib/grlib/image.c", line 267: remark #2623-D: (ULP 5.4) Detected an assignment to a type with size less than int. To avoid unnecessary sign extension, use int-sized types for local varaibles and convert to smaller types for static storage.
"../GrLib/grlib/image.c", line 269: remark #2623-D: (ULP 5.4) Detected an assignment to a type with size less than int. To avoid unnecessary sign extension, use int-sized types for local varaibles and convert to smaller types for static storage.
"../GrLib/grlib/image.c", line 276: remark #2623-D: (ULP 5.4) Detected an assignment to a type with size less than int. To avoid unnecessary sign extension, use int-sized types for local varaibles and convert to smaller types for static storage.
"../GrLib/grlib/image.c", line 278: remark #2623-D: (ULP 5.4) Detected an assignment to a type with size less than int. To avoid unnecessary sign extension, use int-sized types for local varaibles and convert to smaller types for static storage.
"../GrLib/grlib/image.c", line 280: remark #2623-D: (ULP 5.4) Detected an assignment to a type with size less than int. To avoid unnecessary sign extension, use int-sized types for local varaibles and convert to smaller types for static storage.
"../GrLib/grlib/image.c", line 285: remark #2623-D: (ULP 5.4) Detected an assignment to a type with size less than int. To avoid unnecessary sign extension, use int-sized types for local varaibles and convert to smaller types for static storage.
"../GrLib/grlib/image.c", line 287: remark #2623-D: (ULP 5.4) Detected an assignment to a type with size less than int. To avoid unnecessary sign extension, use int-sized types for local varaibles and convert to smaller types for static storage.
"../GrLib/grlib/image.c", line 292: remark #2623-D: (ULP 5.4) Detected an assignment to a type with size less than int. To avoid unnecessary sign extension, use int-sized types for local varaibles and convert to smaller types for static storage.
Finished building: ../GrLib/grlib/image.c
 
Building file: ../GrLib/grlib/imageButton.c
Invoking: MSP432 Compiler
"/Applications/ti/ccsv6/tools/compiler/ti-cgt-arm_5.2.6/bin/armcl" -mv7M4 --code_state=16 --float_support=FPv4SPD16 --abi=eabi -me --include_path="/Applications/ti/ccsv6/ccs_base/arm/include" --include_path="/Applications/ti/ccsv6/ccs_base/arm/include/CMSIS" --include_path="/Users/marybiggs/Desktop/ECE461/BOOSTXL-EDUMKII_LightSensor_MSP432P401R" --include_path="/Users/marybiggs/Desktop/ECE461/BOOSTXL-EDUMKII_LightSensor_MSP432P401R/driverlib/MSP432P4xx" --include_path="/Users/marybiggs/Desktop/ECE461/BOOSTXL-EDUMKII_LightSensor_MSP432P401R/GrLib/grlib" --include_path="/Users/marybiggs/Desktop/ECE461/BOOSTXL-EDUMKII_LightSensor_MSP432P401R/GrLib/fonts" --include_path="/Users/marybiggs/Desktop/ECE461/BOOSTXL-EDUMKII_LightSensor_MSP432P401R/LcdDriver" --include_path="/Applications/ti/ccsv6/tools/compiler/ti-cgt-arm_5.2.6/include" --advice:power=all -g --gcc --define=__MSP432P401R__ --define=TARGET_IS_MSP432P4XX --define=ccs --display_error_number --diag_warning=225 --diag_wrap=off --preproc_with_compile --preproc_dependency="GrLib/grlib/imageButton.pp" --obj_directory="GrLib/grlib"  "../GrLib/grlib/imageButton.c"
Finished building: ../GrLib/grlib/imageButton.c
 
Building file: ../GrLib/grlib/line.c
Invoking: MSP432 Compiler
"/Applications/ti/ccsv6/tools/compiler/ti-cgt-arm_5.2.6/bin/armcl" -mv7M4 --code_state=16 --float_support=FPv4SPD16 --abi=eabi -me --include_path="/Applications/ti/ccsv6/ccs_base/arm/include" --include_path="/Applications/ti/ccsv6/ccs_base/arm/include/CMSIS" --include_path="/Users/marybiggs/Desktop/ECE461/BOOSTXL-EDUMKII_LightSensor_MSP432P401R" --include_path="/Users/marybiggs/Desktop/ECE461/BOOSTXL-EDUMKII_LightSensor_MSP432P401R/driverlib/MSP432P4xx" --include_path="/Users/marybiggs/Desktop/ECE461/BOOSTXL-EDUMKII_LightSensor_MSP432P401R/GrLib/grlib" --include_path="/Users/marybiggs/Desktop/ECE461/BOOSTXL-EDUMKII_LightSensor_MSP432P401R/GrLib/fonts" --include_path="/Users/marybiggs/Desktop/ECE461/BOOSTXL-EDUMKII_LightSensor_MSP432P401R/LcdDriver" --include_path="/Applications/ti/ccsv6/tools/compiler/ti-cgt-arm_5.2.6/include" --advice:power=all -g --gcc --define=__MSP432P401R__ --define=TARGET_IS_MSP432P4XX --define=ccs --display_error_number --diag_warning=225 --diag_wrap=off --preproc_with_compile --preproc_dependency="GrLib/grlib/line.pp" --obj_directory="GrLib/grlib"  "../GrLib/grlib/line.c"
Finished building: ../GrLib/grlib/line.c
 
Building file: ../GrLib/grlib/radioButton.c
Invoking: MSP432 Compiler
"/Applications/ti/ccsv6/tools/compiler/ti-cgt-arm_5.2.6/bin/armcl" -mv7M4 --code_state=16 --float_support=FPv4SPD16 --abi=eabi -me --include_path="/Applications/ti/ccsv6/ccs_base/arm/include" --include_path="/Applications/ti/ccsv6/ccs_base/arm/include/CMSIS" --include_path="/Users/marybiggs/Desktop/ECE461/BOOSTXL-EDUMKII_LightSensor_MSP432P401R" --include_path="/Users/marybiggs/Desktop/ECE461/BOOSTXL-EDUMKII_LightSensor_MSP432P401R/driverlib/MSP432P4xx" --include_path="/Users/marybiggs/Desktop/ECE461/BOOSTXL-EDUMKII_LightSensor_MSP432P401R/GrLib/grlib" --include_path="/Users/marybiggs/Desktop/ECE461/BOOSTXL-EDUMKII_LightSensor_MSP432P401R/GrLib/fonts" --include_path="/Users/marybiggs/Desktop/ECE461/BOOSTXL-EDUMKII_LightSensor_MSP432P401R/LcdDriver" --include_path="/Applications/ti/ccsv6/tools/compiler/ti-cgt-arm_5.2.6/include" --advice:power=all -g --gcc --define=__MSP432P401R__ --define=TARGET_IS_MSP432P4XX --define=ccs --display_error_number --diag_warning=225 --diag_wrap=off --preproc_with_compile --preproc_dependency="GrLib/grlib/radioButton.pp" --obj_directory="GrLib/grlib"  "../GrLib/grlib/radioButton.c"
"../GrLib/grlib/radioButton.c", line 38: remark #2623-D: (ULP 5.4) Detected an assignment to a type with size less than int. To avoid unnecessary sign extension, use int-sized types for local varaibles and convert to smaller types for static storage.
"../GrLib/grlib/radioButton.c", line 47: remark #2623-D: (ULP 5.4) Detected an assignment to a type with size less than int. To avoid unnecessary sign extension, use int-sized types for local varaibles and convert to smaller types for static storage.
"../GrLib/grlib/radioButton.c", line 54: remark #2623-D: (ULP 5.4) Detected an assignment to a type with size less than int. To avoid unnecessary sign extension, use int-sized types for local varaibles and convert to smaller types for static storage.
"../GrLib/grlib/radioButton.c", line 126: remark #2623-D: (ULP 5.4) Detected an assignment to a type with size less than int. To avoid unnecessary sign extension, use int-sized types for local varaibles and convert to smaller types for static storage.
"../GrLib/grlib/radioButton.c", line 127: remark #2623-D: (ULP 5.4) Detected an assignment to a type with size less than int. To avoid unnecessary sign extension, use int-sized types for local varaibles and convert to smaller types for static storage.
"../GrLib/grlib/radioButton.c", line 162: remark #2623-D: (ULP 5.4) Detected an assignment to a type with size less than int. To avoid unnecessary sign extension, use int-sized types for local varaibles and convert to smaller types for static storage.
"../GrLib/grlib/radioButton.c", line 163: remark #2623-D: (ULP 5.4) Detected an assignment to a type with size less than int. To avoid unnecessary sign extension, use int-sized types for local varaibles and convert to smaller types for static storage.
Finished building: ../GrLib/grlib/radioButton.c
 
Building file: ../GrLib/grlib/rectangle.c
Invoking: MSP432 Compiler
"/Applications/ti/ccsv6/tools/compiler/ti-cgt-arm_5.2.6/bin/armcl" -mv7M4 --code_state=16 --float_support=FPv4SPD16 --abi=eabi -me --include_path="/Applications/ti/ccsv6/ccs_base/arm/include" --include_path="/Applications/ti/ccsv6/ccs_base/arm/include/CMSIS" --include_path="/Users/marybiggs/Desktop/ECE461/BOOSTXL-EDUMKII_LightSensor_MSP432P401R" --include_path="/Users/marybiggs/Desktop/ECE461/BOOSTXL-EDUMKII_LightSensor_MSP432P401R/driverlib/MSP432P4xx" --include_path="/Users/marybiggs/Desktop/ECE461/BOOSTXL-EDUMKII_LightSensor_MSP432P401R/GrLib/grlib" --include_path="/Users/marybiggs/Desktop/ECE461/BOOSTXL-EDUMKII_LightSensor_MSP432P401R/GrLib/fonts" --include_path="/Users/marybiggs/Desktop/ECE461/BOOSTXL-EDUMKII_LightSensor_MSP432P401R/LcdDriver" --include_path="/Applications/ti/ccsv6/tools/compiler/ti-cgt-arm_5.2.6/include" --advice:power=all -g --gcc --define=__MSP432P401R__ --define=TARGET_IS_MSP432P4XX --define=ccs --display_error_number --diag_warning=225 --diag_wrap=off --preproc_with_compile --preproc_dependency="GrLib/grlib/rectangle.pp" --obj_directory="GrLib/grlib"  "../GrLib/grlib/rectangle.c"
Finished building: ../GrLib/grlib/rectangle.c
 
Building file: ../GrLib/grlib/string.c
Invoking: MSP432 Compiler
"/Applications/ti/ccsv6/tools/compiler/ti-cgt-arm_5.2.6/bin/armcl" -mv7M4 --code_state=16 --float_support=FPv4SPD16 --abi=eabi -me --include_path="/Applications/ti/ccsv6/ccs_base/arm/include" --include_path="/Applications/ti/ccsv6/ccs_base/arm/include/CMSIS" --include_path="/Users/marybiggs/Desktop/ECE461/BOOSTXL-EDUMKII_LightSensor_MSP432P401R" --include_path="/Users/marybiggs/Desktop/ECE461/BOOSTXL-EDUMKII_LightSensor_MSP432P401R/driverlib/MSP432P4xx" --include_path="/Users/marybiggs/Desktop/ECE461/BOOSTXL-EDUMKII_LightSensor_MSP432P401R/GrLib/grlib" --include_path="/Users/marybiggs/Desktop/ECE461/BOOSTXL-EDUMKII_LightSensor_MSP432P401R/GrLib/fonts" --include_path="/Users/marybiggs/Desktop/ECE461/BOOSTXL-EDUMKII_LightSensor_MSP432P401R/LcdDriver" --include_path="/Applications/ti/ccsv6/tools/compiler/ti-cgt-arm_5.2.6/include" --advice:power=all -g --gcc --define=__MSP432P401R__ --define=TARGET_IS_MSP432P4XX --define=ccs --display_error_number --diag_warning=225 --diag_wrap=off --preproc_with_compile --preproc_dependency="GrLib/grlib/string.pp" --obj_directory="GrLib/grlib"  "../GrLib/grlib/string.c"
Finished building: ../GrLib/grlib/string.c
 
Building file: ../GrLib/fonts/fontfixed6x8.c
Invoking: MSP432 Compiler
"/Applications/ti/ccsv6/tools/compiler/ti-cgt-arm_5.2.6/bin/armcl" -mv7M4 --code_state=16 --float_support=FPv4SPD16 --abi=eabi -me --include_path="/Applications/ti/ccsv6/ccs_base/arm/include" --include_path="/Applications/ti/ccsv6/ccs_base/arm/include/CMSIS" --include_path="/Users/marybiggs/Desktop/ECE461/BOOSTXL-EDUMKII_LightSensor_MSP432P401R" --include_path="/Users/marybiggs/Desktop/ECE461/BOOSTXL-EDUMKII_LightSensor_MSP432P401R/driverlib/MSP432P4xx" --include_path="/Users/marybiggs/Desktop/ECE461/BOOSTXL-EDUMKII_LightSensor_MSP432P401R/GrLib/grlib" --include_path="/Users/marybiggs/Desktop/ECE461/BOOSTXL-EDUMKII_LightSensor_MSP432P401R/GrLib/fonts" --include_path="/Users/marybiggs/Desktop/ECE461/BOOSTXL-EDUMKII_LightSensor_MSP432P401R/LcdDriver" --include_path="/Applications/ti/ccsv6/tools/compiler/ti-cgt-arm_5.2.6/include" --advice:power=all -g --gcc --define=__MSP432P401R__ --define=TARGET_IS_MSP432P4XX --define=ccs --display_error_number --diag_warning=225 --diag_wrap=off --preproc_with_compile --preproc_dependency="GrLib/fonts/fontfixed6x8.pp" --obj_directory="GrLib/fonts"  "../GrLib/fonts/fontfixed6x8.c"
Finished building: ../GrLib/fonts/fontfixed6x8.c
gmake: Target 'all' not remade because of errors.
 

**** Build Finished ****
